#
# A fatal error has been detected by the Java Runtime Environment:
#
#  SIGSEGV (0xb) at pc=0x00000001338ae164, pid=95185, tid=5891
#
# JRE version: OpenJDK Runtime Environment AdoptOpenJDK (11.0.10+9) (build 11.0.10+9)
# Java VM: OpenJDK 64-Bit Server VM AdoptOpenJDK (11.0.10+9, mixed mode, tiered, compressed oops, g1 gc, bsd-amd64)
# Problematic frame:
# C  [librocksdbjni8132063967981295170.jnilib+0x21164]  rocksdb_get_helper(JNIEnv_*, rocksdb::DB*, rocksdb::ReadOptions const&, rocksdb::ColumnFamilyHandle*, _jbyteArray*, int, int)+0xf4
#
# No core dump will be written. Core dumps have been disabled. To enable core dumping, try "ulimit -c unlimited" before starting Java again
#
# If you would like to submit a bug report, please visit:
#   https://github.com/AdoptOpenJDK/openjdk-support/issues
# The crash happened outside the Java Virtual Machine in native code.
# See problematic frame for where to report the bug.
#

---------------  S U M M A R Y ------------

Command Line: mypackage/Crawler

Host: iMac20,1 x86_64 3800 MHz, 16 cores, 16G, Darwin 20.3.0
Time: Sun May  2 19:50:39 2021 HKT elapsed time: 9.874201 seconds (0d 0h 0m 9s)

---------------  T H R E A D  ---------------

Current thread (0x00007fd4f0808800):  JavaThread "main" [_thread_in_native, id=5891, stack(0x000070000bae6000,0x000070000bbe6000)]

Stack: [0x000070000bae6000,0x000070000bbe6000],  sp=0x000070000bbe5650,  free space=1021k
Native frames: (J=compiled Java code, A=aot compiled Java code, j=interpreted, Vv=VM code, C=native code)
C  [librocksdbjni8132063967981295170.jnilib+0x21164]  rocksdb_get_helper(JNIEnv_*, rocksdb::DB*, rocksdb::ReadOptions const&, rocksdb::ColumnFamilyHandle*, _jbyteArray*, int, int)+0xf4
C  [librocksdbjni8132063967981295170.jnilib+0x212cb]  Java_org_rocksdb_RocksDB_get__J_3BII+0x5b
J 1954  org.rocksdb.RocksDB.get(J[BII)[B (0 bytes) @ 0x000000011e8c9519 [0x000000011e8c9440+0x00000000000000d9]
J 3067 c2 mypackage.InvertedIndex.getDocIDbyURL(Ljava/lang/String;)Ljava/lang/String; (44 bytes) @ 0x000000011ea37a8c [0x000000011ea378a0+0x00000000000001ec]
j  mypackage.InvertedIndex.getMetadata(Ljava/lang/String;)Ljava/util/Vector;+10
j  mypackage.InvertedIndex.getTitlebyURL(Ljava/lang/String;)Ljava/lang/String;+2
j  mypackage.Crawler.getInfo(Lmypackage/Crawler;Lmypackage/InvertedIndex;)Ljava/lang/String;+42
j  mypackage.Crawler.main([Ljava/lang/String;)V+323
v  ~StubRoutines::call_stub
V  [libjvm.dylib+0x3b0b2c]  JavaCalls::call_helper(JavaValue*, methodHandle const&, JavaCallArguments*, Thread*)+0x21a
V  [libjvm.dylib+0x3f5982]  jni_invoke_static(JNIEnv_*, JavaValue*, _jobject*, JNICallType, _jmethodID*, JNI_ArgumentPusher*, Thread*)+0x10a
V  [libjvm.dylib+0x3f9172]  jni_CallStaticVoidMethod+0x1d2
C  [libjli.dylib+0x4b29]  JavaMain+0xab0
C  [libsystem_pthread.dylib+0x6950]  _pthread_start+0xe0
C  [libsystem_pthread.dylib+0x247b]  thread_start+0xf

Java frames: (J=compiled Java code, j=interpreted, Vv=VM code)
J 1954  org.rocksdb.RocksDB.get(J[BII)[B (0 bytes) @ 0x000000011e8c949c [0x000000011e8c9440+0x000000000000005c]
J 3067 c2 mypackage.InvertedIndex.getDocIDbyURL(Ljava/lang/String;)Ljava/lang/String; (44 bytes) @ 0x000000011ea37a8c [0x000000011ea378a0+0x00000000000001ec]
j  mypackage.InvertedIndex.getMetadata(Ljava/lang/String;)Ljava/util/Vector;+10
j  mypackage.InvertedIndex.getTitlebyURL(Ljava/lang/String;)Ljava/lang/String;+2
j  mypackage.Crawler.getInfo(Lmypackage/Crawler;Lmypackage/InvertedIndex;)Ljava/lang/String;+42
j  mypackage.Crawler.main([Ljava/lang/String;)V+323
v  ~StubRoutines::call_stub

siginfo: si_signo: 11 (SIGSEGV), si_code: 1 (SEGV_MAPERR), si_addr: 0x00000000000000b0

Register to memory mapping:

RAX=0x0 is NULL
RBX=0x00007fd4f0808b48 points into unknown readable memory: 0x000000010e179f08 | 08 9f 17 0e 01 00 00 00
RCX=0x000070000bbe5650 is pointing into the stack for thread: 0x00007fd4f0808800
RDX=0x000070000bbe5710 is pointing into the stack for thread: 0x00007fd4f0808800
RSP=0x000070000bbe5650 is pointing into the stack for thread: 0x00007fd4f0808800
RBP=0x000070000bbe56f0 is pointing into the stack for thread: 0x00007fd4f0808800
RSI=0x00007fd4f00b5800 points into unknown readable memory: 0x0000000000000000 | 00 00 00 00 00 00 00 00
RDI=0x000070000bbe56a8 is pointing into the stack for thread: 0x00007fd4f0808800
R8 =0x000070000bbe5690 is pointing into the stack for thread: 0x00007fd4f0808800
R9 =0x00000000000025af is an unknown value
R10=0x00000000ffff8fff is an unknown value
R11=0x00007fcde512c578 is an unknown value
R12=0x000070000bbe5800 is pointing into the stack for thread: 0x00007fd4f0808800
R13=0x0 is NULL
R14=0x00007fd4f3d29b30 points into unknown readable memory: 0x2f2f3a7370747468 | 68 74 74 70 73 3a 2f 2f
R15=0x0000000000000037 is an unknown value


Registers:
RAX=0x0000000000000000, RBX=0x00007fd4f0808b48, RCX=0x000070000bbe5650, RDX=0x000070000bbe5710
RSP=0x000070000bbe5650, RBP=0x000070000bbe56f0, RSI=0x00007fd4f00b5800, RDI=0x000070000bbe56a8
R8 =0x000070000bbe5690, R9 =0x00000000000025af, R10=0x00000000ffff8fff, R11=0x00007fcde512c578
R12=0x000070000bbe5800, R13=0x0000000000000000, R14=0x00007fd4f3d29b30, R15=0x0000000000000037
RIP=0x00000001338ae164, EFLAGS=0x0000000000010246, ERR=0x0000000000000004
  TRAPNO=0x000000000000000e

Top of Stack: (sp=0x000070000bbe5650)
0x000070000bbe5650:   00007fd4f3d29b30 0000000000000037
0x000070000bbe5660:   0000000000000000 000070000bbe5710
0x000070000bbe5670:   00007fd4f00b5800 000000010dc2ea94
0x000070000bbe5680:   0000000131712c70 00007fd4f0808800
0x000070000bbe5690:   0000000000000000 0000000000000000
0x000070000bbe56a0:   0000000000000000 000000010e04dec5
0x000070000bbe56b0:   000070000bbe56e0 000000010d000000
0x000070000bbe56c0:   0000000000000000 00007fd4f0808b48
0x000070000bbe56d0:   00007fd4f00b5800 0000000000000037
0x000070000bbe56e0:   0000000000000000 000070000bbe5800
0x000070000bbe56f0:   000070000bbe57e0 00000001338ae2cb
0x000070000bbe5700:   0000000000000037 000001000000000e
0x000070000bbe5710:   0000000000000000 0000000000000000
0x000070000bbe5720:   0000000000000000 0000000000000000
0x000070000bbe5730:   0000000000000000 0000010100000000
0x000070000bbe5740:   0000000000000000 00007fd4efd074d0
0x000070000bbe5750:   0000000131931cb8 000070000bbe5818
0x000070000bbe5760:   000070000bbe5860 000000010dbab5f3
0x000070000bbe5770:   0000000000000000 0000000800037398
0x000070000bbe5780:   0000000000000000 0000000000000000
0x000070000bbe5790:   0000000000000000 0000000000000000
0x000070000bbe57a0:   0000000000000000 ffffffffffffffff
0x000070000bbe57b0:   d65928c5927600a5 000000070ebfd5a8
0x000070000bbe57c0:   0000000000000000 00000000e004a19c
0x000070000bbe57d0:   0000000000000000 00007fd4f0808800
0x000070000bbe57e0:   000070000bbe5830 000000011e8c9519
0x000070000bbe57f0:   0000000700250ce0 00000001318c4e38
0x000070000bbe5800:   000000070ebfd5a8 00000001318c7e08
0x000070000bbe5810:   0000000000000000 0000000131712c70
0x000070000bbe5820:   000070000bbe5898 0000000116cb9f67
0x000070000bbe5830:   0000000000000037 000000011ea37a8c
0x000070000bbe5840:   000000070016a800 000000070ebfd550 

Instructions: (pc=0x00000001338ae164)
0x00000001338ae064:   00 48 89 df e8 fb 00 46 00 0f 0b 90 55 48 89 e5
0x00000001338ae074:   41 57 41 56 41 55 41 54 53 48 83 ec 78 45 89 cd
0x00000001338ae084:   4d 89 c4 48 89 8d 70 ff ff ff 48 89 95 78 ff ff
0x00000001338ae094:   ff 48 89 75 80 48 89 fb 8b 45 10 4c 63 f8 49 83
0x00000001338ae0a4:   ff fe 48 c7 c7 ff ff ff ff 49 0f 4f ff e8 18 04
0x00000001338ae0b4:   46 00 49 89 c6 48 8b 03 48 89 df 4c 89 e6 44 89
0x00000001338ae0c4:   ea 44 89 f9 4d 89 f0 ff 90 40 06 00 00 48 8b 03
0x00000001338ae0d4:   48 89 df ff 90 20 07 00 00 84 c0 74 0f 4c 89 f7
0x00000001338ae0e4:   e8 d3 03 46 00 31 db e9 e6 00 00 00 48 8b 75 80
0x00000001338ae0f4:   48 8b 95 78 ff ff ff 4c 89 b5 60 ff ff ff c5 f8
0x00000001338ae104:   57 c0 c5 f8 29 45 a0 4c 89 bd 68 ff ff ff 48 c7
0x00000001338ae114:   45 b0 00 00 00 00 66 c7 45 c8 00 00 c6 45 ca 00
0x00000001338ae124:   48 c7 45 d0 00 00 00 00 48 8b 8d 70 ff ff ff 48
0x00000001338ae134:   85 c9 74 1a 48 8b 06 48 8d 7d b8 4c 8d 85 60 ff
0x00000001338ae144:   ff ff 4c 8d 4d a0 ff 90 a0 00 00 00 eb 18 48 8b
0x00000001338ae154:   06 48 8d 7d b8 48 8d 8d 60 ff ff ff 4c 8d 45 a0
0x00000001338ae164:   ff 90 b0 00 00 00 8a 45 b8 88 45 c8 c6 45 b8 00
0x00000001338ae174:   0f b7 45 b9 66 89 45 c9 66 c7 45 b9 00 00 48 8b
0x00000001338ae184:   7d d0 48 85 ff 74 05 e8 2c 03 46 00 48 8b 45 c0
0x00000001338ae194:   48 89 45 d0 4c 89 f7 e8 1c 03 46 00 8a 45 c8 84
0x00000001338ae1a4:   c0 74 41 3c 01 74 0c 48 8d 75 c8 48 89 df e8 69
0x00000001338ae1b4:   fd fd ff 31 db 48 8b 7d d0 48 85 ff 74 05 e8 f5
0x00000001338ae1c4:   02 46 00 f6 45 a0 01 74 09 48 8b 7d b0 e8 ec 02
0x00000001338ae1d4:   46 00 48 89 d8 48 83 c4 78 5b 41 5c 41 5d 41 5e
0x00000001338ae1e4:   41 5f 5d c3 48 8d 7d 88 48 8d 75 a0 e8 db 00 46
0x00000001338ae1f4:   00 0f b6 55 88 f6 c2 01 74 0a 48 8b 75 98 48 8b
0x00000001338ae204:   55 90 eb 07 48 d1 ea 48 8d 75 89 48 89 df e8 29
0x00000001338ae214:   28 fe ff 48 89 c3 f6 45 88 01 74 99 48 8b 7d 98
0x00000001338ae224:   e8 99 02 46 00 eb 8e 48 89 c3 f6 45 88 01 74 14
0x00000001338ae234:   48 8b 7d 98 e8 85 02 46 00 eb 09 eb 04 eb 02 eb
0x00000001338ae244:   00 48 89 c3 48 8b 7d d0 48 85 ff 74 05 e8 66 02
0x00000001338ae254:   46 00 f6 45 a0 01 74 09 48 8b 7d b0 e8 5d 02 46 


Stack slot to memory mapping:
stack at sp + 0 slots: 0x00007fd4f3d29b30 points into unknown readable memory: 0x2f2f3a7370747468 | 68 74 74 70 73 3a 2f 2f
stack at sp + 1 slots: 0x0000000000000037 is an unknown value
stack at sp + 2 slots: 0x0 is NULL
stack at sp + 3 slots: 0x000070000bbe5710 is pointing into the stack for thread: 0x00007fd4f0808800
stack at sp + 4 slots: 0x00007fd4f00b5800 points into unknown readable memory: 0x0000000000000000 | 00 00 00 00 00 00 00 00
stack at sp + 5 slots: 0x000000010dc2ea94: _ZN12ConstantPool8klass_atEiP6Thread+0x58 in /Library/Java/JavaVirtualMachines/adoptopenjdk-11.jdk/Contents/Home/lib/server/libjvm.dylib at 0x000000010d800000
stack at sp + 6 slots: {method} {0x0000000131712c70} '<init>' '()V' in 'java/util/Vector'
stack at sp + 7 slots: 0x00007fd4f0808800 is a thread


---------------  P R O C E S S  ---------------

Threads class SMR info:
_java_thread_list=0x00007fd4f184d5a0, length=13, elements={
0x00007fd4f0808800, 0x00007fd4f1019000, 0x00007fd4f0011800, 0x00007fd4f0010000,
0x00007fd4f0026000, 0x00007fd4f0026800, 0x00007fd4f0027800, 0x00007fd4f0028800,
0x00007fd4f007b800, 0x00007fd4f1010800, 0x00007fd4f6814000, 0x00007fd4f0a3d800,
0x00007fd4f207b800
}

Java Threads: ( => current thread )
=>0x00007fd4f0808800 JavaThread "main" [_thread_in_native, id=5891, stack(0x000070000bae6000,0x000070000bbe6000)]
  0x00007fd4f1019000 JavaThread "Reference Handler" daemon [_thread_blocked, id=13827, stack(0x000070000c1fb000,0x000070000c2fb000)]
  0x00007fd4f0011800 JavaThread "Finalizer" daemon [_thread_blocked, id=14595, stack(0x000070000c2fe000,0x000070000c3fe000)]
  0x00007fd4f0010000 JavaThread "Signal Dispatcher" daemon [_thread_blocked, id=22275, stack(0x000070000c507000,0x000070000c607000)]
  0x00007fd4f0026000 JavaThread "Service Thread" daemon [_thread_blocked, id=42755, stack(0x000070000c60a000,0x000070000c70a000)]
  0x00007fd4f0026800 JavaThread "C2 CompilerThread0" daemon [_thread_blocked, id=42243, stack(0x000070000c70d000,0x000070000c80d000)]
  0x00007fd4f0027800 JavaThread "C1 CompilerThread0" daemon [_thread_blocked, id=41731, stack(0x000070000c810000,0x000070000c910000)]
  0x00007fd4f0028800 JavaThread "Sweeper thread" daemon [_thread_blocked, id=41219, stack(0x000070000c913000,0x000070000ca13000)]
  0x00007fd4f007b800 JavaThread "Common-Cleaner" daemon [_thread_blocked, id=39683, stack(0x000070000cc1c000,0x000070000cd1c000)]
  0x00007fd4f1010800 JavaThread "process reaper" daemon [_thread_blocked, id=24067, stack(0x000070000cd1f000,0x000070000cd43000)]
  0x00007fd4f6814000 JavaThread "C1 CompilerThread1" daemon [_thread_blocked, id=38947, stack(0x000070000ce4c000,0x000070000cf4c000)]
  0x00007fd4f0a3d800 JavaThread "Keep-Alive-Timer" daemon [_thread_blocked, id=24839, stack(0x000070000cf4f000,0x000070000d04f000)]
  0x00007fd4f207b800 JavaThread "C1 CompilerThread2" daemon [_thread_blocked, id=25347, stack(0x000070000d052000,0x000070000d152000)]

Other Threads:
  0x00007fd4f095f800 VMThread "VM Thread" [stack: 0x000070000c0f8000,0x000070000c1f8000] [id=13315]
  0x00007fd4f006f800 WatcherThread [stack: 0x000070000cb19000,0x000070000cc19000] [id=40195]
  0x00007fd4f080b000 GCTaskThread "GC Thread#0" [stack: 0x000070000bbe9000,0x000070000bce9000] [id=20483]
  0x00007fd4f025a000 GCTaskThread "GC Thread#1" [stack: 0x000070000d155000,0x000070000d255000] [id=38147]
  0x00007fd4f4850800 GCTaskThread "GC Thread#2" [stack: 0x000070000d258000,0x000070000d358000] [id=25859]
  0x00007fd4f487f800 GCTaskThread "GC Thread#3" [stack: 0x000070000d35b000,0x000070000d45b000] [id=26115]
  0x00007fd4f596b800 GCTaskThread "GC Thread#4" [stack: 0x000070000d45e000,0x000070000d55e000] [id=26371]
  0x00007fd4f596c000 GCTaskThread "GC Thread#5" [stack: 0x000070000d561000,0x000070000d661000] [id=26627]
  0x00007fd4f084e800 ConcurrentGCThread "G1 Main Marker" [stack: 0x000070000bcec000,0x000070000bdec000] [id=20227]
  0x00007fd4f084f800 ConcurrentGCThread "G1 Conc#0" [stack: 0x000070000bdef000,0x000070000beef000] [id=19715]
  0x00007fd4f0904000 ConcurrentGCThread "G1 Refine#0" [stack: 0x000070000bef2000,0x000070000bff2000] [id=19459]
  0x00007fd4f0905000 ConcurrentGCThread "G1 Young RemSet Sampling" [stack: 0x000070000bff5000,0x000070000c0f5000] [id=19203]

Threads with active compile tasks:

VM state:not at safepoint (normal execution)

VM Mutex/Monitor currently owned by a thread: None

Heap address: 0x0000000700000000, size: 4096 MB, Compressed Oops mode: Zero based, Oop shift amount: 3
Narrow klass base: 0x0000000800000000, Narrow klass shift: 0
Compressed class space size: 1073741824 Address: 0x0000000800000000

Heap:
 garbage-first heap   total 262144K, used 26916K [0x0000000700000000, 0x0000000800000000)
  region size 1024K, 24 young (24576K), 2 survivors (2048K)
 Metaspace       used 18730K, capacity 19141K, committed 19456K, reserved 1067008K
  class space    used 1829K, capacity 2008K, committed 2048K, reserved 1048576K
Heap Regions: E=young(eden), S=young(survivor), O=old, HS=humongous(starts), HC=humongous(continues), CS=collection set, F=free, A=archive, TAMS=top-at-mark-start (previous, next)
|   0|0x0000000700000000, 0x0000000700100000, 0x0000000700100000|100%| O|  |TAMS 0x0000000700000000, 0x0000000700000000| Untracked 
|   1|0x0000000700100000, 0x0000000700200000, 0x0000000700200000|100%| O|  |TAMS 0x0000000700100000, 0x0000000700100000| Untracked 
|   2|0x0000000700200000, 0x0000000700300000, 0x0000000700300000|100%| O|  |TAMS 0x0000000700200000, 0x0000000700200000| Untracked 
|   3|0x0000000700300000, 0x00000007003f4000, 0x0000000700400000| 95%| O|  |TAMS 0x0000000700300000, 0x0000000700300000| Untracked 
|   4|0x0000000700400000, 0x0000000700400000, 0x0000000700500000|  0%| F|  |TAMS 0x0000000700400000, 0x0000000700400000| Untracked 
|   5|0x0000000700500000, 0x0000000700500000, 0x0000000700600000|  0%| F|  |TAMS 0x0000000700500000, 0x0000000700500000| Untracked 
|   6|0x0000000700600000, 0x0000000700600000, 0x0000000700700000|  0%| F|  |TAMS 0x0000000700600000, 0x0000000700600000| Untracked 
|   7|0x0000000700700000, 0x0000000700700000, 0x0000000700800000|  0%| F|  |TAMS 0x0000000700700000, 0x0000000700700000| Untracked 
|   8|0x0000000700800000, 0x0000000700800000, 0x0000000700900000|  0%| F|  |TAMS 0x0000000700800000, 0x0000000700800000| Untracked 
|   9|0x0000000700900000, 0x0000000700900000, 0x0000000700a00000|  0%| F|  |TAMS 0x0000000700900000, 0x0000000700900000| Untracked 
|  10|0x0000000700a00000, 0x0000000700a00000, 0x0000000700b00000|  0%| F|  |TAMS 0x0000000700a00000, 0x0000000700a00000| Untracked 
|  11|0x0000000700b00000, 0x0000000700b00000, 0x0000000700c00000|  0%| F|  |TAMS 0x0000000700b00000, 0x0000000700b00000| Untracked 
|  12|0x0000000700c00000, 0x0000000700c00000, 0x0000000700d00000|  0%| F|  |TAMS 0x0000000700c00000, 0x0000000700c00000| Untracked 
|  13|0x0000000700d00000, 0x0000000700d00000, 0x0000000700e00000|  0%| F|  |TAMS 0x0000000700d00000, 0x0000000700d00000| Untracked 
|  14|0x0000000700e00000, 0x0000000700e00000, 0x0000000700f00000|  0%| F|  |TAMS 0x0000000700e00000, 0x0000000700e00000| Untracked 
|  15|0x0000000700f00000, 0x0000000700f00000, 0x0000000701000000|  0%| F|  |TAMS 0x0000000700f00000, 0x0000000700f00000| Untracked 
|  16|0x0000000701000000, 0x0000000701000000, 0x0000000701100000|  0%| F|  |TAMS 0x0000000701000000, 0x0000000701000000| Untracked 
|  17|0x0000000701100000, 0x0000000701100000, 0x0000000701200000|  0%| F|  |TAMS 0x0000000701100000, 0x0000000701100000| Untracked 
|  18|0x0000000701200000, 0x0000000701200000, 0x0000000701300000|  0%| F|  |TAMS 0x0000000701200000, 0x0000000701200000| Untracked 
|  19|0x0000000701300000, 0x0000000701300000, 0x0000000701400000|  0%| F|  |TAMS 0x0000000701300000, 0x0000000701300000| Untracked 
|  20|0x0000000701400000, 0x0000000701400000, 0x0000000701500000|  0%| F|  |TAMS 0x0000000701400000, 0x0000000701400000| Untracked 
|  21|0x0000000701500000, 0x0000000701500000, 0x0000000701600000|  0%| F|  |TAMS 0x0000000701500000, 0x0000000701500000| Untracked 
|  22|0x0000000701600000, 0x0000000701600000, 0x0000000701700000|  0%| F|  |TAMS 0x0000000701600000, 0x0000000701600000| Untracked 
|  23|0x0000000701700000, 0x0000000701700000, 0x0000000701800000|  0%| F|  |TAMS 0x0000000701700000, 0x0000000701700000| Untracked 
|  24|0x0000000701800000, 0x0000000701800000, 0x0000000701900000|  0%| F|  |TAMS 0x0000000701800000, 0x0000000701800000| Untracked 
|  25|0x0000000701900000, 0x0000000701900000, 0x0000000701a00000|  0%| F|  |TAMS 0x0000000701900000, 0x0000000701900000| Untracked 
|  26|0x0000000701a00000, 0x0000000701a00000, 0x0000000701b00000|  0%| F|  |TAMS 0x0000000701a00000, 0x0000000701a00000| Untracked 
|  27|0x0000000701b00000, 0x0000000701b00000, 0x0000000701c00000|  0%| F|  |TAMS 0x0000000701b00000, 0x0000000701b00000| Untracked 
|  28|0x0000000701c00000, 0x0000000701c00000, 0x0000000701d00000|  0%| F|  |TAMS 0x0000000701c00000, 0x0000000701c00000| Untracked 
|  29|0x0000000701d00000, 0x0000000701d00000, 0x0000000701e00000|  0%| F|  |TAMS 0x0000000701d00000, 0x0000000701d00000| Untracked 
|  30|0x0000000701e00000, 0x0000000701e00000, 0x0000000701f00000|  0%| F|  |TAMS 0x0000000701e00000, 0x0000000701e00000| Untracked 
|  31|0x0000000701f00000, 0x0000000701f00000, 0x0000000702000000|  0%| F|  |TAMS 0x0000000701f00000, 0x0000000701f00000| Untracked 
|  32|0x0000000702000000, 0x0000000702000000, 0x0000000702100000|  0%| F|  |TAMS 0x0000000702000000, 0x0000000702000000| Untracked 
|  33|0x0000000702100000, 0x0000000702100000, 0x0000000702200000|  0%| F|  |TAMS 0x0000000702100000, 0x0000000702100000| Untracked 
|  34|0x0000000702200000, 0x0000000702200000, 0x0000000702300000|  0%| F|  |TAMS 0x0000000702200000, 0x0000000702200000| Untracked 
|  35|0x0000000702300000, 0x0000000702300000, 0x0000000702400000|  0%| F|  |TAMS 0x0000000702300000, 0x0000000702300000| Untracked 
|  36|0x0000000702400000, 0x0000000702400000, 0x0000000702500000|  0%| F|  |TAMS 0x0000000702400000, 0x0000000702400000| Untracked 
|  37|0x0000000702500000, 0x0000000702500000, 0x0000000702600000|  0%| F|  |TAMS 0x0000000702500000, 0x0000000702500000| Untracked 
|  38|0x0000000702600000, 0x0000000702600000, 0x0000000702700000|  0%| F|  |TAMS 0x0000000702600000, 0x0000000702600000| Untracked 
|  39|0x0000000702700000, 0x0000000702700000, 0x0000000702800000|  0%| F|  |TAMS 0x0000000702700000, 0x0000000702700000| Untracked 
|  40|0x0000000702800000, 0x0000000702800000, 0x0000000702900000|  0%| F|  |TAMS 0x0000000702800000, 0x0000000702800000| Untracked 
|  41|0x0000000702900000, 0x0000000702900000, 0x0000000702a00000|  0%| F|  |TAMS 0x0000000702900000, 0x0000000702900000| Untracked 
|  42|0x0000000702a00000, 0x0000000702a00000, 0x0000000702b00000|  0%| F|  |TAMS 0x0000000702a00000, 0x0000000702a00000| Untracked 
|  43|0x0000000702b00000, 0x0000000702b00000, 0x0000000702c00000|  0%| F|  |TAMS 0x0000000702b00000, 0x0000000702b00000| Untracked 
|  44|0x0000000702c00000, 0x0000000702c00000, 0x0000000702d00000|  0%| F|  |TAMS 0x0000000702c00000, 0x0000000702c00000| Untracked 
|  45|0x0000000702d00000, 0x0000000702d00000, 0x0000000702e00000|  0%| F|  |TAMS 0x0000000702d00000, 0x0000000702d00000| Untracked 
|  46|0x0000000702e00000, 0x0000000702e00000, 0x0000000702f00000|  0%| F|  |TAMS 0x0000000702e00000, 0x0000000702e00000| Untracked 
|  47|0x0000000702f00000, 0x0000000702f00000, 0x0000000703000000|  0%| F|  |TAMS 0x0000000702f00000, 0x0000000702f00000| Untracked 
|  48|0x0000000703000000, 0x0000000703000000, 0x0000000703100000|  0%| F|  |TAMS 0x0000000703000000, 0x0000000703000000| Untracked 
|  49|0x0000000703100000, 0x0000000703100000, 0x0000000703200000|  0%| F|  |TAMS 0x0000000703100000, 0x0000000703100000| Untracked 
|  50|0x0000000703200000, 0x0000000703200000, 0x0000000703300000|  0%| F|  |TAMS 0x0000000703200000, 0x0000000703200000| Untracked 
|  51|0x0000000703300000, 0x0000000703300000, 0x0000000703400000|  0%| F|  |TAMS 0x0000000703300000, 0x0000000703300000| Untracked 
|  52|0x0000000703400000, 0x0000000703400000, 0x0000000703500000|  0%| F|  |TAMS 0x0000000703400000, 0x0000000703400000| Untracked 
|  53|0x0000000703500000, 0x0000000703500000, 0x0000000703600000|  0%| F|  |TAMS 0x0000000703500000, 0x0000000703500000| Untracked 
|  54|0x0000000703600000, 0x0000000703600000, 0x0000000703700000|  0%| F|  |TAMS 0x0000000703600000, 0x0000000703600000| Untracked 
|  55|0x0000000703700000, 0x0000000703700000, 0x0000000703800000|  0%| F|  |TAMS 0x0000000703700000, 0x0000000703700000| Untracked 
|  56|0x0000000703800000, 0x0000000703800000, 0x0000000703900000|  0%| F|  |TAMS 0x0000000703800000, 0x0000000703800000| Untracked 
|  57|0x0000000703900000, 0x0000000703900000, 0x0000000703a00000|  0%| F|  |TAMS 0x0000000703900000, 0x0000000703900000| Untracked 
|  58|0x0000000703a00000, 0x0000000703a00000, 0x0000000703b00000|  0%| F|  |TAMS 0x0000000703a00000, 0x0000000703a00000| Untracked 
|  59|0x0000000703b00000, 0x0000000703b00000, 0x0000000703c00000|  0%| F|  |TAMS 0x0000000703b00000, 0x0000000703b00000| Untracked 
|  60|0x0000000703c00000, 0x0000000703c00000, 0x0000000703d00000|  0%| F|  |TAMS 0x0000000703c00000, 0x0000000703c00000| Untracked 
|  61|0x0000000703d00000, 0x0000000703d00000, 0x0000000703e00000|  0%| F|  |TAMS 0x0000000703d00000, 0x0000000703d00000| Untracked 
|  62|0x0000000703e00000, 0x0000000703e00000, 0x0000000703f00000|  0%| F|  |TAMS 0x0000000703e00000, 0x0000000703e00000| Untracked 
|  63|0x0000000703f00000, 0x0000000703f00000, 0x0000000704000000|  0%| F|  |TAMS 0x0000000703f00000, 0x0000000703f00000| Untracked 
|  64|0x0000000704000000, 0x0000000704000000, 0x0000000704100000|  0%| F|  |TAMS 0x0000000704000000, 0x0000000704000000| Untracked 
|  65|0x0000000704100000, 0x0000000704100000, 0x0000000704200000|  0%| F|  |TAMS 0x0000000704100000, 0x0000000704100000| Untracked 
|  66|0x0000000704200000, 0x0000000704200000, 0x0000000704300000|  0%| F|  |TAMS 0x0000000704200000, 0x0000000704200000| Untracked 
|  67|0x0000000704300000, 0x0000000704300000, 0x0000000704400000|  0%| F|  |TAMS 0x0000000704300000, 0x0000000704300000| Untracked 
|  68|0x0000000704400000, 0x0000000704400000, 0x0000000704500000|  0%| F|  |TAMS 0x0000000704400000, 0x0000000704400000| Untracked 
|  69|0x0000000704500000, 0x0000000704500000, 0x0000000704600000|  0%| F|  |TAMS 0x0000000704500000, 0x0000000704500000| Untracked 
|  70|0x0000000704600000, 0x0000000704600000, 0x0000000704700000|  0%| F|  |TAMS 0x0000000704600000, 0x0000000704600000| Untracked 
|  71|0x0000000704700000, 0x0000000704700000, 0x0000000704800000|  0%| F|  |TAMS 0x0000000704700000, 0x0000000704700000| Untracked 
|  72|0x0000000704800000, 0x0000000704800000, 0x0000000704900000|  0%| F|  |TAMS 0x0000000704800000, 0x0000000704800000| Untracked 
|  73|0x0000000704900000, 0x0000000704900000, 0x0000000704a00000|  0%| F|  |TAMS 0x0000000704900000, 0x0000000704900000| Untracked 
|  74|0x0000000704a00000, 0x0000000704a00000, 0x0000000704b00000|  0%| F|  |TAMS 0x0000000704a00000, 0x0000000704a00000| Untracked 
|  75|0x0000000704b00000, 0x0000000704b00000, 0x0000000704c00000|  0%| F|  |TAMS 0x0000000704b00000, 0x0000000704b00000| Untracked 
|  76|0x0000000704c00000, 0x0000000704c00000, 0x0000000704d00000|  0%| F|  |TAMS 0x0000000704c00000, 0x0000000704c00000| Untracked 
|  77|0x0000000704d00000, 0x0000000704d00000, 0x0000000704e00000|  0%| F|  |TAMS 0x0000000704d00000, 0x0000000704d00000| Untracked 
|  78|0x0000000704e00000, 0x0000000704e00000, 0x0000000704f00000|  0%| F|  |TAMS 0x0000000704e00000, 0x0000000704e00000| Untracked 
|  79|0x0000000704f00000, 0x0000000704f00000, 0x0000000705000000|  0%| F|  |TAMS 0x0000000704f00000, 0x0000000704f00000| Untracked 
|  80|0x0000000705000000, 0x0000000705000000, 0x0000000705100000|  0%| F|  |TAMS 0x0000000705000000, 0x0000000705000000| Untracked 
|  81|0x0000000705100000, 0x0000000705100000, 0x0000000705200000|  0%| F|  |TAMS 0x0000000705100000, 0x0000000705100000| Untracked 
|  82|0x0000000705200000, 0x0000000705200000, 0x0000000705300000|  0%| F|  |TAMS 0x0000000705200000, 0x0000000705200000| Untracked 
|  83|0x0000000705300000, 0x0000000705300000, 0x0000000705400000|  0%| F|  |TAMS 0x0000000705300000, 0x0000000705300000| Untracked 
|  84|0x0000000705400000, 0x0000000705400000, 0x0000000705500000|  0%| F|  |TAMS 0x0000000705400000, 0x0000000705400000| Untracked 
|  85|0x0000000705500000, 0x0000000705500000, 0x0000000705600000|  0%| F|  |TAMS 0x0000000705500000, 0x0000000705500000| Untracked 
|  86|0x0000000705600000, 0x0000000705600000, 0x0000000705700000|  0%| F|  |TAMS 0x0000000705600000, 0x0000000705600000| Untracked 
|  87|0x0000000705700000, 0x0000000705700000, 0x0000000705800000|  0%| F|  |TAMS 0x0000000705700000, 0x0000000705700000| Untracked 
|  88|0x0000000705800000, 0x0000000705800000, 0x0000000705900000|  0%| F|  |TAMS 0x0000000705800000, 0x0000000705800000| Untracked 
|  89|0x0000000705900000, 0x0000000705900000, 0x0000000705a00000|  0%| F|  |TAMS 0x0000000705900000, 0x0000000705900000| Untracked 
|  90|0x0000000705a00000, 0x0000000705a00000, 0x0000000705b00000|  0%| F|  |TAMS 0x0000000705a00000, 0x0000000705a00000| Untracked 
|  91|0x0000000705b00000, 0x0000000705b00000, 0x0000000705c00000|  0%| F|  |TAMS 0x0000000705b00000, 0x0000000705b00000| Untracked 
|  92|0x0000000705c00000, 0x0000000705c00000, 0x0000000705d00000|  0%| F|  |TAMS 0x0000000705c00000, 0x0000000705c00000| Untracked 
|  93|0x0000000705d00000, 0x0000000705d00000, 0x0000000705e00000|  0%| F|  |TAMS 0x0000000705d00000, 0x0000000705d00000| Untracked 
|  94|0x0000000705e00000, 0x0000000705e00000, 0x0000000705f00000|  0%| F|  |TAMS 0x0000000705e00000, 0x0000000705e00000| Untracked 
|  95|0x0000000705f00000, 0x0000000705f00000, 0x0000000706000000|  0%| F|  |TAMS 0x0000000705f00000, 0x0000000705f00000| Untracked 
|  96|0x0000000706000000, 0x0000000706000000, 0x0000000706100000|  0%| F|  |TAMS 0x0000000706000000, 0x0000000706000000| Untracked 
|  97|0x0000000706100000, 0x0000000706100000, 0x0000000706200000|  0%| F|  |TAMS 0x0000000706100000, 0x0000000706100000| Untracked 
|  98|0x0000000706200000, 0x0000000706200000, 0x0000000706300000|  0%| F|  |TAMS 0x0000000706200000, 0x0000000706200000| Untracked 
|  99|0x0000000706300000, 0x0000000706300000, 0x0000000706400000|  0%| F|  |TAMS 0x0000000706300000, 0x0000000706300000| Untracked 
| 100|0x0000000706400000, 0x0000000706400000, 0x0000000706500000|  0%| F|  |TAMS 0x0000000706400000, 0x0000000706400000| Untracked 
| 101|0x0000000706500000, 0x0000000706500000, 0x0000000706600000|  0%| F|  |TAMS 0x0000000706500000, 0x0000000706500000| Untracked 
| 102|0x0000000706600000, 0x00000007066552f0, 0x0000000706700000| 33%| S|CS|TAMS 0x0000000706600000, 0x0000000706600000| Complete 
| 103|0x0000000706700000, 0x0000000706700000, 0x0000000706800000|  0%| F|  |TAMS 0x0000000706700000, 0x0000000706700000| Untracked 
| 104|0x0000000706800000, 0x0000000706800000, 0x0000000706900000|  0%| F|  |TAMS 0x0000000706800000, 0x0000000706800000| Untracked 
| 105|0x0000000706900000, 0x0000000706900000, 0x0000000706a00000|  0%| F|  |TAMS 0x0000000706900000, 0x0000000706900000| Untracked 
| 106|0x0000000706a00000, 0x0000000706b00000, 0x0000000706b00000|100%| S|CS|TAMS 0x0000000706a00000, 0x0000000706a00000| Complete 
| 107|0x0000000706b00000, 0x0000000706b00000, 0x0000000706c00000|  0%| F|  |TAMS 0x0000000706b00000, 0x0000000706b00000| Untracked 
| 108|0x0000000706c00000, 0x0000000706c00000, 0x0000000706d00000|  0%| F|  |TAMS 0x0000000706c00000, 0x0000000706c00000| Untracked 
| 109|0x0000000706d00000, 0x0000000706d00000, 0x0000000706e00000|  0%| F|  |TAMS 0x0000000706d00000, 0x0000000706d00000| Untracked 
| 110|0x0000000706e00000, 0x0000000706e00000, 0x0000000706f00000|  0%| F|  |TAMS 0x0000000706e00000, 0x0000000706e00000| Untracked 
| 111|0x0000000706f00000, 0x0000000706f00000, 0x0000000707000000|  0%| F|  |TAMS 0x0000000706f00000, 0x0000000706f00000| Untracked 
| 112|0x0000000707000000, 0x0000000707000000, 0x0000000707100000|  0%| F|  |TAMS 0x0000000707000000, 0x0000000707000000| Untracked 
| 113|0x0000000707100000, 0x0000000707100000, 0x0000000707200000|  0%| F|  |TAMS 0x0000000707100000, 0x0000000707100000| Untracked 
| 114|0x0000000707200000, 0x0000000707200000, 0x0000000707300000|  0%| F|  |TAMS 0x0000000707200000, 0x0000000707200000| Untracked 
| 115|0x0000000707300000, 0x0000000707300000, 0x0000000707400000|  0%| F|  |TAMS 0x0000000707300000, 0x0000000707300000| Untracked 
| 116|0x0000000707400000, 0x0000000707400000, 0x0000000707500000|  0%| F|  |TAMS 0x0000000707400000, 0x0000000707400000| Untracked 
| 117|0x0000000707500000, 0x0000000707500000, 0x0000000707600000|  0%| F|  |TAMS 0x0000000707500000, 0x0000000707500000| Untracked 
| 118|0x0000000707600000, 0x0000000707600000, 0x0000000707700000|  0%| F|  |TAMS 0x0000000707600000, 0x0000000707600000| Untracked 
| 119|0x0000000707700000, 0x0000000707700000, 0x0000000707800000|  0%| F|  |TAMS 0x0000000707700000, 0x0000000707700000| Untracked 
| 120|0x0000000707800000, 0x0000000707800000, 0x0000000707900000|  0%| F|  |TAMS 0x0000000707800000, 0x0000000707800000| Untracked 
| 121|0x0000000707900000, 0x0000000707900000, 0x0000000707a00000|  0%| F|  |TAMS 0x0000000707900000, 0x0000000707900000| Untracked 
| 122|0x0000000707a00000, 0x0000000707a00000, 0x0000000707b00000|  0%| F|  |TAMS 0x0000000707a00000, 0x0000000707a00000| Untracked 
| 123|0x0000000707b00000, 0x0000000707b00000, 0x0000000707c00000|  0%| F|  |TAMS 0x0000000707b00000, 0x0000000707b00000| Untracked 
| 124|0x0000000707c00000, 0x0000000707c00000, 0x0000000707d00000|  0%| F|  |TAMS 0x0000000707c00000, 0x0000000707c00000| Untracked 
| 125|0x0000000707d00000, 0x0000000707d00000, 0x0000000707e00000|  0%| F|  |TAMS 0x0000000707d00000, 0x0000000707d00000| Untracked 
| 126|0x0000000707e00000, 0x0000000707e00000, 0x0000000707f00000|  0%| F|  |TAMS 0x0000000707e00000, 0x0000000707e00000| Untracked 
| 127|0x0000000707f00000, 0x0000000707f00000, 0x0000000708000000|  0%| F|  |TAMS 0x0000000707f00000, 0x0000000707f00000| Untracked 
| 128|0x0000000708000000, 0x0000000708000000, 0x0000000708100000|  0%| F|  |TAMS 0x0000000708000000, 0x0000000708000000| Untracked 
| 129|0x0000000708100000, 0x0000000708100000, 0x0000000708200000|  0%| F|  |TAMS 0x0000000708100000, 0x0000000708100000| Untracked 
| 130|0x0000000708200000, 0x0000000708200000, 0x0000000708300000|  0%| F|  |TAMS 0x0000000708200000, 0x0000000708200000| Untracked 
| 131|0x0000000708300000, 0x0000000708300000, 0x0000000708400000|  0%| F|  |TAMS 0x0000000708300000, 0x0000000708300000| Untracked 
| 132|0x0000000708400000, 0x0000000708400000, 0x0000000708500000|  0%| F|  |TAMS 0x0000000708400000, 0x0000000708400000| Untracked 
| 133|0x0000000708500000, 0x0000000708500000, 0x0000000708600000|  0%| F|  |TAMS 0x0000000708500000, 0x0000000708500000| Untracked 
| 134|0x0000000708600000, 0x0000000708600000, 0x0000000708700000|  0%| F|  |TAMS 0x0000000708600000, 0x0000000708600000| Untracked 
| 135|0x0000000708700000, 0x0000000708700000, 0x0000000708800000|  0%| F|  |TAMS 0x0000000708700000, 0x0000000708700000| Untracked 
| 136|0x0000000708800000, 0x0000000708800000, 0x0000000708900000|  0%| F|  |TAMS 0x0000000708800000, 0x0000000708800000| Untracked 
| 137|0x0000000708900000, 0x0000000708900000, 0x0000000708a00000|  0%| F|  |TAMS 0x0000000708900000, 0x0000000708900000| Untracked 
| 138|0x0000000708a00000, 0x0000000708a00000, 0x0000000708b00000|  0%| F|  |TAMS 0x0000000708a00000, 0x0000000708a00000| Untracked 
| 139|0x0000000708b00000, 0x0000000708b00000, 0x0000000708c00000|  0%| F|  |TAMS 0x0000000708b00000, 0x0000000708b00000| Untracked 
| 140|0x0000000708c00000, 0x0000000708c00000, 0x0000000708d00000|  0%| F|  |TAMS 0x0000000708c00000, 0x0000000708c00000| Untracked 
| 141|0x0000000708d00000, 0x0000000708d00000, 0x0000000708e00000|  0%| F|  |TAMS 0x0000000708d00000, 0x0000000708d00000| Untracked 
| 142|0x0000000708e00000, 0x0000000708e00000, 0x0000000708f00000|  0%| F|  |TAMS 0x0000000708e00000, 0x0000000708e00000| Untracked 
| 143|0x0000000708f00000, 0x0000000708f00000, 0x0000000709000000|  0%| F|  |TAMS 0x0000000708f00000, 0x0000000708f00000| Untracked 
| 144|0x0000000709000000, 0x0000000709000000, 0x0000000709100000|  0%| F|  |TAMS 0x0000000709000000, 0x0000000709000000| Untracked 
| 145|0x0000000709100000, 0x0000000709100000, 0x0000000709200000|  0%| F|  |TAMS 0x0000000709100000, 0x0000000709100000| Untracked 
| 146|0x0000000709200000, 0x0000000709200000, 0x0000000709300000|  0%| F|  |TAMS 0x0000000709200000, 0x0000000709200000| Untracked 
| 147|0x0000000709300000, 0x0000000709300000, 0x0000000709400000|  0%| F|  |TAMS 0x0000000709300000, 0x0000000709300000| Untracked 
| 148|0x0000000709400000, 0x0000000709400000, 0x0000000709500000|  0%| F|  |TAMS 0x0000000709400000, 0x0000000709400000| Untracked 
| 149|0x0000000709500000, 0x0000000709500000, 0x0000000709600000|  0%| F|  |TAMS 0x0000000709500000, 0x0000000709500000| Untracked 
| 150|0x0000000709600000, 0x0000000709600000, 0x0000000709700000|  0%| F|  |TAMS 0x0000000709600000, 0x0000000709600000| Untracked 
| 151|0x0000000709700000, 0x0000000709700000, 0x0000000709800000|  0%| F|  |TAMS 0x0000000709700000, 0x0000000709700000| Untracked 
| 152|0x0000000709800000, 0x0000000709800000, 0x0000000709900000|  0%| F|  |TAMS 0x0000000709800000, 0x0000000709800000| Untracked 
| 153|0x0000000709900000, 0x0000000709900000, 0x0000000709a00000|  0%| F|  |TAMS 0x0000000709900000, 0x0000000709900000| Untracked 
| 154|0x0000000709a00000, 0x0000000709a00000, 0x0000000709b00000|  0%| F|  |TAMS 0x0000000709a00000, 0x0000000709a00000| Untracked 
| 155|0x0000000709b00000, 0x0000000709b00000, 0x0000000709c00000|  0%| F|  |TAMS 0x0000000709b00000, 0x0000000709b00000| Untracked 
| 156|0x0000000709c00000, 0x0000000709c00000, 0x0000000709d00000|  0%| F|  |TAMS 0x0000000709c00000, 0x0000000709c00000| Untracked 
| 157|0x0000000709d00000, 0x0000000709d00000, 0x0000000709e00000|  0%| F|  |TAMS 0x0000000709d00000, 0x0000000709d00000| Untracked 
| 158|0x0000000709e00000, 0x0000000709e00000, 0x0000000709f00000|  0%| F|  |TAMS 0x0000000709e00000, 0x0000000709e00000| Untracked 
| 159|0x0000000709f00000, 0x0000000709f00000, 0x000000070a000000|  0%| F|  |TAMS 0x0000000709f00000, 0x0000000709f00000| Untracked 
| 160|0x000000070a000000, 0x000000070a000000, 0x000000070a100000|  0%| F|  |TAMS 0x000000070a000000, 0x000000070a000000| Untracked 
| 161|0x000000070a100000, 0x000000070a100000, 0x000000070a200000|  0%| F|  |TAMS 0x000000070a100000, 0x000000070a100000| Untracked 
| 162|0x000000070a200000, 0x000000070a200000, 0x000000070a300000|  0%| F|  |TAMS 0x000000070a200000, 0x000000070a200000| Untracked 
| 163|0x000000070a300000, 0x000000070a300000, 0x000000070a400000|  0%| F|  |TAMS 0x000000070a300000, 0x000000070a300000| Untracked 
| 164|0x000000070a400000, 0x000000070a400000, 0x000000070a500000|  0%| F|  |TAMS 0x000000070a400000, 0x000000070a400000| Untracked 
| 165|0x000000070a500000, 0x000000070a500000, 0x000000070a600000|  0%| F|  |TAMS 0x000000070a500000, 0x000000070a500000| Untracked 
| 166|0x000000070a600000, 0x000000070a600000, 0x000000070a700000|  0%| F|  |TAMS 0x000000070a600000, 0x000000070a600000| Untracked 
| 167|0x000000070a700000, 0x000000070a700000, 0x000000070a800000|  0%| F|  |TAMS 0x000000070a700000, 0x000000070a700000| Untracked 
| 168|0x000000070a800000, 0x000000070a800000, 0x000000070a900000|  0%| F|  |TAMS 0x000000070a800000, 0x000000070a800000| Untracked 
| 169|0x000000070a900000, 0x000000070a900000, 0x000000070aa00000|  0%| F|  |TAMS 0x000000070a900000, 0x000000070a900000| Untracked 
| 170|0x000000070aa00000, 0x000000070aa00000, 0x000000070ab00000|  0%| F|  |TAMS 0x000000070aa00000, 0x000000070aa00000| Untracked 
| 171|0x000000070ab00000, 0x000000070ab00000, 0x000000070ac00000|  0%| F|  |TAMS 0x000000070ab00000, 0x000000070ab00000| Untracked 
| 172|0x000000070ac00000, 0x000000070ac00000, 0x000000070ad00000|  0%| F|  |TAMS 0x000000070ac00000, 0x000000070ac00000| Untracked 
| 173|0x000000070ad00000, 0x000000070ad00000, 0x000000070ae00000|  0%| F|  |TAMS 0x000000070ad00000, 0x000000070ad00000| Untracked 
| 174|0x000000070ae00000, 0x000000070ae00000, 0x000000070af00000|  0%| F|  |TAMS 0x000000070ae00000, 0x000000070ae00000| Untracked 
| 175|0x000000070af00000, 0x000000070af00000, 0x000000070b000000|  0%| F|  |TAMS 0x000000070af00000, 0x000000070af00000| Untracked 
| 176|0x000000070b000000, 0x000000070b000000, 0x000000070b100000|  0%| F|  |TAMS 0x000000070b000000, 0x000000070b000000| Untracked 
| 177|0x000000070b100000, 0x000000070b100000, 0x000000070b200000|  0%| F|  |TAMS 0x000000070b100000, 0x000000070b100000| Untracked 
| 178|0x000000070b200000, 0x000000070b200000, 0x000000070b300000|  0%| F|  |TAMS 0x000000070b200000, 0x000000070b200000| Untracked 
| 179|0x000000070b300000, 0x000000070b300000, 0x000000070b400000|  0%| F|  |TAMS 0x000000070b300000, 0x000000070b300000| Untracked 
| 180|0x000000070b400000, 0x000000070b400000, 0x000000070b500000|  0%| F|  |TAMS 0x000000070b400000, 0x000000070b400000| Untracked 
| 181|0x000000070b500000, 0x000000070b500000, 0x000000070b600000|  0%| F|  |TAMS 0x000000070b500000, 0x000000070b500000| Untracked 
| 182|0x000000070b600000, 0x000000070b600000, 0x000000070b700000|  0%| F|  |TAMS 0x000000070b600000, 0x000000070b600000| Untracked 
| 183|0x000000070b700000, 0x000000070b700000, 0x000000070b800000|  0%| F|  |TAMS 0x000000070b700000, 0x000000070b700000| Untracked 
| 184|0x000000070b800000, 0x000000070b800000, 0x000000070b900000|  0%| F|  |TAMS 0x000000070b800000, 0x000000070b800000| Untracked 
| 185|0x000000070b900000, 0x000000070b900000, 0x000000070ba00000|  0%| F|  |TAMS 0x000000070b900000, 0x000000070b900000| Untracked 
| 186|0x000000070ba00000, 0x000000070ba00000, 0x000000070bb00000|  0%| F|  |TAMS 0x000000070ba00000, 0x000000070ba00000| Untracked 
| 187|0x000000070bb00000, 0x000000070bb00000, 0x000000070bc00000|  0%| F|  |TAMS 0x000000070bb00000, 0x000000070bb00000| Untracked 
| 188|0x000000070bc00000, 0x000000070bc00000, 0x000000070bd00000|  0%| F|  |TAMS 0x000000070bc00000, 0x000000070bc00000| Untracked 
| 189|0x000000070bd00000, 0x000000070bd00000, 0x000000070be00000|  0%| F|  |TAMS 0x000000070bd00000, 0x000000070bd00000| Untracked 
| 190|0x000000070be00000, 0x000000070be00000, 0x000000070bf00000|  0%| F|  |TAMS 0x000000070be00000, 0x000000070be00000| Untracked 
| 191|0x000000070bf00000, 0x000000070bf00000, 0x000000070c000000|  0%| F|  |TAMS 0x000000070bf00000, 0x000000070bf00000| Untracked 
| 192|0x000000070c000000, 0x000000070c000000, 0x000000070c100000|  0%| F|  |TAMS 0x000000070c000000, 0x000000070c000000| Untracked 
| 193|0x000000070c100000, 0x000000070c100000, 0x000000070c200000|  0%| F|  |TAMS 0x000000070c100000, 0x000000070c100000| Untracked 
| 194|0x000000070c200000, 0x000000070c200000, 0x000000070c300000|  0%| F|  |TAMS 0x000000070c200000, 0x000000070c200000| Untracked 
| 195|0x000000070c300000, 0x000000070c300000, 0x000000070c400000|  0%| F|  |TAMS 0x000000070c300000, 0x000000070c300000| Untracked 
| 196|0x000000070c400000, 0x000000070c400000, 0x000000070c500000|  0%| F|  |TAMS 0x000000070c400000, 0x000000070c400000| Untracked 
| 197|0x000000070c500000, 0x000000070c500000, 0x000000070c600000|  0%| F|  |TAMS 0x000000070c500000, 0x000000070c500000| Untracked 
| 198|0x000000070c600000, 0x000000070c600000, 0x000000070c700000|  0%| F|  |TAMS 0x000000070c600000, 0x000000070c600000| Untracked 
| 199|0x000000070c700000, 0x000000070c700000, 0x000000070c800000|  0%| F|  |TAMS 0x000000070c700000, 0x000000070c700000| Untracked 
| 200|0x000000070c800000, 0x000000070c800000, 0x000000070c900000|  0%| F|  |TAMS 0x000000070c800000, 0x000000070c800000| Untracked 
| 201|0x000000070c900000, 0x000000070c900000, 0x000000070ca00000|  0%| F|  |TAMS 0x000000070c900000, 0x000000070c900000| Untracked 
| 202|0x000000070ca00000, 0x000000070ca00000, 0x000000070cb00000|  0%| F|  |TAMS 0x000000070ca00000, 0x000000070ca00000| Untracked 
| 203|0x000000070cb00000, 0x000000070cb00000, 0x000000070cc00000|  0%| F|  |TAMS 0x000000070cb00000, 0x000000070cb00000| Untracked 
| 204|0x000000070cc00000, 0x000000070cc00000, 0x000000070cd00000|  0%| F|  |TAMS 0x000000070cc00000, 0x000000070cc00000| Untracked 
| 205|0x000000070cd00000, 0x000000070cd00000, 0x000000070ce00000|  0%| F|  |TAMS 0x000000070cd00000, 0x000000070cd00000| Untracked 
| 206|0x000000070ce00000, 0x000000070ce00000, 0x000000070cf00000|  0%| F|  |TAMS 0x000000070ce00000, 0x000000070ce00000| Untracked 
| 207|0x000000070cf00000, 0x000000070cf00000, 0x000000070d000000|  0%| F|  |TAMS 0x000000070cf00000, 0x000000070cf00000| Untracked 
| 208|0x000000070d000000, 0x000000070d000000, 0x000000070d100000|  0%| F|  |TAMS 0x000000070d000000, 0x000000070d000000| Untracked 
| 209|0x000000070d100000, 0x000000070d100000, 0x000000070d200000|  0%| F|  |TAMS 0x000000070d100000, 0x000000070d100000| Untracked 
| 210|0x000000070d200000, 0x000000070d200000, 0x000000070d300000|  0%| F|  |TAMS 0x000000070d200000, 0x000000070d200000| Untracked 
| 211|0x000000070d300000, 0x000000070d300000, 0x000000070d400000|  0%| F|  |TAMS 0x000000070d300000, 0x000000070d300000| Untracked 
| 212|0x000000070d400000, 0x000000070d400000, 0x000000070d500000|  0%| F|  |TAMS 0x000000070d400000, 0x000000070d400000| Untracked 
| 213|0x000000070d500000, 0x000000070d500000, 0x000000070d600000|  0%| F|  |TAMS 0x000000070d500000, 0x000000070d500000| Untracked 
| 214|0x000000070d600000, 0x000000070d600000, 0x000000070d700000|  0%| F|  |TAMS 0x000000070d600000, 0x000000070d600000| Untracked 
| 215|0x000000070d700000, 0x000000070d700000, 0x000000070d800000|  0%| F|  |TAMS 0x000000070d700000, 0x000000070d700000| Untracked 
| 216|0x000000070d800000, 0x000000070d800000, 0x000000070d900000|  0%| F|  |TAMS 0x000000070d800000, 0x000000070d800000| Untracked 
| 217|0x000000070d900000, 0x000000070d900000, 0x000000070da00000|  0%| F|  |TAMS 0x000000070d900000, 0x000000070d900000| Untracked 
| 218|0x000000070da00000, 0x000000070da00000, 0x000000070db00000|  0%| F|  |TAMS 0x000000070da00000, 0x000000070da00000| Untracked 
| 219|0x000000070db00000, 0x000000070db00000, 0x000000070dc00000|  0%| F|  |TAMS 0x000000070db00000, 0x000000070db00000| Untracked 
| 220|0x000000070dc00000, 0x000000070dc00000, 0x000000070dd00000|  0%| F|  |TAMS 0x000000070dc00000, 0x000000070dc00000| Untracked 
| 221|0x000000070dd00000, 0x000000070dd00000, 0x000000070de00000|  0%| F|  |TAMS 0x000000070dd00000, 0x000000070dd00000| Untracked 
| 222|0x000000070de00000, 0x000000070de00000, 0x000000070df00000|  0%| F|  |TAMS 0x000000070de00000, 0x000000070de00000| Untracked 
| 223|0x000000070df00000, 0x000000070df00000, 0x000000070e000000|  0%| F|  |TAMS 0x000000070df00000, 0x000000070df00000| Untracked 
| 224|0x000000070e000000, 0x000000070e000000, 0x000000070e100000|  0%| F|  |TAMS 0x000000070e000000, 0x000000070e000000| Untracked 
| 225|0x000000070e100000, 0x000000070e100000, 0x000000070e200000|  0%| F|  |TAMS 0x000000070e100000, 0x000000070e100000| Untracked 
| 226|0x000000070e200000, 0x000000070e200000, 0x000000070e300000|  0%| F|  |TAMS 0x000000070e200000, 0x000000070e200000| Untracked 
| 227|0x000000070e300000, 0x000000070e300000, 0x000000070e400000|  0%| F|  |TAMS 0x000000070e300000, 0x000000070e300000| Untracked 
| 228|0x000000070e400000, 0x000000070e400000, 0x000000070e500000|  0%| F|  |TAMS 0x000000070e400000, 0x000000070e400000| Untracked 
| 229|0x000000070e500000, 0x000000070e500000, 0x000000070e600000|  0%| F|  |TAMS 0x000000070e500000, 0x000000070e500000| Untracked 
| 230|0x000000070e600000, 0x000000070e600000, 0x000000070e700000|  0%| F|  |TAMS 0x000000070e600000, 0x000000070e600000| Untracked 
| 231|0x000000070e700000, 0x000000070e700000, 0x000000070e800000|  0%| F|  |TAMS 0x000000070e700000, 0x000000070e700000| Untracked 
| 232|0x000000070e800000, 0x000000070e800000, 0x000000070e900000|  0%| F|  |TAMS 0x000000070e800000, 0x000000070e800000| Untracked 
| 233|0x000000070e900000, 0x000000070e900000, 0x000000070ea00000|  0%| F|  |TAMS 0x000000070e900000, 0x000000070e900000| Untracked 
| 234|0x000000070ea00000, 0x000000070ea00800, 0x000000070eb00000|  0%| E|  |TAMS 0x000000070ea00000, 0x000000070ea00000| Complete 
| 235|0x000000070eb00000, 0x000000070ec00000, 0x000000070ec00000|100%| E|CS|TAMS 0x000000070eb00000, 0x000000070eb00000| Complete 
| 236|0x000000070ec00000, 0x000000070ed00000, 0x000000070ed00000|100%| E|CS|TAMS 0x000000070ec00000, 0x000000070ec00000| Complete 
| 237|0x000000070ed00000, 0x000000070ee00000, 0x000000070ee00000|100%| E|CS|TAMS 0x000000070ed00000, 0x000000070ed00000| Complete 
| 238|0x000000070ee00000, 0x000000070ef00000, 0x000000070ef00000|100%| E|CS|TAMS 0x000000070ee00000, 0x000000070ee00000| Complete 
| 239|0x000000070ef00000, 0x000000070f000000, 0x000000070f000000|100%| E|CS|TAMS 0x000000070ef00000, 0x000000070ef00000| Complete 
| 240|0x000000070f000000, 0x000000070f100000, 0x000000070f100000|100%| E|CS|TAMS 0x000000070f000000, 0x000000070f000000| Complete 
| 241|0x000000070f100000, 0x000000070f200000, 0x000000070f200000|100%| E|CS|TAMS 0x000000070f100000, 0x000000070f100000| Complete 
| 242|0x000000070f200000, 0x000000070f300000, 0x000000070f300000|100%| E|CS|TAMS 0x000000070f200000, 0x000000070f200000| Complete 
| 243|0x000000070f300000, 0x000000070f400000, 0x000000070f400000|100%| E|CS|TAMS 0x000000070f300000, 0x000000070f300000| Complete 
| 244|0x000000070f400000, 0x000000070f500000, 0x000000070f500000|100%| E|CS|TAMS 0x000000070f400000, 0x000000070f400000| Complete 
| 245|0x000000070f500000, 0x000000070f600000, 0x000000070f600000|100%| E|CS|TAMS 0x000000070f500000, 0x000000070f500000| Complete 
| 246|0x000000070f600000, 0x000000070f700000, 0x000000070f700000|100%| E|CS|TAMS 0x000000070f600000, 0x000000070f600000| Complete 
| 247|0x000000070f700000, 0x000000070f800000, 0x000000070f800000|100%| E|CS|TAMS 0x000000070f700000, 0x000000070f700000| Complete 
| 248|0x000000070f800000, 0x000000070f900000, 0x000000070f900000|100%| E|CS|TAMS 0x000000070f800000, 0x000000070f800000| Complete 
| 249|0x000000070f900000, 0x000000070fa00000, 0x000000070fa00000|100%| E|CS|TAMS 0x000000070f900000, 0x000000070f900000| Complete 
| 250|0x000000070fa00000, 0x000000070fb00000, 0x000000070fb00000|100%| E|CS|TAMS 0x000000070fa00000, 0x000000070fa00000| Complete 
| 251|0x000000070fb00000, 0x000000070fc00000, 0x000000070fc00000|100%| E|CS|TAMS 0x000000070fb00000, 0x000000070fb00000| Complete 
| 252|0x000000070fc00000, 0x000000070fd00000, 0x000000070fd00000|100%| E|CS|TAMS 0x000000070fc00000, 0x000000070fc00000| Complete 
| 253|0x000000070fd00000, 0x000000070fe00000, 0x000000070fe00000|100%| E|CS|TAMS 0x000000070fd00000, 0x000000070fd00000| Complete 
| 254|0x000000070fe00000, 0x000000070ff00000, 0x000000070ff00000|100%| E|CS|TAMS 0x000000070fe00000, 0x000000070fe00000| Complete 
| 255|0x000000070ff00000, 0x0000000710000000, 0x0000000710000000|100%| E|CS|TAMS 0x000000070ff00000, 0x000000070ff00000| Complete 

Card table byte_map: [0x00000001264b0000,0x0000000126cb0000] _byte_map_base: 0x0000000122cb0000

Marking Bits (Prev, Next): (CMBitMap*) 0x00007fd4f083e018, (CMBitMap*) 0x00007fd4f083e050
 Prev Bits: [0x00000001274b0000, 0x000000012b4b0000)
 Next Bits: [0x000000012b4b0000, 0x000000012f4b0000)

Polling page: 0x0000000104a8b000

Metaspace:

Usage:
  Non-class:     16.73 MB capacity,    16.50 MB ( 99%) used,   189.38 KB (  1%) free+waste,    42.56 KB ( <1%) overhead. 
      Class:      1.96 MB capacity,     1.79 MB ( 91%) used,   159.45 KB (  8%) free+waste,    19.44 KB ( <1%) overhead. 
       Both:     18.69 MB capacity,    18.29 MB ( 98%) used,   348.84 KB (  2%) free+waste,    62.00 KB ( <1%) overhead. 

Virtual space:
  Non-class space:       18.00 MB reserved,      17.00 MB ( 94%) committed 
      Class space:        1.00 GB reserved,       2.00 MB ( <1%) committed 
             Both:        1.02 GB reserved,      19.00 MB (  2%) committed 

Chunk freelists:
   Non-Class:  63.00 KB
       Class:  0 bytes
        Both:  63.00 KB

MaxMetaspaceSize: unlimited
CompressedClassSpaceSize: 1.00 GB

CodeHeap 'non-profiled nmethods': size=119172Kb used=2150Kb max_used=2150Kb free=117021Kb
 bounds [0x000000011e84f000, 0x000000011eabf000, 0x0000000125cb0000]
CodeHeap 'profiled nmethods': size=119168Kb used=7632Kb max_used=7632Kb free=111535Kb
 bounds [0x00000001173ef000, 0x0000000117b6f000, 0x000000011e84f000]
CodeHeap 'non-nmethods': size=7420Kb used=2283Kb max_used=2322Kb free=5137Kb
 bounds [0x0000000116cb0000, 0x0000000116f70000, 0x00000001173ef000]
 total_blobs=3472 nmethods=2971 adapters=411
 compilation: enabled
              stopped_count=0, restarted_count=0
 full_count=0

Compilation events (20 events):
Event: 6.505 Thread 0x00007fd4f0027800 nmethod 3181 0x0000000117b56190 code [0x0000000117b564e0, 0x0000000117b575b0]
Event: 6.505 Thread 0x00007fd4f6814000 nmethod 3184 0x0000000117b57a90 code [0x0000000117b57dc0, 0x0000000117b58ce0]
Event: 6.527 Thread 0x00007fd4f207b800 3186       3       java.util.regex.Pattern::RemoveQEQuoting (346 bytes)
Event: 6.527 Thread 0x00007fd4f0027800 3185       3       java.util.regex.ASCII::isAlpha (8 bytes)
Event: 6.527 Thread 0x00007fd4f6814000 3187       3       java.util.regex.Pattern::closure (365 bytes)
Event: 6.527 Thread 0x00007fd4f0026800 3189       4       java.util.regex.Pattern::next (33 bytes)
Event: 6.527 Thread 0x00007fd4f0027800 nmethod 3185 0x0000000117b59210 code [0x0000000117b593e0, 0x0000000117b59650]
Event: 6.527 Thread 0x00007fd4f0027800 3190       3       java.util.regex.Pattern::range (292 bytes)
Event: 6.528 Thread 0x00007fd4f207b800 nmethod 3186 0x0000000117b59790 code [0x0000000117b59a40, 0x0000000117b5abb0]
Event: 6.528 Thread 0x00007fd4f207b800 3188       3       java.util.regex.Pattern::bitsOrSingle (106 bytes)
Event: 6.528 Thread 0x00007fd4f0026800 nmethod 3189 0x000000011ea67d10 code [0x000000011ea67ea0, 0x000000011ea67f78]
Event: 6.528 Thread 0x00007fd4f0026800 3192       4       java.util.regex.Pattern::read (33 bytes)
Event: 6.529 Thread 0x00007fd4f207b800 nmethod 3188 0x0000000117b5b190 code [0x0000000117b5b380, 0x0000000117b5b970]
Event: 6.529 Thread 0x00007fd4f0027800 nmethod 3190 0x0000000117b5ba90 code [0x0000000117b5bf40, 0x0000000117b5e200]
Event: 6.529 Thread 0x00007fd4f6814000 nmethod 3187 0x0000000117b5ee10 code [0x0000000117b5f380, 0x0000000117b62480]
Event: 6.529 Thread 0x00007fd4f0026800 nmethod 3192 0x000000011ea68090 code [0x000000011ea68220, 0x000000011ea682f8]
Event: 6.529 Thread 0x00007fd4f0026800 3193       4       java.util.regex.Pattern::has (15 bytes)
Event: 6.529 Thread 0x00007fd4f0026800 nmethod 3193 0x000000011ea68410 code [0x000000011ea685a0, 0x000000011ea68618]
Event: 6.529 Thread 0x00007fd4f0026800 3191       4       java.util.regex.Pattern::peek (26 bytes)
Event: 6.529 Thread 0x00007fd4f0026800 nmethod 3191 0x000000011ea68690 code [0x000000011ea68820, 0x000000011ea688f8]

GC Heap History (20 events):
Event: 4.716 GC heap before
{Heap before GC invocations=6 (full 0):
 garbage-first heap   total 262144K, used 157827K [0x0000000700000000, 0x0000000800000000)
  region size 1024K, 153 young (156672K), 4 survivors (4096K)
 Metaspace       used 18571K, capacity 19013K, committed 19200K, reserved 1067008K
  class space    used 1828K, capacity 2008K, committed 2048K, reserved 1048576K
}
Event: 4.719 GC heap after
{Heap after GC invocations=7 (full 0):
 garbage-first heap   total 262144K, used 6398K [0x0000000700000000, 0x0000000800000000)
  region size 1024K, 5 young (5120K), 5 survivors (5120K)
 Metaspace       used 18571K, capacity 19013K, committed 19200K, reserved 1067008K
  class space    used 1828K, capacity 2008K, committed 2048K, reserved 1048576K
}
Event: 4.746 GC heap before
{Heap before GC invocations=7 (full 0):
 garbage-first heap   total 262144K, used 157950K [0x0000000700000000, 0x0000000800000000)
  region size 1024K, 153 young (156672K), 5 survivors (5120K)
 Metaspace       used 18571K, capacity 19013K, committed 19200K, reserved 1067008K
  class space    used 1828K, capacity 2008K, committed 2048K, reserved 1048576K
}
Event: 4.748 GC heap after
{Heap after GC invocations=8 (full 0):
 garbage-first heap   total 262144K, used 6544K [0x0000000700000000, 0x0000000800000000)
  region size 1024K, 5 young (5120K), 5 survivors (5120K)
 Metaspace       used 18571K, capacity 19013K, committed 19200K, reserved 1067008K
  class space    used 1828K, capacity 2008K, committed 2048K, reserved 1048576K
}
Event: 4.768 GC heap before
{Heap before GC invocations=8 (full 0):
 garbage-first heap   total 262144K, used 158096K [0x0000000700000000, 0x0000000800000000)
  region size 1024K, 153 young (156672K), 5 survivors (5120K)
 Metaspace       used 18571K, capacity 19013K, committed 19200K, reserved 1067008K
  class space    used 1828K, capacity 2008K, committed 2048K, reserved 1048576K
}
Event: 4.771 GC heap after
{Heap after GC invocations=9 (full 0):
 garbage-first heap   total 262144K, used 6716K [0x0000000700000000, 0x0000000800000000)
  region size 1024K, 6 young (6144K), 6 survivors (6144K)
 Metaspace       used 18571K, capacity 19013K, committed 19200K, reserved 1067008K
  class space    used 1828K, capacity 2008K, committed 2048K, reserved 1048576K
}
Event: 4.791 GC heap before
{Heap before GC invocations=9 (full 0):
 garbage-first heap   total 262144K, used 157244K [0x0000000700000000, 0x0000000800000000)
  region size 1024K, 153 young (156672K), 6 survivors (6144K)
 Metaspace       used 18571K, capacity 19013K, committed 19200K, reserved 1067008K
  class space    used 1828K, capacity 2008K, committed 2048K, reserved 1048576K
}
Event: 4.794 GC heap after
{Heap after GC invocations=10 (full 0):
 garbage-first heap   total 262144K, used 6308K [0x0000000700000000, 0x0000000800000000)
  region size 1024K, 5 young (5120K), 5 survivors (5120K)
 Metaspace       used 18571K, capacity 19013K, committed 19200K, reserved 1067008K
  class space    used 1828K, capacity 2008K, committed 2048K, reserved 1048576K
}
Event: 5.207 GC heap before
{Heap before GC invocations=10 (full 0):
 garbage-first heap   total 262144K, used 157860K [0x0000000700000000, 0x0000000800000000)
  region size 1024K, 153 young (156672K), 5 survivors (5120K)
 Metaspace       used 18622K, capacity 19077K, committed 19200K, reserved 1067008K
  class space    used 1828K, capacity 2008K, committed 2048K, reserved 1048576K
}
Event: 5.210 GC heap after
{Heap after GC invocations=11 (full 0):
 garbage-first heap   total 262144K, used 5283K [0x0000000700000000, 0x0000000800000000)
  region size 1024K, 4 young (4096K), 4 survivors (4096K)
 Metaspace       used 18622K, capacity 19077K, committed 19200K, reserved 1067008K
  class space    used 1828K, capacity 2008K, committed 2048K, reserved 1048576K
}
Event: 5.441 GC heap before
{Heap before GC invocations=11 (full 0):
 garbage-first heap   total 262144K, used 156835K [0x0000000700000000, 0x0000000800000000)
  region size 1024K, 153 young (156672K), 4 survivors (4096K)
 Metaspace       used 18640K, capacity 19077K, committed 19200K, reserved 1067008K
  class space    used 1828K, capacity 2008K, committed 2048K, reserved 1048576K
}
Event: 5.443 GC heap after
{Heap after GC invocations=12 (full 0):
 garbage-first heap   total 262144K, used 5384K [0x0000000700000000, 0x0000000800000000)
  region size 1024K, 4 young (4096K), 4 survivors (4096K)
 Metaspace       used 18640K, capacity 19077K, committed 19200K, reserved 1067008K
  class space    used 1828K, capacity 2008K, committed 2048K, reserved 1048576K
}
Event: 5.682 GC heap before
{Heap before GC invocations=12 (full 0):
 garbage-first heap   total 262144K, used 157960K [0x0000000700000000, 0x0000000800000000)
  region size 1024K, 153 young (156672K), 4 survivors (4096K)
 Metaspace       used 18695K, capacity 19141K, committed 19456K, reserved 1067008K
  class space    used 1829K, capacity 2008K, committed 2048K, reserved 1048576K
}
Event: 5.685 GC heap after
{Heap after GC invocations=13 (full 0):
 garbage-first heap   total 262144K, used 5186K [0x0000000700000000, 0x0000000800000000)
  region size 1024K, 4 young (4096K), 4 survivors (4096K)
 Metaspace       used 18695K, capacity 19141K, committed 19456K, reserved 1067008K
  class space    used 1829K, capacity 2008K, committed 2048K, reserved 1048576K
}
Event: 6.050 GC heap before
{Heap before GC invocations=13 (full 0):
 garbage-first heap   total 262144K, used 157762K [0x0000000700000000, 0x0000000800000000)
  region size 1024K, 153 young (156672K), 4 survivors (4096K)
 Metaspace       used 18706K, capacity 19141K, committed 19456K, reserved 1067008K
  class space    used 1829K, capacity 2008K, committed 2048K, reserved 1048576K
}
Event: 6.053 GC heap after
{Heap after GC invocations=14 (full 0):
 garbage-first heap   total 262144K, used 5315K [0x0000000700000000, 0x0000000800000000)
  region size 1024K, 4 young (4096K), 4 survivors (4096K)
 Metaspace       used 18706K, capacity 19141K, committed 19456K, reserved 1067008K
  class space    used 1829K, capacity 2008K, committed 2048K, reserved 1048576K
}
Event: 6.147 GC heap before
{Heap before GC invocations=14 (full 0):
 garbage-first heap   total 262144K, used 157891K [0x0000000700000000, 0x0000000800000000)
  region size 1024K, 153 young (156672K), 4 survivors (4096K)
 Metaspace       used 18706K, capacity 19141K, committed 19456K, reserved 1067008K
  class space    used 1829K, capacity 2008K, committed 2048K, reserved 1048576K
}
Event: 6.150 GC heap after
{Heap after GC invocations=15 (full 0):
 garbage-first heap   total 262144K, used 5244K [0x0000000700000000, 0x0000000800000000)
  region size 1024K, 4 young (4096K), 4 survivors (4096K)
 Metaspace       used 18706K, capacity 19141K, committed 19456K, reserved 1067008K
  class space    used 1829K, capacity 2008K, committed 2048K, reserved 1048576K
}
Event: 6.511 GC heap before
{Heap before GC invocations=15 (full 0):
 garbage-first heap   total 262144K, used 157820K [0x0000000700000000, 0x0000000800000000)
  region size 1024K, 153 young (156672K), 4 survivors (4096K)
 Metaspace       used 18728K, capacity 19141K, committed 19456K, reserved 1067008K
  class space    used 1829K, capacity 2008K, committed 2048K, reserved 1048576K
}
Event: 6.514 GC heap after
{Heap after GC invocations=16 (full 0):
 garbage-first heap   total 262144K, used 5412K [0x0000000700000000, 0x0000000800000000)
  region size 1024K, 2 young (2048K), 2 survivors (2048K)
 Metaspace       used 18728K, capacity 19141K, committed 19456K, reserved 1067008K
  class space    used 1829K, capacity 2008K, committed 2048K, reserved 1048576K
}

Deoptimization events (20 events):
Event: 9.865 Thread 0x00007fd4f0808800 Uncommon trap: trap_request=0xffffffc6 fr.pc=0x000000011e9538e4 relative=0x00000000000004e4
Event: 9.865 Thread 0x00007fd4f0808800 Uncommon trap: reason=bimorphic_or_optimized_type_check action=maybe_recompile pc=0x000000011e9538e4 method=java.util.regex.Matcher.match(II)Z @ 121 c2
Event: 9.865 Thread 0x00007fd4f0808800 DEOPT PACKING pc=0x000000011e9538e4 sp=0x000070000bbe57c0
Event: 9.865 Thread 0x00007fd4f0808800 DEOPT UNPACKING pc=0x0000000116cd6ba5 sp=0x000070000bbe5790 mode 2
Event: 9.866 Thread 0x00007fd4f0808800 Uncommon trap: trap_request=0xffffffde fr.pc=0x000000011e8c7458 relative=0x00000000000001f8
Event: 9.866 Thread 0x00007fd4f0808800 Uncommon trap: reason=class_check action=maybe_recompile pc=0x000000011e8c7458 method=java.util.regex.Matcher.getTextLength()I @ 4 c2
Event: 9.866 Thread 0x00007fd4f0808800 DEOPT PACKING pc=0x000000011e8c7458 sp=0x000070000bbe57f0
Event: 9.866 Thread 0x00007fd4f0808800 DEOPT UNPACKING pc=0x0000000116cd6ba5 sp=0x000070000bbe5740 mode 2
Event: 9.866 Thread 0x00007fd4f0808800 Uncommon trap: trap_request=0xffffffc6 fr.pc=0x000000011e9538e4 relative=0x00000000000004e4
Event: 9.866 Thread 0x00007fd4f0808800 Uncommon trap: reason=bimorphic_or_optimized_type_check action=maybe_recompile pc=0x000000011e9538e4 method=java.util.regex.Matcher.match(II)Z @ 121 c2
Event: 9.866 Thread 0x00007fd4f0808800 DEOPT PACKING pc=0x000000011e9538e4 sp=0x000070000bbe57f0
Event: 9.866 Thread 0x00007fd4f0808800 DEOPT UNPACKING pc=0x0000000116cd6ba5 sp=0x000070000bbe57a8 mode 2
Event: 9.866 Thread 0x00007fd4f0808800 Uncommon trap: trap_request=0xffffffde fr.pc=0x000000011e8ffa78 relative=0x0000000000000138
Event: 9.866 Thread 0x00007fd4f0808800 Uncommon trap: reason=class_check action=maybe_recompile pc=0x000000011e8ffa78 method=java.util.regex.Pattern$BmpCharProperty.match(Ljava/util/regex/Matcher;ILjava/lang/CharSequence;)Z @ 14 c2
Event: 9.866 Thread 0x00007fd4f0808800 DEOPT PACKING pc=0x000000011e8ffa78 sp=0x000070000bbe55b0
Event: 9.866 Thread 0x00007fd4f0808800 DEOPT UNPACKING pc=0x0000000116cd6ba5 sp=0x000070000bbe5580 mode 2
Event: 9.866 Thread 0x00007fd4f0808800 Uncommon trap: trap_request=0xffffffc6 fr.pc=0x000000011ea3c184 relative=0x00000000000006e4
Event: 9.866 Thread 0x00007fd4f0808800 Uncommon trap: reason=bimorphic_or_optimized_type_check action=maybe_recompile pc=0x000000011ea3c184 method=java.util.regex.Pattern$BranchConn.match(Ljava/util/regex/Matcher;ILjava/lang/CharSequence;)Z @ 7 c2
Event: 9.866 Thread 0x00007fd4f0808800 DEOPT PACKING pc=0x000000011ea3c184 sp=0x000070000bbe5150
Event: 9.866 Thread 0x00007fd4f0808800 DEOPT UNPACKING pc=0x0000000116cd6ba5 sp=0x000070000bbe5128 mode 2

Classes redefined (0 events):
No events

Internal exceptions (20 events):
Event: 2.071 Thread 0x00007fd4f0808800 Exception <a 'java/lang/NoSuchMethodError'{0x000000070fc31420}: 'java.lang.Object java.lang.invoke.DelegatingMethodHandle$Holder.reinvoke_L(java.lang.Object, int, int, java.lang.Object, java.lang.Object, int, java.lang.Object)'> (0x000000070fc31420) thrown at [./src/hotspot/share/interpreter/linkResolver.cpp, line 773]
Event: 2.072 Thread 0x00007fd4f0808800 Exception <a 'java/lang/NoSuchMethodError'{0x000000070fc5be88}: 'java.lang.Object java.lang.invoke.DirectMethodHandle$Holder.invokeStatic(java.lang.Object, java.lang.Object, java.lang.Object, java.lang.Object, java.lang.Object, java.lang.Object, java.lang.Object, java.lang.Object, int)'> (0x000000070fc5be88) thrown at [./src/hotspot/share/interpreter/linkResolver.cpp, line 773]
Event: 2.073 Thread 0x00007fd4f0808800 Exception <a 'java/lang/NoSuchMethodError'{0x000000070fc76488}: 'java.lang.Object java.lang.invoke.DirectMethodHandle$Holder.invokeStatic(java.lang.Object, java.lang.Object, java.lang.Object, java.lang.Object, java.lang.Object, java.lang.Object, java.lang.Object, java.lang.Object, int, int)'> (0x000000070fc76488) thrown at [./src/hotspot/share/interpreter/linkResolver.cpp, line 773]
Event: 2.074 Thread 0x00007fd4f0808800 Exception <a 'java/lang/NoSuchMethodError'{0x000000070fc91f10}: 'java.lang.Object java.lang.invoke.DirectMethodHandle$Holder.invokeStatic(java.lang.Object, java.lang.Object, java.lang.Object, java.lang.Object, java.lang.Object, java.lang.Object, java.lang.Object, java.lang.Object, int, int, java.lang.Object)'> (0x000000070fc91f10) thrown at [./src/hotspot/share/interpreter/linkResolver.cpp, line 773]
Event: 2.075 Thread 0x00007fd4f0808800 Exception <a 'java/lang/NoSuchMethodError'{0x000000070fcae830}: 'java.lang.Object java.lang.invoke.DirectMethodHandle$Holder.invokeStatic(java.lang.Object, java.lang.Object, java.lang.Object, java.lang.Object, java.lang.Object, java.lang.Object, java.lang.Object, java.lang.Object, int, int, java.lang.Object, java.lang.Object)'> (0x000000070fcae830) thrown at [./src/hotspot/share/interpreter/linkResolver.cpp, line 773]
Event: 2.076 Thread 0x00007fd4f0808800 Exception <a 'java/lang/NoSuchMethodError'{0x000000070fcdac98}: 'java.lang.Object java.lang.invoke.Invokers$Holder.linkToTargetMethod(java.lang.Object, java.lang.Object, int, java.lang.Object, java.lang.Object)'> (0x000000070fcdac98) thrown at [./src/hotspot/share/interpreter/linkResolver.cpp, line 773]
Event: 2.092 Thread 0x00007fd4f0808800 Exception <a 'java/lang/NoSuchMethodError'{0x000000070f935988}: 'java.lang.Object java.lang.invoke.Invokers$Holder.linkToTargetMethod(java.lang.Object, int, java.lang.Object)'> (0x000000070f935988) thrown at [./src/hotspot/share/interpreter/linkResolver.cpp, line 773]
Event: 2.107 Thread 0x00007fd4f0808800 Exception <a 'java/lang/NoSuchMethodError'{0x000000070f7ea408}: 'java.lang.Object java.lang.invoke.DirectMethodHandle$Holder.invokeSpecial(java.lang.Object, java.lang.Object, int, int, java.lang.Object, java.lang.Object, java.lang.Object)'> (0x000000070f7ea408) thrown at [./src/hotspot/share/interpreter/linkResolver.cpp, line 773]
Event: 2.107 Thread 0x00007fd4f0808800 Exception <a 'java/lang/NoSuchMethodError'{0x000000070f7ed998}: 'java.lang.Object java.lang.invoke.DelegatingMethodHandle$Holder.reinvoke_L(java.lang.Object, int, int, java.lang.Object, java.lang.Object, java.lang.Object)'> (0x000000070f7ed998) thrown at [./src/hotspot/share/interpreter/linkResolver.cpp, line 773]
Event: 2.107 Thread 0x00007fd4f0808800 Exception <a 'java/lang/NoSuchMethodError'{0x000000070f7f16c8}: 'java.lang.Object java.lang.invoke.DirectMethodHandle$Holder.invokeStatic(java.lang.Object, java.lang.Object, java.lang.Object, java.lang.Object, int)'> (0x000000070f7f16c8) thrown at [./src/hotspot/share/interpreter/linkResolver.cpp, line 773]
Event: 2.201 Thread 0x00007fd4f0808800 Exception <a 'java/lang/NoSuchMethodError'{0x0000000708f99b68}: 'java.lang.Object java.lang.invoke.DirectMethodHandle$Holder.invokeStatic(java.lang.Object, java.lang.Object, java.lang.Object, java.lang.Object, java.lang.Object, java.lang.Object, java.lang.Object, java.lang.Object, java.lang.Object, java.lang.Object, java.lang.Object, java.lang.Object, java.lang.Object, int)'> (0x0000000708f99b68) thrown at [./src/hotspot/share/interpreter/linkResolver.cpp, line 773]
Event: 2.202 Thread 0x00007fd4f0808800 Exception <a 'java/lang/NoSuchMethodError'{0x0000000708fa6600}: 'java.lang.Object java.lang.invoke.DirectMethodHandle$Holder.invokeStatic(java.lang.Object, java.lang.Object, java.lang.Object, java.lang.Object, java.lang.Object, java.lang.Object, java.lang.Object, java.lang.Object, java.lang.Object, java.lang.Object, java.lang.Object, java.lang.Object, java.lang.Object, int, int)'> (0x0000000708fa6600) thrown at [./src/hotspot/share/interpreter/linkResolver.cpp, line 773]
Event: 2.560 Thread 0x00007fd4f0808800 Implicit null exception at 0x000000011e8faae4 to 0x000000011e8fbbfd
Event: 2.560 Thread 0x00007fd4f0808800 Implicit null exception at 0x000000011e8faae4 to 0x000000011e8fbbfd
Event: 2.560 Thread 0x00007fd4f0808800 Implicit null exception at 0x000000011e8faae4 to 0x000000011e8fbbfd
Event: 2.560 Thread 0x00007fd4f0808800 Implicit null exception at 0x000000011e8faae4 to 0x000000011e8fbbfd
Event: 2.974 Thread 0x00007fd4f0808800 Implicit null exception at 0x000000011e90c79f to 0x000000011e90f108
Event: 3.666 Thread 0x00007fd4f0808800 Implicit null exception at 0x000000011e95fdd7 to 0x000000011e9600ac
Event: 4.954 Thread 0x00007fd4f0808800 Implicit null exception at 0x000000011e9700f2 to 0x000000011e970c78
Event: 6.527 Thread 0x00007fd4f0808800 Implicit null exception at 0x000000011ea3f2d1 to 0x000000011ea3f378

Events (20 events):
Event: 4.791 Executing VM operation: G1CollectForAllocation
Event: 4.794 Executing VM operation: G1CollectForAllocation done
Event: 5.207 Executing VM operation: G1CollectForAllocation
Event: 5.210 Executing VM operation: G1CollectForAllocation done
Event: 5.441 Executing VM operation: G1CollectForAllocation
Event: 5.443 Executing VM operation: G1CollectForAllocation done
Event: 5.674 loading class org/jsoup/parser/Token$1
Event: 5.674 loading class org/jsoup/parser/Token$1 done
Event: 5.682 Executing VM operation: G1CollectForAllocation
Event: 5.685 Executing VM operation: G1CollectForAllocation done
Event: 6.050 Executing VM operation: G1CollectForAllocation
Event: 6.053 Executing VM operation: G1CollectForAllocation done
Event: 6.147 Executing VM operation: G1CollectForAllocation
Event: 6.150 Executing VM operation: G1CollectForAllocation done
Event: 6.511 Executing VM operation: G1CollectForAllocation
Event: 6.514 Executing VM operation: G1CollectForAllocation done
Event: 6.984 Executing VM operation: RevokeBias
Event: 6.984 Executing VM operation: RevokeBias done
Event: 6.984 Executing VM operation: RevokeBias
Event: 6.984 Executing VM operation: RevokeBias done


Dynamic libraries:
0x00007fff351b4000 	/System/Library/Frameworks/Cocoa.framework/Versions/A/Cocoa
0x00007fff223d9000 	/System/Library/Frameworks/Security.framework/Versions/A/Security
0x00007fff333b1000 	/System/Library/Frameworks/ApplicationServices.framework/Versions/A/ApplicationServices
0x00007fff2a662000 	/usr/lib/libz.1.dylib
0x0000000104a0b000 	/Library/Java/JavaVirtualMachines/adoptopenjdk-11.jdk/Contents/Home/lib/jli/libjli.dylib
0x00007fff2a72a000 	/usr/lib/libSystem.B.dylib
0x00007fff22e00000 	/System/Library/Frameworks/AppKit.framework/Versions/C/AppKit
0x00007fff25c98000 	/System/Library/Frameworks/CoreData.framework/Versions/A/CoreData
0x00007fff2134c000 	/System/Library/Frameworks/Foundation.framework/Versions/C/Foundation
0x00007fff23b63000 	/System/Library/PrivateFrameworks/UIFoundation.framework/Versions/A/UIFoundation
0x00007fff2fd90000 	/System/Library/PrivateFrameworks/RemoteViewServices.framework/Versions/A/RemoteViewServices
0x00007fff28b89000 	/System/Library/PrivateFrameworks/XCTTargetBootstrap.framework/Versions/A/XCTTargetBootstrap
0x00007fff2b86a000 	/usr/lib/libspindump.dylib
0x00007fff23db8000 	/System/Library/Frameworks/UniformTypeIdentifiers.framework/Versions/A/UniformTypeIdentifiers
0x00007fff2735f000 	/usr/lib/libapp_launch_measurement.dylib
0x00007fff27362000 	/System/Library/PrivateFrameworks/CoreAutoLayout.framework/Versions/A/CoreAutoLayout
0x00007fff284eb000 	/System/Library/Frameworks/Metal.framework/Versions/A/Metal
0x00007fff291db000 	/usr/lib/liblangid.dylib
0x00007fff28b8d000 	/System/Library/PrivateFrameworks/CoreSVG.framework/Versions/A/CoreSVG
0x00007fff24d9f000 	/System/Library/PrivateFrameworks/SkyLight.framework/Versions/A/SkyLight
0x00007fff25106000 	/System/Library/Frameworks/CoreGraphics.framework/Versions/A/CoreGraphics
0x00007fff303e7000 	/System/Library/Frameworks/Accelerate.framework/Versions/A/Accelerate
0x00007fff2b2a5000 	/System/Library/PrivateFrameworks/IconServices.framework/Versions/A/IconServices
0x00007fff284d0000 	/System/Library/Frameworks/IOSurface.framework/Versions/A/IOSurface
0x00007fff26621000 	/usr/lib/libDiagnosticMessagesClient.dylib
0x00007fff28b75000 	/System/Library/PrivateFrameworks/DFRFoundation.framework/Versions/A/DFRFoundation
0x00007fff2272b000 	/usr/lib/libicucore.A.dylib
0x00007fff2cdb1000 	/System/Library/Frameworks/AudioToolbox.framework/Versions/A/AudioToolbox
0x00007fff2c056000 	/System/Library/PrivateFrameworks/DataDetectorsCore.framework/Versions/A/DataDetectorsCore
0x00007fff28875000 	/System/Library/Frameworks/Carbon.framework/Versions/A/Frameworks/HIToolbox.framework/Versions/A/HIToolbox
0x00007fff26dba000 	/System/Library/Frameworks/QuartzCore.framework/Versions/A/QuartzCore
0x00007fff2fdcc000 	/System/Library/Frameworks/Carbon.framework/Versions/A/Frameworks/SpeechRecognition.framework/Versions/A/SpeechRecognition
0x00007fff270c7000 	/System/Library/PrivateFrameworks/CoreUI.framework/Versions/A/CoreUI
0x00007fff21d34000 	/System/Library/Frameworks/CoreAudio.framework/Versions/A/CoreAudio
0x00007fff2670c000 	/System/Library/Frameworks/DiskArbitration.framework/Versions/A/DiskArbitration
0x00007fff2bc65000 	/System/Library/PrivateFrameworks/MultitouchSupport.framework/Versions/A/MultitouchSupport
0x00007fff2c04d000 	/System/Library/PrivateFrameworks/InternationalSupport.framework/Versions/A/InternationalSupport
0x00007fff24d13000 	/usr/lib/libenergytrace.dylib
0x00007fff22cf9000 	/System/Library/Frameworks/IOKit.framework/Versions/A/IOKit
0x00007fff30119000 	/System/Library/Frameworks/CoreServices.framework/Versions/A/CoreServices
0x00007fff272f5000 	/System/Library/PrivateFrameworks/PerformanceAnalysis.framework/Versions/A/PerformanceAnalysis
0x00007fff6ca82000 	/System/Library/Frameworks/OpenGL.framework/Versions/A/OpenGL
0x00007fff2c0d2000 	/System/Library/PrivateFrameworks/UserActivity.framework/Versions/A/UserActivity
0x00007fff203bf000 	/usr/lib/libobjc.A.dylib
0x00007fff2579a000 	/System/Library/Frameworks/ColorSync.framework/Versions/A/ColorSync
0x00007fff2059f000 	/System/Library/Frameworks/CoreFoundation.framework/Versions/A/CoreFoundation
0x00007fff28df2000 	/System/Library/Frameworks/CoreImage.framework/Versions/A/CoreImage
0x00007fff21b4b000 	/System/Library/Frameworks/CoreText.framework/Versions/A/CoreText
0x00007fff28bb7000 	/System/Library/Frameworks/ImageIO.framework/Versions/A/ImageIO
0x00007fff2a730000 	/System/Library/PrivateFrameworks/SoftLinking.framework/Versions/A/SoftLinking
0x00007fff273ab000 	/usr/lib/libxml2.2.dylib
0x00007fff20484000 	/usr/lib/libc++.1.dylib
0x00007fff2a9a2000 	/usr/lib/libcompression.dylib
0x00007fff24d14000 	/usr/lib/libMobileGestalt.dylib
0x00007fff2bf80000 	/System/Library/PrivateFrameworks/TextureIO.framework/Versions/A/TextureIO
0x00007fff2afc8000 	/usr/lib/libate.dylib
0x00007fff2a724000 	/usr/lib/system/libcache.dylib
0x00007fff2a6e0000 	/usr/lib/system/libcommonCrypto.dylib
0x00007fff2a70a000 	/usr/lib/system/libcompiler_rt.dylib
0x00007fff2a6ff000 	/usr/lib/system/libcopyfile.dylib
0x00007fff202ad000 	/usr/lib/system/libcorecrypto.dylib
0x00007fff2037a000 	/usr/lib/system/libdispatch.dylib
0x00007fff2052e000 	/usr/lib/system/libdyld.dylib
0x00007fff2a71b000 	/usr/lib/system/libkeymgr.dylib
0x00007fff2db63000 	/usr/lib/system/liblaunch.dylib
0x00007fff2a6be000 	/usr/lib/system/libmacho.dylib
0x00007fff29ed8000 	/usr/lib/system/libquarantine.dylib
0x00007fff2a718000 	/usr/lib/system/libremovefile.dylib
0x00007fff24d70000 	/usr/lib/system/libsystem_asl.dylib
0x00007fff2025d000 	/usr/lib/system/libsystem_blocks.dylib
0x00007fff203fb000 	/usr/lib/system/libsystem_c.dylib
0x00007fff2a712000 	/usr/lib/system/libsystem_collections.dylib
0x00007fff291cc000 	/usr/lib/system/libsystem_configuration.dylib
0x00007fff284bf000 	/usr/lib/system/libsystem_containermanager.dylib
0x00007fff2a45a000 	/usr/lib/system/libsystem_coreservices.dylib
0x00007fff2298d000 	/usr/lib/system/libsystem_darwin.dylib
0x00007fff2a71c000 	/usr/lib/system/libsystem_dnssd.dylib
0x00007fff203f8000 	/usr/lib/system/libsystem_featureflags.dylib
0x00007fff20573000 	/usr/lib/system/libsystem_info.dylib
0x00007fff2a675000 	/usr/lib/system/libsystem_m.dylib
0x00007fff2034d000 	/usr/lib/system/libsystem_malloc.dylib
0x00007fff24d04000 	/usr/lib/system/libsystem_networkextension.dylib
0x00007fff22da8000 	/usr/lib/system/libsystem_notify.dylib
0x00007fff30017000 	/usr/lib/system/libsystem_product_info_filter.dylib
0x00007fff291d0000 	/usr/lib/system/libsystem_sandbox.dylib
0x00007fff2a715000 	/usr/lib/system/libsystem_secinit.dylib
0x00007fff204f3000 	/usr/lib/system/libsystem_kernel.dylib
0x00007fff20569000 	/usr/lib/system/libsystem_platform.dylib
0x00007fff20522000 	/usr/lib/system/libsystem_pthread.dylib
0x00007fff2646f000 	/usr/lib/system/libsystem_symptoms.dylib
0x00007fff20295000 	/usr/lib/system/libsystem_trace.dylib
0x00007fff2a6ec000 	/usr/lib/system/libunwind.dylib
0x00007fff2025f000 	/usr/lib/system/libxpc.dylib
0x00007fff204da000 	/usr/lib/libc++abi.dylib
0x00007fff2a6f7000 	/usr/lib/liboah.dylib
0x00007fff2adad000 	/usr/lib/liblzma.5.dylib
0x00007fff21060000 	/System/Library/Frameworks/SystemConfiguration.framework/Versions/A/SystemConfiguration
0x00007fff2a72c000 	/usr/lib/libfakelink.dylib
0x00007fff24866000 	/System/Library/Frameworks/CFNetwork.framework/Versions/A/CFNetwork
0x00007fff2a86c000 	/usr/lib/libarchive.2.dylib
0x00007fff210de000 	/usr/lib/libCRFSuite.dylib
0x00007fff29eff000 	/usr/lib/libbsm.0.dylib
0x00007fff24222000 	/usr/lib/libnetwork.dylib
0x00007fff2a731000 	/usr/lib/libpcap.A.dylib
0x00007fff26468000 	/usr/lib/libdns_services.dylib
0x00007fff2adc6000 	/usr/lib/libcoretls_cfhelpers.dylib
0x00007fff2a970000 	/usr/lib/libapple_nghttp2.dylib
0x00007fff2a6c4000 	/usr/lib/system/libkxld.dylib
0x00007fff260ce000 	/usr/lib/libsqlite3.dylib
0x00007fff2a43c000 	/System/Library/PrivateFrameworks/AppleFSCompression.framework/Versions/A/AppleFSCompression
0x00007fff29ee7000 	/usr/lib/libcoretls.dylib
0x00007fff2a99d000 	/usr/lib/libpam.2.dylib
0x00007fff2aec3000 	/usr/lib/libxar.1.dylib
0x00007fff291d7000 	/System/Library/PrivateFrameworks/AppleSystemInfo.framework/Versions/A/AppleSystemInfo
0x00007fff29b2a000 	/System/Library/PrivateFrameworks/IOMobileFramebuffer.framework/Versions/A/IOMobileFramebuffer
0x00007fff2a44c000 	/usr/lib/libbz2.1.0.dylib
0x00007fff2a769000 	/usr/lib/libiconv.2.dylib
0x00007fff2a6bd000 	/usr/lib/libcharset.1.dylib
0x00007fff27331000 	/System/Library/Frameworks/CoreServices.framework/Versions/A/Frameworks/FSEvents.framework/Versions/A/FSEvents
0x00007fff22997000 	/System/Library/Frameworks/CoreServices.framework/Versions/A/Frameworks/CarbonCore.framework/Versions/A/CarbonCore
0x00007fff26671000 	/System/Library/Frameworks/CoreServices.framework/Versions/A/Frameworks/Metadata.framework/Versions/A/Metadata
0x00007fff2a45f000 	/System/Library/Frameworks/CoreServices.framework/Versions/A/Frameworks/OSServices.framework/Versions/A/OSServices
0x00007fff2a8de000 	/System/Library/Frameworks/CoreServices.framework/Versions/A/Frameworks/SearchKit.framework/Versions/A/SearchKit
0x00007fff263f2000 	/System/Library/Frameworks/CoreServices.framework/Versions/A/Frameworks/AE.framework/Versions/A/AE
0x00007fff20a3b000 	/System/Library/Frameworks/CoreServices.framework/Versions/A/Frameworks/LaunchServices.framework/Versions/A/LaunchServices
0x00007fff2ad5e000 	/System/Library/Frameworks/CoreServices.framework/Versions/A/Frameworks/DictionaryServices.framework/Versions/A/DictionaryServices
0x00007fff2733a000 	/System/Library/Frameworks/CoreServices.framework/Versions/A/Frameworks/SharedFileList.framework/Versions/A/SharedFileList
0x00007fff29edb000 	/usr/lib/libCheckFix.dylib
0x00007fff24d87000 	/System/Library/PrivateFrameworks/TCC.framework/Versions/A/TCC
0x00007fff291dd000 	/System/Library/PrivateFrameworks/CoreNLP.framework/Versions/A/CoreNLP
0x00007fff26624000 	/System/Library/PrivateFrameworks/MetadataUtilities.framework/Versions/A/MetadataUtilities
0x00007fff21114000 	/usr/lib/libmecabra.dylib
0x00007fff2a1ee000 	/System/Library/Frameworks/MLCompute.framework/Versions/A/MLCompute
0x00007fff29f10000 	/usr/lib/libmecab.dylib
0x00007fff29f5a000 	/usr/lib/libgermantok.dylib
0x00007fff2a946000 	/usr/lib/libThaiTokenizer.dylib
0x00007fff2aefe000 	/usr/lib/libChineseTokenizer.dylib
0x00007fff2a99b000 	/System/Library/Frameworks/MetalPerformanceShaders.framework/Versions/A/MetalPerformanceShaders
0x00007fff26713000 	/System/Library/Frameworks/Accelerate.framework/Versions/A/Frameworks/vImage.framework/Versions/A/vImage
0x00007fff300f2000 	/System/Library/Frameworks/Accelerate.framework/Versions/A/Frameworks/vecLib.framework/Versions/A/vecLib
0x00007fff2af09000 	/System/Library/Frameworks/Accelerate.framework/Versions/A/Frameworks/vecLib.framework/Versions/A/libvMisc.dylib
0x00007fff29943000 	/System/Library/Frameworks/Accelerate.framework/Versions/A/Frameworks/vecLib.framework/Versions/A/libvDSP.dylib
0x00007fff20d3f000 	/System/Library/Frameworks/Accelerate.framework/Versions/A/Frameworks/vecLib.framework/Versions/A/libBLAS.dylib
0x00007fff2a9c1000 	/System/Library/Frameworks/Accelerate.framework/Versions/A/Frameworks/vecLib.framework/Versions/A/libLAPACK.dylib
0x00007fff29f60000 	/System/Library/Frameworks/Accelerate.framework/Versions/A/Frameworks/vecLib.framework/Versions/A/libLinearAlgebra.dylib
0x00007fff2a988000 	/System/Library/Frameworks/Accelerate.framework/Versions/A/Frameworks/vecLib.framework/Versions/A/libSparseBLAS.dylib
0x00007fff2a9bb000 	/System/Library/Frameworks/Accelerate.framework/Versions/A/Frameworks/vecLib.framework/Versions/A/libQuadrature.dylib
0x00007fff29285000 	/System/Library/Frameworks/Accelerate.framework/Versions/A/Frameworks/vecLib.framework/Versions/A/libBNNS.dylib
0x00007fff20ff1000 	/System/Library/Frameworks/Accelerate.framework/Versions/A/Frameworks/vecLib.framework/Versions/A/libSparse.dylib
0x00007fff29170000 	/System/Library/Frameworks/MetalPerformanceShaders.framework/Versions/A/Frameworks/MPSCore.framework/Versions/A/MPSCore
0x00007fff2a3ab000 	/System/Library/Frameworks/MetalPerformanceShaders.framework/Versions/A/Frameworks/MPSImage.framework/Versions/A/MPSImage
0x00007fff29f76000 	/System/Library/Frameworks/MetalPerformanceShaders.framework/Versions/A/Frameworks/MPSNeuralNetwork.framework/Versions/A/MPSNeuralNetwork
0x00007fff2a336000 	/System/Library/Frameworks/MetalPerformanceShaders.framework/Versions/A/Frameworks/MPSMatrix.framework/Versions/A/MPSMatrix
0x00007fff2a19e000 	/System/Library/Frameworks/MetalPerformanceShaders.framework/Versions/A/Frameworks/MPSRayIntersector.framework/Versions/A/MPSRayIntersector
0x00007fff2a36d000 	/System/Library/Frameworks/MetalPerformanceShaders.framework/Versions/A/Frameworks/MPSNDArray.framework/Versions/A/MPSNDArray
0x00007fff20c6b000 	/System/Library/PrivateFrameworks/MetalTools.framework/Versions/A/MetalTools
0x00007fff291d5000 	/System/Library/PrivateFrameworks/AggregateDictionary.framework/Versions/A/AggregateDictionary
0x00007fff265fc000 	/System/Library/PrivateFrameworks/CoreAnalytics.framework/Versions/A/CoreAnalytics
0x00007fff2a948000 	/System/Library/PrivateFrameworks/AppleSauce.framework/Versions/A/AppleSauce
0x00007fff284e2000 	/System/Library/PrivateFrameworks/IOAccelerator.framework/Versions/A/IOAccelerator
0x00007fff6ca76000 	/System/Library/Frameworks/OpenGL.framework/Versions/A/Libraries/libCoreFSCache.dylib
0x00007fff216b0000 	/System/Library/PrivateFrameworks/LanguageModeling.framework/Versions/A/LanguageModeling
0x00007fff29b17000 	/System/Library/PrivateFrameworks/CoreEmoji.framework/Versions/A/CoreEmoji
0x00007fff2927e000 	/System/Library/PrivateFrameworks/LinguisticData.framework/Versions/A/LinguisticData
0x00007fff20fa3000 	/System/Library/PrivateFrameworks/Lexicon.framework/Versions/A/Lexicon
0x00007fff2a85a000 	/usr/lib/libcmph.dylib
0x00007fff27311000 	/System/Library/Frameworks/OpenDirectory.framework/Versions/A/Frameworks/CFOpenDirectory.framework/Versions/A/CFOpenDirectory
0x00007fff27301000 	/System/Library/Frameworks/OpenDirectory.framework/Versions/A/OpenDirectory
0x00007fff2adc8000 	/System/Library/PrivateFrameworks/APFS.framework/Versions/A/APFS
0x00007fff29e3c000 	/System/Library/Frameworks/SecurityFoundation.framework/Versions/A/SecurityFoundation
0x00007fff2aed1000 	/usr/lib/libutil.dylib
0x00007fff22cbe000 	/System/Library/PrivateFrameworks/CoreServicesStore.framework/Versions/A/CoreServicesStore
0x00007fff29ed3000 	/System/Library/Frameworks/ServiceManagement.framework/Versions/A/ServiceManagement
0x00007fff2aed5000 	/usr/lib/libxslt.1.dylib
0x00007fff29ec9000 	/System/Library/PrivateFrameworks/BackgroundTaskManagement.framework/Versions/A/BackgroundTaskManagement
0x00007fff2beca000 	/System/Library/Frameworks/ImageIO.framework/Versions/A/Resources/libRadiance.dylib
0x00007fff2bed4000 	/System/Library/Frameworks/ImageIO.framework/Versions/A/Resources/libJPEG.dylib
0x00007fff2be1f000 	/System/Library/Frameworks/ImageIO.framework/Versions/A/Resources/libPng.dylib
0x00007fff2be46000 	/System/Library/Frameworks/ImageIO.framework/Versions/A/Resources/libTIFF.dylib
0x00007fff2bf29000 	/System/Library/Frameworks/ImageIO.framework/Versions/A/Resources/libGIF.dylib
0x00007fff2bb82000 	/System/Library/Frameworks/ImageIO.framework/Versions/A/Resources/libJP2.dylib
0x00007fff2b26c000 	/usr/lib/libexpat.1.dylib
0x00007fff2bb37000 	/System/Library/PrivateFrameworks/AppleJPEG.framework/Versions/A/AppleJPEG
0x00007fff28718000 	/System/Library/PrivateFrameworks/FontServices.framework/libFontParser.dylib
0x00007fff263a6000 	/System/Library/PrivateFrameworks/RunningBoardServices.framework/Versions/A/RunningBoardServices
0x00007fff2bc61000 	/System/Library/PrivateFrameworks/WatchdogClient.framework/Versions/A/WatchdogClient
0x00007fff2179d000 	/System/Library/Frameworks/CoreDisplay.framework/Versions/A/CoreDisplay
0x00007fff2862e000 	/System/Library/Frameworks/CoreMedia.framework/Versions/A/CoreMedia
0x00007fff2748e000 	/System/Library/Frameworks/CoreVideo.framework/Versions/A/CoreVideo
0x00007fff2bc99000 	/System/Library/Frameworks/VideoToolbox.framework/Versions/A/VideoToolbox
0x00007fff26324000 	/System/Library/PrivateFrameworks/BaseBoard.framework/Versions/A/BaseBoard
0x00007fff2b3b1000 	/System/Library/PrivateFrameworks/PersistentConnection.framework/Versions/A/PersistentConnection
0x00007fff260b7000 	/System/Library/PrivateFrameworks/ProtocolBuffer.framework/Versions/A/ProtocolBuffer
0x00007fff2630b000 	/System/Library/PrivateFrameworks/CommonUtilities.framework/Versions/A/CommonUtilities
0x00007fff2bacc000 	/System/Library/PrivateFrameworks/Bom.framework/Versions/A/Bom
0x00007fff2bec3000 	/System/Library/PrivateFrameworks/GPUWrangler.framework/Versions/A/GPUWrangler
0x00007fff2bea6000 	/System/Library/PrivateFrameworks/IOPresentment.framework/Versions/A/IOPresentment
0x00007fff2bece000 	/System/Library/PrivateFrameworks/DSExternalDisplay.framework/Versions/A/DSExternalDisplay
0x00007fff2bf2e000 	/System/Library/PrivateFrameworks/CMCaptureCore.framework/Versions/A/CMCaptureCore
0x00007fff2b851000 	/System/Library/PrivateFrameworks/AppServerSupport.framework/Versions/A/AppServerSupport
0x00007fff2d902000 	/System/Library/PrivateFrameworks/perfdata.framework/Versions/A/perfdata
0x00007fff29e2b000 	/System/Library/PrivateFrameworks/AssertionServices.framework/Versions/A/AssertionServices
0x00007fff218d4000 	/System/Library/PrivateFrameworks/AudioToolboxCore.framework/Versions/A/AudioToolboxCore
0x00007fff28611000 	/System/Library/PrivateFrameworks/caulk.framework/Versions/A/caulk
0x00007fff3d5ad000 	/System/Library/PrivateFrameworks/SystemPolicy.framework/Versions/A/SystemPolicy
0x00007fff2b061000 	/usr/lib/libIOReport.dylib
0x00007fff2d124000 	/usr/lib/libSMC.dylib
0x00007fff2bdec000 	/usr/lib/libAudioToolboxUtility.dylib
0x00007fff3df17000 	/usr/lib/libmis.dylib
0x00007fff6cad2000 	/System/Library/Frameworks/OpenGL.framework/Versions/A/Libraries/libGLU.dylib
0x00007fff6ca95000 	/System/Library/Frameworks/OpenGL.framework/Versions/A/Libraries/libGFXShared.dylib
0x00007fff6cca4000 	/System/Library/Frameworks/OpenGL.framework/Versions/A/Libraries/libGL.dylib
0x00007fff6ca9e000 	/System/Library/Frameworks/OpenGL.framework/Versions/A/Libraries/libGLImage.dylib
0x00007fff6ca92000 	/System/Library/Frameworks/OpenGL.framework/Versions/A/Libraries/libCVMSPluginSupport.dylib
0x00007fff6ca7d000 	/System/Library/Frameworks/OpenGL.framework/Versions/A/Libraries/libCoreVMClient.dylib
0x00007fff6e0e5000 	/System/Library/Frameworks/OpenCL.framework/Versions/A/OpenCL
0x00007fff2b3db000 	/System/Library/PrivateFrameworks/GraphVisualizer.framework/Versions/A/GraphVisualizer
0x00007fff2b3ea000 	/System/Library/PrivateFrameworks/FaceCore.framework/Versions/A/FaceCore
0x00007fff2b806000 	/System/Library/PrivateFrameworks/OTSVG.framework/Versions/A/OTSVG
0x00007fff27085000 	/System/Library/Frameworks/ApplicationServices.framework/Versions/A/Frameworks/ATS.framework/Versions/A/Resources/libFontRegistry.dylib
0x00007fff2b858000 	/System/Library/PrivateFrameworks/FontServices.framework/libhvf.dylib
0x00007fff2b218000 	/System/Library/PrivateFrameworks/AppleVA.framework/Versions/A/AppleVA
0x00007fff2cf6d000 	/System/Library/Frameworks/ApplicationServices.framework/Versions/A/Frameworks/ATS.framework/Versions/A/ATS
0x00007fff2d27f000 	/System/Library/Frameworks/ApplicationServices.framework/Versions/A/Frameworks/ColorSyncLegacy.framework/Versions/A/ColorSyncLegacy
0x00007fff25891000 	/System/Library/Frameworks/ApplicationServices.framework/Versions/A/Frameworks/HIServices.framework/Versions/A/HIServices
0x00007fff2d264000 	/System/Library/Frameworks/ApplicationServices.framework/Versions/A/Frameworks/LangAnalysis.framework/Versions/A/LangAnalysis
0x00007fff2bf38000 	/System/Library/Frameworks/ApplicationServices.framework/Versions/A/Frameworks/PrintCore.framework/Versions/A/PrintCore
0x00007fff2d287000 	/System/Library/Frameworks/ApplicationServices.framework/Versions/A/Frameworks/QD.framework/Versions/A/QD
0x00007fff2cf5d000 	/System/Library/Frameworks/ApplicationServices.framework/Versions/A/Frameworks/SpeechSynthesis.framework/Versions/A/SpeechSynthesis
0x00007fff2bef9000 	/System/Library/Frameworks/ApplicationServices.framework/Versions/A/Frameworks/ATSUI.framework/Versions/A/ATSUI
0x00007fff2d204000 	/usr/lib/libcups.2.dylib
0x00007fff2d274000 	/System/Library/PrivateFrameworks/NetAuth.framework/Versions/A/NetAuth
0x00007fff2d91e000 	/System/Library/Frameworks/Kerberos.framework/Versions/A/Kerberos
0x00007fff2d92e000 	/System/Library/Frameworks/GSS.framework/Versions/A/GSS
0x00007fff2cfd9000 	/usr/lib/libresolv.9.dylib
0x00007fff2b86d000 	/System/Library/PrivateFrameworks/Heimdal.framework/Versions/A/Heimdal
0x00007fff336b2000 	/System/Library/Frameworks/Kerberos.framework/Versions/A/Libraries/libHeimdalProxy.dylib
0x00007fff26477000 	/System/Library/Frameworks/Network.framework/Versions/A/Network
0x00007fff2b286000 	/usr/lib/libheimdal-asn1.dylib
0x00007fff2d97e000 	/System/Library/PrivateFrameworks/CommonAuth.framework/Versions/A/CommonAuth
0x00007fff274db000 	/System/Library/PrivateFrameworks/login.framework/Versions/A/Frameworks/loginsupport.framework/Versions/A/loginsupport
0x00007fff2cee2000 	/System/Library/PrivateFrameworks/AudioSession.framework/Versions/A/AudioSession
0x00007fff2cf4a000 	/usr/lib/libAudioStatistics.dylib
0x00007fff2b313000 	/System/Library/PrivateFrameworks/MediaExperience.framework/Versions/A/MediaExperience
0x00007fff2cd7f000 	/System/Library/PrivateFrameworks/AudioSession.framework/libSessionUtility.dylib
0x00007fff2d90f000 	/usr/lib/libperfcheck.dylib
0x00007fff2d293000 	/System/Library/PrivateFrameworks/AudioResourceArbitration.framework/Versions/A/AudioResourceArbitration
0x00007fff2b290000 	/System/Library/PrivateFrameworks/IconFoundation.framework/Versions/A/IconFoundation
0x00007fff2fdbc000 	/System/Library/PrivateFrameworks/SpeechRecognitionCore.framework/Versions/A/SpeechRecognitionCore
0x000000010d800000 	/Library/Java/JavaVirtualMachines/adoptopenjdk-11.jdk/Contents/Home/lib/server/libjvm.dylib
0x0000000104a41000 	/Library/Java/JavaVirtualMachines/adoptopenjdk-11.jdk/Contents/Home/lib/libverify.dylib
0x0000000104a52000 	/Library/Java/JavaVirtualMachines/adoptopenjdk-11.jdk/Contents/Home/lib/libjava.dylib
0x0000000104a7f000 	/Library/Java/JavaVirtualMachines/adoptopenjdk-11.jdk/Contents/Home/lib/libjimage.dylib
0x0000000104ad5000 	/Library/Java/JavaVirtualMachines/adoptopenjdk-11.jdk/Contents/Home/lib/libzip.dylib
0x0000000104e7c000 	/Library/Java/JavaVirtualMachines/adoptopenjdk-11.jdk/Contents/Home/lib/libnio.dylib
0x0000000104e8f000 	/Library/Java/JavaVirtualMachines/adoptopenjdk-11.jdk/Contents/Home/lib/libnet.dylib
0x000000013388d000 	/private/var/folders/zh/ycxy1lsx5sx0g_2n4l8hfvph0000gn/T/librocksdbjni8132063967981295170.jnilib
0x0000000104ea8000 	/Library/Java/JavaVirtualMachines/adoptopenjdk-11.jdk/Contents/Home/lib/libsunec.dylib
0x0000000104ed1000 	/Library/Java/JavaVirtualMachines/adoptopenjdk-11.jdk/Contents/Home/lib/libextnet.dylib


VM Arguments:
java_command: mypackage/Crawler
java_class_path (initial): bin:./lib/rocksdbjni-6.18.0-osx.jar:./lib/jsoup-1.13.1.jar
Launcher Type: SUN_STANDARD

[Global flags]
     intx CICompilerCount                          = 12                                        {product} {ergonomic}
     uint ConcGCThreads                            = 3                                         {product} {ergonomic}
     uint G1ConcRefinementThreads                  = 13                                        {product} {ergonomic}
   size_t G1HeapRegionSize                         = 1048576                                   {product} {ergonomic}
    uintx GCDrainStackTargetSize                   = 64                                        {product} {ergonomic}
   size_t InitialHeapSize                          = 268435456                                 {product} {ergonomic}
   size_t MarkStackSize                            = 4194304                                   {product} {ergonomic}
   size_t MaxHeapSize                              = 4294967296                                {product} {ergonomic}
   size_t MaxNewSize                               = 2576351232                                {product} {ergonomic}
   size_t MinHeapDeltaBytes                        = 1048576                                   {product} {ergonomic}
    uintx NonNMethodCodeHeapSize                   = 7594288                                {pd product} {ergonomic}
    uintx NonProfiledCodeHeapSize                  = 122031976                              {pd product} {ergonomic}
    uintx ProfiledCodeHeapSize                     = 122031976                              {pd product} {ergonomic}
    uintx ReservedCodeCacheSize                    = 251658240                              {pd product} {ergonomic}
     bool SegmentedCodeCache                       = true                                      {product} {ergonomic}
     bool UseCompressedClassPointers               = true                                 {lp64_product} {ergonomic}
     bool UseCompressedOops                        = true                                 {lp64_product} {ergonomic}
     bool UseG1GC                                  = true                                      {product} {ergonomic}

Logging:
Log output configuration:
 #0: stdout all=warning uptime,level,tags
 #1: stderr all=off uptime,level,tags

Environment Variables:
PATH=/Users/anthonykwok/opt/anaconda3/bin:/Users/anthonykwok/opt/anaconda3/condabin:/Library/Frameworks/Python.framework/Versions/3.8/bin:/usr/local/bin:/usr/bin:/bin:/usr/sbin:/sbin:/Library/Apple/usr/bin:/Users/anthonykwok/.cargo/bin:/Users/anthonykwok/Documents/Dev/flutter/bin
SHELL=/bin/zsh
LC_CTYPE=UTF-8

Signal Handlers:
SIGSEGV: [libjvm.dylib+0x7b893a], sa_mask[0]=11111111011111110111111111111111, sa_flags=SA_ONSTACK|SA_RESTART|SA_SIGINFO
SIGBUS: [libjvm.dylib+0x7b893a], sa_mask[0]=11111111011111110111111111111111, sa_flags=SA_RESTART|SA_SIGINFO
SIGFPE: [libjvm.dylib+0x7b893a], sa_mask[0]=11111111011111110111111111111111, sa_flags=SA_RESTART|SA_SIGINFO
SIGPIPE: [libjvm.dylib+0x61e7db], sa_mask[0]=11111111011111110111111111111111, sa_flags=SA_RESTART|SA_SIGINFO
SIGXFSZ: [libjvm.dylib+0x61e7db], sa_mask[0]=11111111011111110111111111111111, sa_flags=SA_RESTART|SA_SIGINFO
SIGILL: [libjvm.dylib+0x7b893a], sa_mask[0]=11111111011111110111111111111111, sa_flags=SA_RESTART|SA_SIGINFO
SIGUSR2: [libjvm.dylib+0x61edc3], sa_mask[0]=00000000000000000000000000000000, sa_flags=SA_RESTART|SA_SIGINFO
SIGHUP: [libjvm.dylib+0x61d909], sa_mask[0]=11111111011111110111111111111111, sa_flags=SA_RESTART|SA_SIGINFO
SIGINT: [libjvm.dylib+0x61d909], sa_mask[0]=11111111011111110111111111111111, sa_flags=SA_RESTART|SA_SIGINFO
SIGTERM: [libjvm.dylib+0x61d909], sa_mask[0]=11111111011111110111111111111111, sa_flags=SA_RESTART|SA_SIGINFO
SIGQUIT: [libjvm.dylib+0x61d909], sa_mask[0]=11111111011111110111111111111111, sa_flags=SA_RESTART|SA_SIGINFO


---------------  S Y S T E M  ---------------

OS:uname:Darwin 20.3.0 Darwin Kernel Version 20.3.0: Thu Jan 21 00:07:06 PST 2021; root:xnu-7195.81.3~1/RELEASE_X86_64 x86_64
OS uptime: 15 days 0:11 hours
rlimit (soft/hard): STACK 8192k/65532k , CORE 0k/infinity , NPROC 2784/4176 , NOFILE 10240/infinity , AS infinity/infinity , CPU infinity/infinity , DATA infinity/infinity , FSIZE infinity/infinity , MEMLOCK infinity/infinity , RSS infinity/infinity
load average:4.56 4.03 3.86

CPU:total 16 (initial active 16) (8 cores per cpu, 2 threads per core) family 6 model 165 stepping 5 microcode 0xe0, cmov, cx8, fxsr, mmx, sse, sse2, sse3, ssse3, sse4.1, sse4.2, popcnt, avx, avx2, aes, clmul, erms, 3dnowpref, lzcnt, ht, tsc, tscinvbit, bmi1, bmi2, adx, fma

Memory: 4k page, physical 16777216k(118620k free), swap 7340032k(740864k free)

vm_info: OpenJDK 64-Bit Server VM (11.0.10+9) for bsd-amd64 JRE (11.0.10+9), built on Jan 20 2021 11:55:30 by "jenkins" with gcc 4.2.1 Compatible Apple LLVM 10.0.1 (clang-1001.0.46.4)

END.
