#
# A fatal error has been detected by the Java Runtime Environment:
#
#  SIGSEGV (0xb) at pc=0x0000000000000018, pid=44602, tid=0x00007ff633171700
#
# JRE version: OpenJDK Runtime Environment (8.0_275-b01) (build 1.8.0_275-8u275-b01-0ubuntu1~20.04-b01)
# Java VM: OpenJDK 64-Bit Server VM (25.275-b01 mixed mode linux-amd64 compressed oops)
# Problematic frame:
# C  0x0000000000000018
#
# Failed to write core dump. Core dumps have been disabled. To enable core dumping, try "ulimit -c unlimited" before starting Java again
#
# If you would like to submit a bug report, please visit:
#   http://bugreport.java.com/bugreport/crash.jsp
# The crash happened outside the Java Virtual Machine in native code.
# See problematic frame for where to report the bug.
#

---------------  T H R E A D  ---------------

Current thread (0x00007ff62c00a800):  JavaThread "main" [_thread_in_native, id=44603, stack(0x00007ff633072000,0x00007ff633172000)]

siginfo: si_signo: 11 (SIGSEGV), si_code: 1 (SEGV_MAPERR), si_addr: 0x0000000000000018

Registers:
RAX=0x00007ff62c2e0a20, RBX=0x00007ff633170500, RCX=0x00007ff6331704b0, RDX=0x00007ff6331705a0
RSP=0x00007ff633170488, RBP=0x00007ff633170570, RSI=0x00007ff62c2d51e0, RDI=0x00007ff6331704e0
R8 =0x00007ff6331704f0, R9 =0x00007ff6331704f0, R10=0x00007ff6331705a0, R11=0x0000000000000025
R12=0x00007ff62c00aa50, R13=0x00007ff62c48ee00, R14=0x00007ff62c2d51e0, R15=0x00007ff6331704e0
RIP=0x0000000000000018, EFLAGS=0x0000000000010246, CSGSFS=0x002b000000000033, ERR=0x0000000000000014
  TRAPNO=0x000000000000000e

Top of Stack: (sp=0x00007ff633170488)
0x00007ff633170488:   00007ff5eee23a98 00007ff6331707e0
0x00007ff633170498:   00007ff6331705a0 000000001d0286e3
0x00007ff6331704a8:   0000000000000025 00007ff62c48ee00
0x00007ff6331704b8:   0000000000000025 00007ff61d000000
0x00007ff6331704c8:   0000000000000000 00007ff61d024803
0x00007ff6331704d8:   0000000000000000 00007ff61d024803
0x00007ff6331704e8:   0000000000000000 00007ff633170500
0x00007ff6331704f8:   0000000000000000 6853205d39333600
0x00007ff633170508:   63206e776f647475 0000000000000000
0x00007ff633170518:   0000000000000000 00007ff6331705d0
0x00007ff633170528:   00007ff61d1be748 0000000088404dc0
0x00007ff633170538:   846dfd563f2b1800 00000000ead49840
0x00007ff633170548:   00007ff633170680 00007ff62c00aa50
0x00007ff633170558:   00007ff62c2d51e0 0000000000000000
0x00007ff633170568:   0000000000000025 00007ff633170660
0x00007ff633170578:   00007ff5eee23b6c 0000000000000025
0x00007ff633170588:   00007ff5eee23b4c 00007ff633170590
0x00007ff633170598:   00007ff6331705a0 0000000000000000
0x00007ff6331705a8:   0000000000000000 0000000000000000
0x00007ff6331705b8:   0000000000000000 0000000000000000
0x00007ff6331705c8:   0000010100000000 0000000000000000
0x00007ff6331705d8:   0000000000000000 00000000f08005e0
0x00007ff6331705e8:   0000000000000000 00007ff6331705f0
0x00007ff6331705f8:   0000000000000000 0000000000000000
0x00007ff633170608:   0000000000000000 0000000000000000
0x00007ff633170618:   0000000000000000 ffffffffffffffff
0x00007ff633170628:   846dfd563f2b1800 00000000884a8ca8
0x00007ff633170638:   00007ff633170680 0000000000000000
0x00007ff633170648:   00007ff61d5efe50 00007ff633170670
0x00007ff633170658:   00007ff62c00a800 00007ff6331706b0
0x00007ff633170668:   00007ff61d4fb986 00000000885a9b80
0x00007ff633170678:   00007ff61d5efe50 00000000ee2be328 

Instructions: (pc=0x0000000000000018)
0xfffffffffffffff8:   

Register to memory mapping:

RAX=0x00007ff62c2e0a20 is an unknown value
RBX=0x00007ff633170500 is pointing into the stack for thread: 0x00007ff62c00a800
RCX=0x00007ff6331704b0 is pointing into the stack for thread: 0x00007ff62c00a800
RDX=0x00007ff6331705a0 is pointing into the stack for thread: 0x00007ff62c00a800
RSP=0x00007ff633170488 is pointing into the stack for thread: 0x00007ff62c00a800
RBP=0x00007ff633170570 is pointing into the stack for thread: 0x00007ff62c00a800
RSI=0x00007ff62c2d51e0 is an unknown value
RDI=0x00007ff6331704e0 is pointing into the stack for thread: 0x00007ff62c00a800
R8 =0x00007ff6331704f0 is pointing into the stack for thread: 0x00007ff62c00a800
R9 =0x00007ff6331704f0 is pointing into the stack for thread: 0x00007ff62c00a800
R10=0x00007ff6331705a0 is pointing into the stack for thread: 0x00007ff62c00a800
R11=0x0000000000000025 is an unknown value
R12=0x00007ff62c00aa50 is an unknown value
R13=0x00007ff62c48ee00 is an unknown value
R14=0x00007ff62c2d51e0 is an unknown value
R15=0x00007ff6331704e0 is pointing into the stack for thread: 0x00007ff62c00a800


Stack: [0x00007ff633072000,0x00007ff633172000],  sp=0x00007ff633170488,  free space=1017k
Native frames: (J=compiled Java code, j=interpreted, Vv=VM code, C=native code)
C  0x0000000000000018
C  [librocksdbjni1450265062991732427.so+0x2b9b6c]  Java_org_rocksdb_RocksDB_get__J_3BII+0x6c
J 1359  org.rocksdb.RocksDB.get(J[BII)[B (0 bytes) @ 0x00007ff61d4fb986 [0x00007ff61d4fb8c0+0xc6]
J 1362 C1 mypackage.InvertedIndex.getDocIDbyURL(Ljava/lang/String;)Ljava/lang/String; (44 bytes) @ 0x00007ff61d4f902c [0x00007ff61d4f8e40+0x1ec]
j  mypackage.InvertedIndex.getMetadata(Ljava/lang/String;)Ljava/util/Vector;+10
j  mypackage.InvertedIndex.getTitlebyURL(Ljava/lang/String;)Ljava/lang/String;+2
j  mypackage.Crawler.getInfo(Lmypackage/Crawler;Lmypackage/InvertedIndex;)Ljava/lang/String;+57
j  mypackage.Crawler.main([Ljava/lang/String;)V+313
v  ~StubRoutines::call_stub
V  [libjvm.so+0x69d485]
V  [libjvm.so+0x717d46]
V  [libjvm.so+0x71b636]
C  [libjli.so+0x4802]
C  [libjli.so+0x8dc1]
C  [libpthread.so.0+0x9609]  start_thread+0xd9

Java frames: (J=compiled Java code, j=interpreted, Vv=VM code)
J 1359  org.rocksdb.RocksDB.get(J[BII)[B (0 bytes) @ 0x00007ff61d4fb90c [0x00007ff61d4fb8c0+0x4c]
J 1362 C1 mypackage.InvertedIndex.getDocIDbyURL(Ljava/lang/String;)Ljava/lang/String; (44 bytes) @ 0x00007ff61d4f902c [0x00007ff61d4f8e40+0x1ec]
j  mypackage.InvertedIndex.getMetadata(Ljava/lang/String;)Ljava/util/Vector;+10
j  mypackage.InvertedIndex.getTitlebyURL(Ljava/lang/String;)Ljava/lang/String;+2
j  mypackage.Crawler.getInfo(Lmypackage/Crawler;Lmypackage/InvertedIndex;)Ljava/lang/String;+57
j  mypackage.Crawler.main([Ljava/lang/String;)V+313
v  ~StubRoutines::call_stub

---------------  P R O C E S S  ---------------

Java Threads: ( => current thread )
  0x00007ff62c0d4000 JavaThread "Service Thread" daemon [_thread_blocked, id=44620, stack(0x00007ff5ef648000,0x00007ff5ef749000)]
  0x00007ff62c0c8800 JavaThread "C1 CompilerThread3" daemon [_thread_blocked, id=44619, stack(0x00007ff5ef74a000,0x00007ff5ef84a000)]
  0x00007ff62c0c6800 JavaThread "C2 CompilerThread2" daemon [_thread_blocked, id=44618, stack(0x00007ff5ef84b000,0x00007ff5ef94b000)]
  0x00007ff62c0c5000 JavaThread "C2 CompilerThread1" daemon [_thread_blocked, id=44617, stack(0x00007ff60401d000,0x00007ff60411d000)]
  0x00007ff62c0c2000 JavaThread "C2 CompilerThread0" daemon [_thread_blocked, id=44616, stack(0x00007ff60411e000,0x00007ff60421e000)]
  0x00007ff62c0bf000 JavaThread "Signal Dispatcher" daemon [_thread_blocked, id=44615, stack(0x00007ff60421e000,0x00007ff60431f000)]
  0x00007ff62c08e800 JavaThread "Finalizer" daemon [_thread_blocked, id=44614, stack(0x00007ff60431f000,0x00007ff604420000)]
  0x00007ff62c08a000 JavaThread "Reference Handler" daemon [_thread_blocked, id=44613, stack(0x00007ff61c0af000,0x00007ff61c1b0000)]
=>0x00007ff62c00a800 JavaThread "main" [_thread_in_native, id=44603, stack(0x00007ff633072000,0x00007ff633172000)]

Other Threads:
  0x00007ff62c080000 VMThread [stack: 0x00007ff61c1b1000,0x00007ff61c2b1000] [id=44612]
  0x00007ff62c0d6800 WatcherThread [stack: 0x00007ff5ef548000,0x00007ff5ef648000] [id=44621]

VM state:not at safepoint (normal execution)

VM Mutex/Monitor currently owned by a thread: None

heap address: 0x0000000088400000, size: 1916 MB, Compressed Oops mode: 32-bit
Narrow klass base: 0x0000000000000000, Narrow klass shift: 3
Compressed class space size: 1073741824 Address: 0x0000000100000000

Heap:
 PSYoungGen      total 399360K, used 370010K [0x00000000d8180000, 0x00000000f1000000, 0x0000000100000000)
  eden space 392192K, 94% used [0x00000000d8180000,0x00000000eea3f060,0x00000000f0080000)
  from space 7168K, 8% used [0x00000000f0800000,0x00000000f0897818,0x00000000f0f00000)
  to   space 7680K, 0% used [0x00000000f0080000,0x00000000f0080000,0x00000000f0800000)
 ParOldGen       total 81920K, used 5085K [0x0000000088400000, 0x000000008d400000, 0x00000000d8180000)
  object space 81920K, 6% used [0x0000000088400000,0x00000000888f7700,0x000000008d400000)
 Metaspace       used 12986K, capacity 13228K, committed 13440K, reserved 1060864K
  class space    used 1465K, capacity 1548K, committed 1664K, reserved 1048576K

Card table byte_map: [0x00007ff632880000,0x00007ff632c3f000] byte_map_base: 0x00007ff63243e000

Marking Bits: (ParMarkBitMap*) 0x00007ff63429e680
 Begin Bits: [0x00007ff604420000, 0x00007ff606210000)
 End Bits:   [0x00007ff606210000, 0x00007ff608000000)

Polling page: 0x00007ff634545000

CodeCache: size=245760Kb used=6960Kb max_used=6960Kb free=238799Kb
 bounds [0x00007ff61d000000, 0x00007ff61d6e0000, 0x00007ff62c000000]
 total_blobs=2200 nmethods=1785 adapters=328
 compilation: enabled

Compilation events (10 events):
Event: 169.021 Thread 0x00007ff62c0c8800 1781       3       java.util.regex.Pattern::compile (406 bytes)
Event: 169.022 Thread 0x00007ff62c0c5000 nmethod 1783 0x00007ff61d651710 code [0x00007ff61d651860, 0x00007ff61d6518d8]
Event: 169.022 Thread 0x00007ff62c0c6800 nmethod 1784 0x00007ff61d6c5810 code [0x00007ff61d6c5960, 0x00007ff61d6c5a38]
Event: 169.024 Thread 0x00007ff62c0c8800 nmethod 1781 0x00007ff61d6c87d0 code [0x00007ff61d6c8b80, 0x00007ff61d6cae48]
Event: 169.024 Thread 0x00007ff62c0c8800 1782       3       java.util.regex.Pattern::RemoveQEQuoting (346 bytes)
Event: 169.025 Thread 0x00007ff62c0c8800 nmethod 1782 0x00007ff61d6c6b10 code [0x00007ff61d6c6d80, 0x00007ff61d6c7e78]
Event: 169.025 Thread 0x00007ff62c0c8800 1780       3       jdk.internal.org.objectweb.asm.ClassWriter::newMethodItem (91 bytes)
Event: 169.026 Thread 0x00007ff62c0c8800 nmethod 1780 0x00007ff61d6c5e50 code [0x00007ff61d6c6040, 0x00007ff61d6c66b8]
Event: 174.939 Thread 0x00007ff62c0c8800 1785       3       java.util.regex.Pattern::group0 (994 bytes)
Event: 174.947 Thread 0x00007ff62c0c8800 nmethod 1785 0x00007ff61d6cbcd0 code [0x00007ff61d6cc480, 0x00007ff61d6d1128]

GC Heap History (10 events):
Event: 20.442 GC heap before
{Heap before GC invocations=6 (full 0):
 PSYoungGen      total 66560K, used 65960K [0x00000000d8180000, 0x00000000e0580000, 0x0000000100000000)
  eden space 61440K, 100% used [0x00000000d8180000,0x00000000dbd80000,0x00000000dbd80000)
  from space 5120K, 88% used [0x00000000dbd80000,0x00000000dc1ea1e8,0x00000000dc280000)
  to   space 6144K, 0% used [0x00000000dff80000,0x00000000dff80000,0x00000000e0580000)
 ParOldGen       total 81920K, used 650K [0x0000000088400000, 0x000000008d400000, 0x00000000d8180000)
  object space 81920K, 0% used [0x0000000088400000,0x00000000884a2ae0,0x000000008d400000)
 Metaspace       used 12532K, capacity 12700K, committed 13056K, reserved 1060864K
  class space    used 1423K, capacity 1498K, committed 1536K, reserved 1048576K
Event: 20.446 GC heap after
Heap after GC invocations=6 (full 0):
 PSYoungGen      total 128000K, used 4502K [0x00000000d8180000, 0x00000000e0480000, 0x0000000100000000)
  eden space 122880K, 0% used [0x00000000d8180000,0x00000000d8180000,0x00000000df980000)
  from space 5120K, 87% used [0x00000000dff80000,0x00000000e03e5b30,0x00000000e0480000)
  to   space 5632K, 0% used [0x00000000df980000,0x00000000df980000,0x00000000dff00000)
 ParOldGen       total 81920K, used 658K [0x0000000088400000, 0x000000008d400000, 0x00000000d8180000)
  object space 81920K, 0% used [0x0000000088400000,0x00000000884a4ae0,0x000000008d400000)
 Metaspace       used 12532K, capacity 12700K, committed 13056K, reserved 1060864K
  class space    used 1423K, capacity 1498K, committed 1536K, reserved 1048576K
}
Event: 20.484 GC heap before
{Heap before GC invocations=7 (full 0):
 PSYoungGen      total 128000K, used 127382K [0x00000000d8180000, 0x00000000e0480000, 0x0000000100000000)
  eden space 122880K, 100% used [0x00000000d8180000,0x00000000df980000,0x00000000df980000)
  from space 5120K, 87% used [0x00000000dff80000,0x00000000e03e5b30,0x00000000e0480000)
  to   space 5632K, 0% used [0x00000000df980000,0x00000000df980000,0x00000000dff00000)
 ParOldGen       total 81920K, used 658K [0x0000000088400000, 0x000000008d400000, 0x00000000d8180000)
  object space 81920K, 0% used [0x0000000088400000,0x00000000884a4ae0,0x000000008d400000)
 Metaspace       used 12536K, capacity 12764K, committed 13056K, reserved 1060864K
  class space    used 1423K, capacity 1498K, committed 1536K, reserved 1048576K
Event: 20.488 GC heap after
Heap after GC invocations=7 (full 0):
 PSYoungGen      total 128512K, used 64K [0x00000000d8180000, 0x00000000e7e80000, 0x0000000100000000)
  eden space 122880K, 0% used [0x00000000d8180000,0x00000000d8180000,0x00000000df980000)
  from space 5632K, 1% used [0x00000000df980000,0x00000000df990000,0x00000000dff00000)
  to   space 6656K, 0% used [0x00000000e7800000,0x00000000e7800000,0x00000000e7e80000)
 ParOldGen       total 81920K, used 5053K [0x0000000088400000, 0x000000008d400000, 0x00000000d8180000)
  object space 81920K, 6% used [0x0000000088400000,0x00000000888ef700,0x000000008d400000)
 Metaspace       used 12536K, capacity 12764K, committed 13056K, reserved 1060864K
  class space    used 1423K, capacity 1498K, committed 1536K, reserved 1048576K
}
Event: 20.507 GC heap before
{Heap before GC invocations=8 (full 0):
 PSYoungGen      total 128512K, used 122944K [0x00000000d8180000, 0x00000000e7e80000, 0x0000000100000000)
  eden space 122880K, 100% used [0x00000000d8180000,0x00000000df980000,0x00000000df980000)
  from space 5632K, 1% used [0x00000000df980000,0x00000000df990000,0x00000000dff00000)
  to   space 6656K, 0% used [0x00000000e7800000,0x00000000e7800000,0x00000000e7e80000)
 ParOldGen       total 81920K, used 5053K [0x0000000088400000, 0x000000008d400000, 0x00000000d8180000)
  object space 81920K, 6% used [0x0000000088400000,0x00000000888ef700,0x000000008d400000)
 Metaspace       used 12536K, capacity 12764K, committed 13056K, reserved 1060864K
  class space    used 1423K, capacity 1498K, committed 1536K, reserved 1048576K
Event: 20.509 GC heap after
Heap after GC invocations=8 (full 0):
 PSYoungGen      total 251904K, used 128K [0x00000000d8180000, 0x00000000e7f80000, 0x0000000100000000)
  eden space 245248K, 0% used [0x00000000d8180000,0x00000000d8180000,0x00000000e7100000)
  from space 6656K, 1% used [0x00000000e7800000,0x00000000e7820000,0x00000000e7e80000)
  to   space 7168K, 0% used [0x00000000e7100000,0x00000000e7100000,0x00000000e7800000)
 ParOldGen       total 81920K, used 5061K [0x0000000088400000, 0x000000008d400000, 0x00000000d8180000)
  object space 81920K, 6% used [0x0000000088400000,0x00000000888f1700,0x000000008d400000)
 Metaspace       used 12536K, capacity 12764K, committed 13056K, reserved 1060864K
  class space    used 1423K, capacity 1498K, committed 1536K, reserved 1048576K
}
Event: 20.719 GC heap before
{Heap before GC invocations=9 (full 0):
 PSYoungGen      total 251904K, used 245376K [0x00000000d8180000, 0x00000000e7f80000, 0x0000000100000000)
  eden space 245248K, 100% used [0x00000000d8180000,0x00000000e7100000,0x00000000e7100000)
  from space 6656K, 1% used [0x00000000e7800000,0x00000000e7820000,0x00000000e7e80000)
  to   space 7168K, 0% used [0x00000000e7100000,0x00000000e7100000,0x00000000e7800000)
 ParOldGen       total 81920K, used 5061K [0x0000000088400000, 0x000000008d400000, 0x00000000d8180000)
  object space 81920K, 6% used [0x0000000088400000,0x00000000888f1700,0x000000008d400000)
 Metaspace       used 12613K, capacity 12828K, committed 13056K, reserved 1060864K
  class space    used 1423K, capacity 1498K, committed 1536K, reserved 1048576K
Event: 20.721 GC heap after
Heap after GC invocations=9 (full 0):
 PSYoungGen      total 252416K, used 406K [0x00000000d8180000, 0x00000000f0f00000, 0x0000000100000000)
  eden space 245248K, 0% used [0x00000000d8180000,0x00000000d8180000,0x00000000e7100000)
  from space 7168K, 5% used [0x00000000e7100000,0x00000000e71659a8,0x00000000e7800000)
  to   space 7168K, 0% used [0x00000000f0800000,0x00000000f0800000,0x00000000f0f00000)
 ParOldGen       total 81920K, used 5077K [0x0000000088400000, 0x000000008d400000, 0x00000000d8180000)
  object space 81920K, 6% used [0x0000000088400000,0x00000000888f5700,0x000000008d400000)
 Metaspace       used 12613K, capacity 12828K, committed 13056K, reserved 1060864K
  class space    used 1423K, capacity 1498K, committed 1536K, reserved 1048576K
}
Event: 20.836 GC heap before
{Heap before GC invocations=10 (full 0):
 PSYoungGen      total 252416K, used 245654K [0x00000000d8180000, 0x00000000f0f00000, 0x0000000100000000)
  eden space 245248K, 100% used [0x00000000d8180000,0x00000000e7100000,0x00000000e7100000)
  from space 7168K, 5% used [0x00000000e7100000,0x00000000e71659a8,0x00000000e7800000)
  to   space 7168K, 0% used [0x00000000f0800000,0x00000000f0800000,0x00000000f0f00000)
 ParOldGen       total 81920K, used 5077K [0x0000000088400000, 0x000000008d400000, 0x00000000d8180000)
  object space 81920K, 6% used [0x0000000088400000,0x00000000888f5700,0x000000008d400000)
 Metaspace       used 12631K, capacity 12828K, committed 13056K, reserved 1060864K
  class space    used 1423K, capacity 1498K, committed 1536K, reserved 1048576K
Event: 20.839 GC heap after
Heap after GC invocations=10 (full 0):
 PSYoungGen      total 399360K, used 606K [0x00000000d8180000, 0x00000000f1000000, 0x0000000100000000)
  eden space 392192K, 0% used [0x00000000d8180000,0x00000000d8180000,0x00000000f0080000)
  from space 7168K, 8% used [0x00000000f0800000,0x00000000f0897818,0x00000000f0f00000)
  to   space 7680K, 0% used [0x00000000f0080000,0x00000000f0080000,0x00000000f0800000)
 ParOldGen       total 81920K, used 5085K [0x0000000088400000, 0x000000008d400000, 0x00000000d8180000)
  object space 81920K, 6% used [0x0000000088400000,0x00000000888f7700,0x000000008d400000)
 Metaspace       used 12631K, capacity 12828K, committed 13056K, reserved 1060864K
  class space    used 1423K, capacity 1498K, committed 1536K, reserved 1048576K
}

Deoptimization events (10 events):
Event: 168.985 Thread 0x00007ff62c00a800 Uncommon trap: reason=class_check action=maybe_recompile pc=0x00007ff61d658f18 method=java.util.regex.Matcher.getSubSequence(II)Ljava/lang/CharSequence; @ 6
Event: 168.985 Thread 0x00007ff62c00a800 Uncommon trap: reason=class_check action=maybe_recompile pc=0x00007ff61d658f18 method=java.util.regex.Matcher.getSubSequence(II)Ljava/lang/CharSequence; @ 6
Event: 168.986 Thread 0x00007ff62c00a800 Uncommon trap: reason=unstable_if action=reinterpret pc=0x00007ff61d592bd0 method=java.lang.StringCoding$StringEncoder.encode([CII)[B @ 20
Event: 168.994 Thread 0x00007ff62c00a800 Uncommon trap: reason=class_check action=maybe_recompile pc=0x00007ff61d500d6c method=java.util.AbstractCollection.toArray([Ljava/lang/Object;)[Ljava/lang/Object; @ 1
Event: 168.998 Thread 0x00007ff62c00a800 Uncommon trap: reason=class_check action=maybe_recompile pc=0x00007ff61d500d6c method=java.util.AbstractCollection.toArray([Ljava/lang/Object;)[Ljava/lang/Object; @ 1
Event: 169.000 Thread 0x00007ff62c00a800 Uncommon trap: reason=class_check action=maybe_recompile pc=0x00007ff61d500d6c method=java.util.AbstractCollection.toArray([Ljava/lang/Object;)[Ljava/lang/Object; @ 1
Event: 169.020 Thread 0x00007ff62c00a800 Uncommon trap: reason=class_check action=maybe_recompile pc=0x00007ff61d66471c method=java.util.regex.Matcher.getTextLength()I @ 4
Event: 174.937 Thread 0x00007ff62c00a800 Uncommon trap: reason=class_check action=maybe_recompile pc=0x00007ff61d50f67c method=java.util.regex.Pattern$BmpCharProperty.match(Ljava/util/regex/Matcher;ILjava/lang/CharSequence;)Z @ 11
Event: 174.937 Thread 0x00007ff62c00a800 Uncommon trap: reason=class_check action=maybe_recompile pc=0x00007ff61d658f18 method=java.util.regex.Matcher.getSubSequence(II)Ljava/lang/CharSequence; @ 6
Event: 174.937 Thread 0x00007ff62c00a800 Uncommon trap: reason=unstable_if action=reinterpret pc=0x00007ff61d514ea8 method=java.lang.String.split(Ljava/lang/String;I)[Ljava/lang/String; @ 263

Classes redefined (0 events):
No events

Internal exceptions (10 events):
Event: 0.072 Thread 0x00007ff62c00a800 Exception <a 'java/security/PrivilegedActionException'> (0x00000000d81e2838) thrown at [/build/openjdk-8-Th12f8/openjdk-8-8u275-b01/src/hotspot/src/share/vm/prims/jvm.cpp, line 1521]
Event: 0.129 Thread 0x00007ff62c00a800 Exception <a 'java/lang/NoSuchFieldError': method resolution failed> (0x00000000d843d740) thrown at [/build/openjdk-8-Th12f8/openjdk-8-8u275-b01/src/hotspot/src/share/vm/prims/methodHandles.cpp, line 1169]
Event: 0.130 Thread 0x00007ff62c00a800 Exception <a 'java/lang/NoSuchFieldError': method resolution failed> (0x00000000d844ab70) thrown at [/build/openjdk-8-Th12f8/openjdk-8-8u275-b01/src/hotspot/src/share/vm/prims/methodHandles.cpp, line 1169]
Event: 0.168 Thread 0x00007ff62c00a800 Exception <a 'java/security/PrivilegedActionException'> (0x00000000d85dd2b8) thrown at [/build/openjdk-8-Th12f8/openjdk-8-8u275-b01/src/hotspot/src/share/vm/prims/jvm.cpp, line 1521]
Event: 0.168 Thread 0x00007ff62c00a800 Exception <a 'java/security/PrivilegedActionException'> (0x00000000d85dd4c8) thrown at [/build/openjdk-8-Th12f8/openjdk-8-8u275-b01/src/hotspot/src/share/vm/prims/jvm.cpp, line 1521]
Event: 0.168 Thread 0x00007ff62c00a800 Exception <a 'java/security/PrivilegedActionException'> (0x00000000d85dfbe8) thrown at [/build/openjdk-8-Th12f8/openjdk-8-8u275-b01/src/hotspot/src/share/vm/prims/jvm.cpp, line 1521]
Event: 0.168 Thread 0x00007ff62c00a800 Exception <a 'java/security/PrivilegedActionException'> (0x00000000d85dfdf8) thrown at [/build/openjdk-8-Th12f8/openjdk-8-8u275-b01/src/hotspot/src/share/vm/prims/jvm.cpp, line 1521]
Event: 20.112 Thread 0x00007ff62c00a800 Implicit null exception at 0x00007ff61d3410f8 to 0x00007ff61d341249
Event: 20.305 Thread 0x00007ff62c00a800 Implicit null exception at 0x00007ff61d345ef5 to 0x00007ff61d3462a9
Event: 168.996 Thread 0x00007ff62c00a800 Exception <a 'java/lang/NoSuchMethodError': java.lang.Object.lambda$comparingByValue$1065357e$1(Ljava/util/Map$Entry;Ljava/util/Map$Entry;)I> (0x00000000edac8850) thrown at [/build/openjdk-8-Th12f8/openjdk-8-8u275-b01/src/hotspot/src/share/vm/interpreter/

Events (10 events):
Event: 169.021 Thread 0x00007ff62c00a800 DEOPT UNPACKING pc=0x00007ff61d04547a sp=0x00007ff633170688 mode 2
Event: 174.937 Thread 0x00007ff62c00a800 Uncommon trap: trap_request=0xffffffde fr.pc=0x00007ff61d50f67c
Event: 174.937 Thread 0x00007ff62c00a800 DEOPT PACKING pc=0x00007ff61d50f67c sp=0x00007ff6331704f0
Event: 174.937 Thread 0x00007ff62c00a800 DEOPT UNPACKING pc=0x00007ff61d04547a sp=0x00007ff6331704d8 mode 2
Event: 174.937 Thread 0x00007ff62c00a800 Uncommon trap: trap_request=0xffffffde fr.pc=0x00007ff61d658f18
Event: 174.937 Thread 0x00007ff62c00a800 DEOPT PACKING pc=0x00007ff61d658f18 sp=0x00007ff6331706d0
Event: 174.937 Thread 0x00007ff62c00a800 DEOPT UNPACKING pc=0x00007ff61d04547a sp=0x00007ff633170640 mode 2
Event: 174.937 Thread 0x00007ff62c00a800 Uncommon trap: trap_request=0xffffff65 fr.pc=0x00007ff61d514ea8
Event: 174.937 Thread 0x00007ff62c00a800 DEOPT PACKING pc=0x00007ff61d514ea8 sp=0x00007ff6331707b0
Event: 174.937 Thread 0x00007ff62c00a800 DEOPT UNPACKING pc=0x00007ff61d04547a sp=0x00007ff633170788 mode 2


Dynamic libraries:
88400000-8d400000 rw-p 00000000 00:00 0 
8d400000-d8180000 ---p 00000000 00:00 0 
d8180000-f1000000 rw-p 00000000 00:00 0 
f1000000-100000000 ---p 00000000 00:00 0 
100000000-1001a0000 rw-p 00000000 00:00 0 
1001a0000-140000000 ---p 00000000 00:00 0 
5593bcc03000-5593bcc04000 r--p 00000000 08:07 920867                     /usr/lib/jvm/java-8-openjdk-amd64/jre/bin/java
5593bcc04000-5593bcc05000 r-xp 00001000 08:07 920867                     /usr/lib/jvm/java-8-openjdk-amd64/jre/bin/java
5593bcc05000-5593bcc06000 r--p 00002000 08:07 920867                     /usr/lib/jvm/java-8-openjdk-amd64/jre/bin/java
5593bcc06000-5593bcc07000 r--p 00002000 08:07 920867                     /usr/lib/jvm/java-8-openjdk-amd64/jre/bin/java
5593bcc07000-5593bcc08000 rw-p 00003000 08:07 920867                     /usr/lib/jvm/java-8-openjdk-amd64/jre/bin/java
5593bdf84000-5593bdfa5000 rw-p 00000000 00:00 0                          [heap]
7ff5a0000000-7ff5a0021000 rw-p 00000000 00:00 0 
7ff5a0021000-7ff5a4000000 ---p 00000000 00:00 0 
7ff5a4000000-7ff5a4021000 rw-p 00000000 00:00 0 
7ff5a4021000-7ff5a8000000 ---p 00000000 00:00 0 
7ff5a8000000-7ff5a8021000 rw-p 00000000 00:00 0 
7ff5a8021000-7ff5ac000000 ---p 00000000 00:00 0 
7ff5acffa000-7ff5acffb000 ---p 00000000 00:00 0 
7ff5acffb000-7ff5ad7fb000 rw-p 00000000 00:00 0 
7ff5ad7fb000-7ff5ad7fc000 ---p 00000000 00:00 0 
7ff5ad7fc000-7ff5adffc000 rw-p 00000000 00:00 0 
7ff5adffc000-7ff5adffd000 ---p 00000000 00:00 0 
7ff5adffd000-7ff5ae7fd000 rw-p 00000000 00:00 0 
7ff5ae7fd000-7ff5ae7fe000 ---p 00000000 00:00 0 
7ff5ae7fe000-7ff5aeffe000 rw-p 00000000 00:00 0 
7ff5b0000000-7ff5b0021000 rw-p 00000000 00:00 0 
7ff5b0021000-7ff5b4000000 ---p 00000000 00:00 0 
7ff5b57fb000-7ff5b57fc000 ---p 00000000 00:00 0 
7ff5b57fc000-7ff5b5ffc000 rw-p 00000000 00:00 0 
7ff5b8000000-7ff5b8021000 rw-p 00000000 00:00 0 
7ff5b8021000-7ff5bc000000 ---p 00000000 00:00 0 
7ff5bc000000-7ff5bc021000 rw-p 00000000 00:00 0 
7ff5bc021000-7ff5c0000000 ---p 00000000 00:00 0 
7ff5c0000000-7ff5c0021000 rw-p 00000000 00:00 0 
7ff5c0021000-7ff5c4000000 ---p 00000000 00:00 0 
7ff5c4000000-7ff5c4021000 rw-p 00000000 00:00 0 
7ff5c4021000-7ff5c8000000 ---p 00000000 00:00 0 
7ff5c8000000-7ff5c8021000 rw-p 00000000 00:00 0 
7ff5c8021000-7ff5cc000000 ---p 00000000 00:00 0 
7ff5cc000000-7ff5cc021000 rw-p 00000000 00:00 0 
7ff5cc021000-7ff5d0000000 ---p 00000000 00:00 0 
7ff5d0000000-7ff5d0021000 rw-p 00000000 00:00 0 
7ff5d0021000-7ff5d4000000 ---p 00000000 00:00 0 
7ff5d4000000-7ff5d49ff000 rw-p 00000000 00:00 0 
7ff5d49ff000-7ff5d8000000 ---p 00000000 00:00 0 
7ff5d8000000-7ff5d858b000 rw-p 00000000 00:00 0 
7ff5d858b000-7ff5dc000000 ---p 00000000 00:00 0 
7ff5dc000000-7ff5dca22000 rw-p 00000000 00:00 0 
7ff5dca22000-7ff5e0000000 ---p 00000000 00:00 0 
7ff5e0000000-7ff5e0c71000 rw-p 00000000 00:00 0 
7ff5e0c71000-7ff5e4000000 ---p 00000000 00:00 0 
7ff5e4000000-7ff5e4021000 rw-p 00000000 00:00 0 
7ff5e4021000-7ff5e8000000 ---p 00000000 00:00 0 
7ff5e8000000-7ff5e8021000 rw-p 00000000 00:00 0 
7ff5e8021000-7ff5ec000000 ---p 00000000 00:00 0 
7ff5ed5e9000-7ff5ed5ec000 ---p 00000000 00:00 0 
7ff5ed5ec000-7ff5ed86a000 rw-p 00000000 00:00 0 
7ff5ed86a000-7ff5ed8ea000 ---p 00000000 00:00 0 
7ff5ed8ea000-7ff5ed8fd000 r--s 0034b000 08:07 922034                     /usr/lib/jvm/java-8-openjdk-amd64/jre/lib/resources.jar
7ff5ed8fd000-7ff5ed8ff000 r--p 00000000 08:07 999102                     /usr/lib/x86_64-linux-gnu/libnss_dns-2.31.so
7ff5ed8ff000-7ff5ed903000 r-xp 00002000 08:07 999102                     /usr/lib/x86_64-linux-gnu/libnss_dns-2.31.so
7ff5ed903000-7ff5ed904000 r--p 00006000 08:07 999102                     /usr/lib/x86_64-linux-gnu/libnss_dns-2.31.so
7ff5ed904000-7ff5ed905000 r--p 00006000 08:07 999102                     /usr/lib/x86_64-linux-gnu/libnss_dns-2.31.so
7ff5ed905000-7ff5ed906000 rw-p 00007000 08:07 999102                     /usr/lib/x86_64-linux-gnu/libnss_dns-2.31.so
7ff5ed906000-7ff5ed90a000 r--p 00000000 08:07 999109                     /usr/lib/x86_64-linux-gnu/libresolv-2.31.so
7ff5ed90a000-7ff5ed91a000 r-xp 00004000 08:07 999109                     /usr/lib/x86_64-linux-gnu/libresolv-2.31.so
7ff5ed91a000-7ff5ed91d000 r--p 00014000 08:07 999109                     /usr/lib/x86_64-linux-gnu/libresolv-2.31.so
7ff5ed91d000-7ff5ed91e000 ---p 00017000 08:07 999109                     /usr/lib/x86_64-linux-gnu/libresolv-2.31.so
7ff5ed91e000-7ff5ed91f000 r--p 00017000 08:07 999109                     /usr/lib/x86_64-linux-gnu/libresolv-2.31.so
7ff5ed91f000-7ff5ed920000 rw-p 00018000 08:07 999109                     /usr/lib/x86_64-linux-gnu/libresolv-2.31.so
7ff5ed920000-7ff5ed922000 rw-p 00000000 00:00 0 
7ff5ed922000-7ff5ed923000 r--p 00000000 08:07 923850                     /usr/lib/x86_64-linux-gnu/libnss_mdns4_minimal.so.2
7ff5ed923000-7ff5ed925000 r-xp 00001000 08:07 923850                     /usr/lib/x86_64-linux-gnu/libnss_mdns4_minimal.so.2
7ff5ed925000-7ff5ed926000 r--p 00003000 08:07 923850                     /usr/lib/x86_64-linux-gnu/libnss_mdns4_minimal.so.2
7ff5ed926000-7ff5ed927000 r--p 00003000 08:07 923850                     /usr/lib/x86_64-linux-gnu/libnss_mdns4_minimal.so.2
7ff5ed927000-7ff5ed928000 rw-p 00004000 08:07 923850                     /usr/lib/x86_64-linux-gnu/libnss_mdns4_minimal.so.2
7ff5ed939000-7ff5edb39000 rw-p 00000000 00:00 0 
7ff5edb39000-7ff5edb40000 r--p 00000000 08:07 921457                     /usr/lib/jvm/java-8-openjdk-amd64/jre/lib/amd64/libsunec.so
7ff5edb40000-7ff5edb59000 r-xp 00007000 08:07 921457                     /usr/lib/jvm/java-8-openjdk-amd64/jre/lib/amd64/libsunec.so
7ff5edb59000-7ff5edb63000 r--p 00020000 08:07 921457                     /usr/lib/jvm/java-8-openjdk-amd64/jre/lib/amd64/libsunec.so
7ff5edb63000-7ff5edb67000 r--p 00029000 08:07 921457                     /usr/lib/jvm/java-8-openjdk-amd64/jre/lib/amd64/libsunec.so
7ff5edb67000-7ff5edb68000 rw-p 0002d000 08:07 921457                     /usr/lib/jvm/java-8-openjdk-amd64/jre/lib/amd64/libsunec.so
7ff5edb68000-7ff5edb69000 ---p 00000000 00:00 0 
7ff5edb69000-7ff5ee369000 rw-p 00000000 00:00 0 
7ff5ee369000-7ff5ee36a000 ---p 00000000 00:00 0 
7ff5ee36a000-7ff5eeb6a000 rw-p 00000000 00:00 0 
7ff5eeb6a000-7ff5eed60000 r--p 00000000 08:07 785700                     /tmp/librocksdbjni1450265062991732427.so
7ff5eed60000-7ff5ef32e000 r-xp 001f6000 08:07 785700                     /tmp/librocksdbjni1450265062991732427.so
7ff5ef32e000-7ff5ef49b000 r--p 007c4000 08:07 785700                     /tmp/librocksdbjni1450265062991732427.so
7ff5ef49b000-7ff5ef49c000 ---p 00931000 08:07 785700                     /tmp/librocksdbjni1450265062991732427.so
7ff5ef49c000-7ff5ef4b8000 r--p 00931000 08:07 785700                     /tmp/librocksdbjni1450265062991732427.so
7ff5ef4b8000-7ff5ef4c2000 rw-p 0094d000 08:07 785700                     /tmp/librocksdbjni1450265062991732427.so
7ff5ef4c2000-7ff5ef50e000 rw-p 00000000 00:00 0 
7ff5ef50e000-7ff5ef511000 ---p 00000000 00:00 0 
7ff5ef511000-7ff5ef547000 rw-p 00000000 00:00 0 
7ff5ef547000-7ff5ef548000 ---p 00000000 00:00 0 
7ff5ef548000-7ff5ef648000 rw-p 00000000 00:00 0 
7ff5ef648000-7ff5ef64b000 ---p 00000000 00:00 0 
7ff5ef64b000-7ff5ef749000 rw-p 00000000 00:00 0 
7ff5ef749000-7ff5ef74a000 ---p 00000000 00:00 0 
7ff5ef74a000-7ff5ef74d000 ---p 00000000 00:00 0 
7ff5ef74d000-7ff5ef84a000 rw-p 00000000 00:00 0 
7ff5ef84a000-7ff5ef84b000 ---p 00000000 00:00 0 
7ff5ef84b000-7ff5ef84e000 ---p 00000000 00:00 0 
7ff5ef84e000-7ff5ef94b000 rw-p 00000000 00:00 0 
7ff5ef94b000-7ff5f0000000 r--p 00000000 08:07 934497                     /usr/lib/locale/locale-archive
7ff5f0000000-7ff5f0021000 rw-p 00000000 00:00 0 
7ff5f0021000-7ff5f4000000 ---p 00000000 00:00 0 
7ff5f4000000-7ff5f4021000 rw-p 00000000 00:00 0 
7ff5f4021000-7ff5f8000000 ---p 00000000 00:00 0 
7ff5f8000000-7ff5f8021000 rw-p 00000000 00:00 0 
7ff5f8021000-7ff5fc000000 ---p 00000000 00:00 0 
7ff5fc000000-7ff5fc021000 rw-p 00000000 00:00 0 
7ff5fc021000-7ff600000000 ---p 00000000 00:00 0 
7ff600000000-7ff600021000 rw-p 00000000 00:00 0 
7ff600021000-7ff604000000 ---p 00000000 00:00 0 
7ff604002000-7ff604004000 r--s 00016000 08:07 922026                     /usr/lib/jvm/java-8-openjdk-amd64/jre/lib/jce.jar
7ff604004000-7ff604015000 r--s 001bc000 08:07 922029                     /usr/lib/jvm/java-8-openjdk-amd64/jre/lib/jsse.jar
7ff604015000-7ff60401c000 r--s 0005a000 08:07 1615992                    /home/tommyyoon/eclipse-workspace/4321-repo/apache-tomcat-10.0.5/webapps/example/lib/jsoup-1.13.1.jar
7ff60401c000-7ff60401d000 ---p 00000000 00:00 0 
7ff60401d000-7ff604020000 ---p 00000000 00:00 0 
7ff604020000-7ff60411d000 rw-p 00000000 00:00 0 
7ff60411d000-7ff60411e000 ---p 00000000 00:00 0 
7ff60411e000-7ff604121000 ---p 00000000 00:00 0 
7ff604121000-7ff60421e000 rw-p 00000000 00:00 0 
7ff60421e000-7ff604221000 ---p 00000000 00:00 0 
7ff604221000-7ff60431f000 rw-p 00000000 00:00 0 
7ff60431f000-7ff604322000 ---p 00000000 00:00 0 
7ff604322000-7ff608000000 rw-p 00000000 00:00 0 
7ff608000000-7ff608021000 rw-p 00000000 00:00 0 
7ff608021000-7ff60c000000 ---p 00000000 00:00 0 
7ff60c000000-7ff60c021000 rw-p 00000000 00:00 0 
7ff60c021000-7ff610000000 ---p 00000000 00:00 0 
7ff610000000-7ff610021000 rw-p 00000000 00:00 0 
7ff610021000-7ff614000000 ---p 00000000 00:00 0 
7ff614000000-7ff614021000 rw-p 00000000 00:00 0 
7ff614021000-7ff618000000 ---p 00000000 00:00 0 
7ff618000000-7ff618021000 rw-p 00000000 00:00 0 
7ff618021000-7ff61c000000 ---p 00000000 00:00 0 
7ff61c001000-7ff61c007000 r--s 059c5000 08:07 1615993                    /home/tommyyoon/eclipse-workspace/4321-repo/apache-tomcat-10.0.5/webapps/example/lib/rocksdbjni-6.18.0-linux64.jar
7ff61c007000-7ff61c038000 rw-p 00000000 00:00 0 
7ff61c038000-7ff61c03d000 r--p 00000000 08:07 921445                     /usr/lib/jvm/java-8-openjdk-amd64/jre/lib/amd64/libnet.so
7ff61c03d000-7ff61c04e000 r-xp 00005000 08:07 921445                     /usr/lib/jvm/java-8-openjdk-amd64/jre/lib/amd64/libnet.so
7ff61c04e000-7ff61c052000 r--p 00016000 08:07 921445                     /usr/lib/jvm/java-8-openjdk-amd64/jre/lib/amd64/libnet.so
7ff61c052000-7ff61c053000 r--p 00019000 08:07 921445                     /usr/lib/jvm/java-8-openjdk-amd64/jre/lib/amd64/libnet.so
7ff61c053000-7ff61c054000 rw-p 0001a000 08:07 921445                     /usr/lib/jvm/java-8-openjdk-amd64/jre/lib/amd64/libnet.so
7ff61c054000-7ff61c05b000 r--p 00000000 08:07 921447                     /usr/lib/jvm/java-8-openjdk-amd64/jre/lib/amd64/libnio.so
7ff61c05b000-7ff61c064000 r-xp 00007000 08:07 921447                     /usr/lib/jvm/java-8-openjdk-amd64/jre/lib/amd64/libnio.so
7ff61c064000-7ff61c067000 r--p 00010000 08:07 921447                     /usr/lib/jvm/java-8-openjdk-amd64/jre/lib/amd64/libnio.so
7ff61c067000-7ff61c068000 r--p 00012000 08:07 921447                     /usr/lib/jvm/java-8-openjdk-amd64/jre/lib/amd64/libnio.so
7ff61c068000-7ff61c069000 rw-p 00013000 08:07 921447                     /usr/lib/jvm/java-8-openjdk-amd64/jre/lib/amd64/libnio.so
7ff61c069000-7ff61c06f000 r--s 0003d000 08:07 921521                     /usr/lib/jvm/java-8-openjdk-amd64/jre/lib/ext/sunjce_provider.jar
7ff61c06f000-7ff61c08a000 r--s 00394000 08:07 921483                     /usr/lib/jvm/java-8-openjdk-amd64/jre/lib/ext/cldrdata.jar
7ff61c08a000-7ff61c0a5000 r--s 001d6000 08:07 921517                     /usr/lib/jvm/java-8-openjdk-amd64/jre/lib/ext/nashorn.jar
7ff61c0a5000-7ff61c0af000 r--s 00117000 08:07 921509                     /usr/lib/jvm/java-8-openjdk-amd64/jre/lib/ext/localedata.jar
7ff61c0af000-7ff61c0b2000 ---p 00000000 00:00 0 
7ff61c0b2000-7ff61c1b0000 rw-p 00000000 00:00 0 
7ff61c1b0000-7ff61c1b1000 ---p 00000000 00:00 0 
7ff61c1b1000-7ff61d000000 rw-p 00000000 00:00 0 
7ff61d000000-7ff61d6e0000 rwxp 00000000 00:00 0 
7ff61d6e0000-7ff62c000000 ---p 00000000 00:00 0 
7ff62c000000-7ff62dde6000 rw-p 00000000 00:00 0 
7ff62dde6000-7ff630000000 ---p 00000000 00:00 0 
7ff630000000-7ff630002000 r--s 0000c000 08:07 1813059                    /usr/share/java/java-atk-wrapper.jar
7ff630002000-7ff630006000 r--s 00040000 08:07 921522                     /usr/lib/jvm/java-8-openjdk-amd64/jre/lib/ext/sunpkcs11.jar
7ff630006000-7ff630008000 r--s 00001000 08:07 921488                     /usr/lib/jvm/java-8-openjdk-amd64/jre/lib/ext/dnsns.jar
7ff630008000-7ff630f4b000 rw-p 00000000 00:00 0 
7ff630f4b000-7ff63111c000 r--s 03c94000 08:07 922035                     /usr/lib/jvm/java-8-openjdk-amd64/jre/lib/rt.jar
7ff63111c000-7ff631df9000 rw-p 00000000 00:00 0 
7ff631df9000-7ff631dfa000 ---p 00000000 00:00 0 
7ff631dfa000-7ff631efa000 rw-p 00000000 00:00 0 
7ff631efa000-7ff631efb000 ---p 00000000 00:00 0 
7ff631efb000-7ff631ffb000 rw-p 00000000 00:00 0 
7ff631ffb000-7ff631ffc000 ---p 00000000 00:00 0 
7ff631ffc000-7ff6320fc000 rw-p 00000000 00:00 0 
7ff6320fc000-7ff6320fd000 ---p 00000000 00:00 0 
7ff6320fd000-7ff6321fd000 rw-p 00000000 00:00 0 
7ff6321fd000-7ff6321fe000 ---p 00000000 00:00 0 
7ff6321fe000-7ff6322fe000 rw-p 00000000 00:00 0 
7ff6322fe000-7ff6322ff000 ---p 00000000 00:00 0 
7ff6322ff000-7ff6323ff000 rw-p 00000000 00:00 0 
7ff6323ff000-7ff632400000 ---p 00000000 00:00 0 
7ff632400000-7ff632500000 rw-p 00000000 00:00 0 
7ff632500000-7ff632501000 ---p 00000000 00:00 0 
7ff632501000-7ff632629000 rw-p 00000000 00:00 0 
7ff632629000-7ff632880000 ---p 00000000 00:00 0 
7ff632880000-7ff6328a8000 rw-p 00000000 00:00 0 
7ff6328a8000-7ff632afe000 ---p 00000000 00:00 0 
7ff632afe000-7ff632bc6000 rw-p 00000000 00:00 0 
7ff632bc6000-7ff632c3e000 ---p 00000000 00:00 0 
7ff632c3e000-7ff632c5b000 rw-p 00000000 00:00 0 
7ff632c5b000-7ff632fff000 ---p 00000000 00:00 0 
7ff632fff000-7ff633002000 r--p 00000000 08:07 999103                     /usr/lib/x86_64-linux-gnu/libnss_files-2.31.so
7ff633002000-7ff633009000 r-xp 00003000 08:07 999103                     /usr/lib/x86_64-linux-gnu/libnss_files-2.31.so
7ff633009000-7ff63300b000 r--p 0000a000 08:07 999103                     /usr/lib/x86_64-linux-gnu/libnss_files-2.31.so
7ff63300b000-7ff63300c000 r--p 0000b000 08:07 999103                     /usr/lib/x86_64-linux-gnu/libnss_files-2.31.so
7ff63300c000-7ff63300d000 rw-p 0000c000 08:07 999103                     /usr/lib/x86_64-linux-gnu/libnss_files-2.31.so
7ff63300d000-7ff633013000 rw-p 00000000 00:00 0 
7ff633013000-7ff633015000 r--s 00010000 08:07 921523                     /usr/lib/jvm/java-8-openjdk-amd64/jre/lib/ext/zipfs.jar
7ff633015000-7ff633018000 r--s 0000f000 08:07 921489                     /usr/lib/jvm/java-8-openjdk-amd64/jre/lib/ext/icedtea-sound.jar
7ff633018000-7ff63301b000 r--p 00000000 08:07 921462                     /usr/lib/jvm/java-8-openjdk-amd64/jre/lib/amd64/libzip.so
7ff63301b000-7ff633020000 r-xp 00003000 08:07 921462                     /usr/lib/jvm/java-8-openjdk-amd64/jre/lib/amd64/libzip.so
7ff633020000-7ff633022000 r--p 00008000 08:07 921462                     /usr/lib/jvm/java-8-openjdk-amd64/jre/lib/amd64/libzip.so
7ff633022000-7ff633023000 r--p 00009000 08:07 921462                     /usr/lib/jvm/java-8-openjdk-amd64/jre/lib/amd64/libzip.so
7ff633023000-7ff633024000 rw-p 0000a000 08:07 921462                     /usr/lib/jvm/java-8-openjdk-amd64/jre/lib/amd64/libzip.so
7ff633024000-7ff633031000 r--p 00000000 08:07 921428                     /usr/lib/jvm/java-8-openjdk-amd64/jre/lib/amd64/libjava.so
7ff633031000-7ff633049000 r-xp 0000d000 08:07 921428                     /usr/lib/jvm/java-8-openjdk-amd64/jre/lib/amd64/libjava.so
7ff633049000-7ff633050000 r--p 00025000 08:07 921428                     /usr/lib/jvm/java-8-openjdk-amd64/jre/lib/amd64/libjava.so
7ff633050000-7ff633051000 r--p 0002b000 08:07 921428                     /usr/lib/jvm/java-8-openjdk-amd64/jre/lib/amd64/libjava.so
7ff633051000-7ff633053000 rw-p 0002c000 08:07 921428                     /usr/lib/jvm/java-8-openjdk-amd64/jre/lib/amd64/libjava.so
7ff633053000-7ff633058000 r--p 00000000 08:07 921460                     /usr/lib/jvm/java-8-openjdk-amd64/jre/lib/amd64/libverify.so
7ff633058000-7ff633061000 r-xp 00005000 08:07 921460                     /usr/lib/jvm/java-8-openjdk-amd64/jre/lib/amd64/libverify.so
7ff633061000-7ff633063000 r--p 0000e000 08:07 921460                     /usr/lib/jvm/java-8-openjdk-amd64/jre/lib/amd64/libverify.so
7ff633063000-7ff633065000 r--p 0000f000 08:07 921460                     /usr/lib/jvm/java-8-openjdk-amd64/jre/lib/amd64/libverify.so
7ff633065000-7ff633066000 rw-p 00011000 08:07 921460                     /usr/lib/jvm/java-8-openjdk-amd64/jre/lib/amd64/libverify.so
7ff633066000-7ff633069000 r--p 00000000 08:07 999110                     /usr/lib/x86_64-linux-gnu/librt-2.31.so
7ff633069000-7ff63306d000 r-xp 00003000 08:07 999110                     /usr/lib/x86_64-linux-gnu/librt-2.31.so
7ff63306d000-7ff63306e000 r--p 00007000 08:07 999110                     /usr/lib/x86_64-linux-gnu/librt-2.31.so
7ff63306e000-7ff63306f000 ---p 00008000 08:07 999110                     /usr/lib/x86_64-linux-gnu/librt-2.31.so
7ff63306f000-7ff633070000 r--p 00008000 08:07 999110                     /usr/lib/x86_64-linux-gnu/librt-2.31.so
7ff633070000-7ff633071000 rw-p 00009000 08:07 999110                     /usr/lib/x86_64-linux-gnu/librt-2.31.so
7ff633071000-7ff633072000 ---p 00000000 00:00 0 
7ff633072000-7ff633075000 ---p 00000000 00:00 0 
7ff633075000-7ff633172000 rw-p 00000000 00:00 0 
7ff633172000-7ff633175000 r--p 00000000 08:07 922522                     /usr/lib/x86_64-linux-gnu/libgcc_s.so.1
7ff633175000-7ff633187000 r-xp 00003000 08:07 922522                     /usr/lib/x86_64-linux-gnu/libgcc_s.so.1
7ff633187000-7ff63318b000 r--p 00015000 08:07 922522                     /usr/lib/x86_64-linux-gnu/libgcc_s.so.1
7ff63318b000-7ff63318c000 r--p 00018000 08:07 922522                     /usr/lib/x86_64-linux-gnu/libgcc_s.so.1
7ff63318c000-7ff63318d000 rw-p 00019000 08:07 922522                     /usr/lib/x86_64-linux-gnu/libgcc_s.so.1
7ff63318d000-7ff63319c000 r--p 00000000 08:07 999097                     /usr/lib/x86_64-linux-gnu/libm-2.31.so
7ff63319c000-7ff633243000 r-xp 0000f000 08:07 999097                     /usr/lib/x86_64-linux-gnu/libm-2.31.so
7ff633243000-7ff6332da000 r--p 000b6000 08:07 999097                     /usr/lib/x86_64-linux-gnu/libm-2.31.so
7ff6332da000-7ff6332db000 r--p 0014c000 08:07 999097                     /usr/lib/x86_64-linux-gnu/libm-2.31.so
7ff6332db000-7ff6332dc000 rw-p 0014d000 08:07 999097                     /usr/lib/x86_64-linux-gnu/libm-2.31.so
7ff6332dc000-7ff633372000 r--p 00000000 08:07 918239                     /usr/lib/x86_64-linux-gnu/libstdc++.so.6.0.28
7ff633372000-7ff633462000 r-xp 00096000 08:07 918239                     /usr/lib/x86_64-linux-gnu/libstdc++.so.6.0.28
7ff633462000-7ff6334ab000 r--p 00186000 08:07 918239                     /usr/lib/x86_64-linux-gnu/libstdc++.so.6.0.28
7ff6334ab000-7ff6334ac000 ---p 001cf000 08:07 918239                     /usr/lib/x86_64-linux-gnu/libstdc++.so.6.0.28
7ff6334ac000-7ff6334b7000 r--p 001cf000 08:07 918239                     /usr/lib/x86_64-linux-gnu/libstdc++.so.6.0.28
7ff6334b7000-7ff6334ba000 rw-p 001da000 08:07 918239                     /usr/lib/x86_64-linux-gnu/libstdc++.so.6.0.28
7ff6334ba000-7ff6334bd000 rw-p 00000000 00:00 0 
7ff6334bd000-7ff6336b2000 r--p 00000000 08:07 921466                     /usr/lib/jvm/java-8-openjdk-amd64/jre/lib/amd64/server/libjvm.so
7ff6336b2000-7ff634018000 r-xp 001f5000 08:07 921466                     /usr/lib/jvm/java-8-openjdk-amd64/jre/lib/amd64/server/libjvm.so
7ff634018000-7ff6341c9000 r--p 00b5b000 08:07 921466                     /usr/lib/jvm/java-8-openjdk-amd64/jre/lib/amd64/server/libjvm.so
7ff6341c9000-7ff63425f000 r--p 00d0b000 08:07 921466                     /usr/lib/jvm/java-8-openjdk-amd64/jre/lib/amd64/server/libjvm.so
7ff63425f000-7ff634288000 rw-p 00da1000 08:07 921466                     /usr/lib/jvm/java-8-openjdk-amd64/jre/lib/amd64/server/libjvm.so
7ff634288000-7ff6342bd000 rw-p 00000000 00:00 0 
7ff6342bd000-7ff6342c4000 r--p 00000000 08:07 999108                     /usr/lib/x86_64-linux-gnu/libpthread-2.31.so
7ff6342c4000-7ff6342d5000 r-xp 00007000 08:07 999108                     /usr/lib/x86_64-linux-gnu/libpthread-2.31.so
7ff6342d5000-7ff6342da000 r--p 00018000 08:07 999108                     /usr/lib/x86_64-linux-gnu/libpthread-2.31.so
7ff6342da000-7ff6342db000 r--p 0001c000 08:07 999108                     /usr/lib/x86_64-linux-gnu/libpthread-2.31.so
7ff6342db000-7ff6342dc000 rw-p 0001d000 08:07 999108                     /usr/lib/x86_64-linux-gnu/libpthread-2.31.so
7ff6342dc000-7ff6342e0000 rw-p 00000000 00:00 0 
7ff6342e0000-7ff6342e1000 r--p 00000000 08:07 999096                     /usr/lib/x86_64-linux-gnu/libdl-2.31.so
7ff6342e1000-7ff6342e3000 r-xp 00001000 08:07 999096                     /usr/lib/x86_64-linux-gnu/libdl-2.31.so
7ff6342e3000-7ff6342e4000 r--p 00003000 08:07 999096                     /usr/lib/x86_64-linux-gnu/libdl-2.31.so
7ff6342e4000-7ff6342e5000 r--p 00003000 08:07 999096                     /usr/lib/x86_64-linux-gnu/libdl-2.31.so
7ff6342e5000-7ff6342e6000 rw-p 00004000 08:07 999096                     /usr/lib/x86_64-linux-gnu/libdl-2.31.so
7ff6342e6000-7ff6342e8000 r--p 00000000 08:07 915841                     /usr/lib/x86_64-linux-gnu/libz.so.1.2.11
7ff6342e8000-7ff6342f9000 r-xp 00002000 08:07 915841                     /usr/lib/x86_64-linux-gnu/libz.so.1.2.11
7ff6342f9000-7ff6342ff000 r--p 00013000 08:07 915841                     /usr/lib/x86_64-linux-gnu/libz.so.1.2.11
7ff6342ff000-7ff634300000 ---p 00019000 08:07 915841                     /usr/lib/x86_64-linux-gnu/libz.so.1.2.11
7ff634300000-7ff634301000 r--p 00019000 08:07 915841                     /usr/lib/x86_64-linux-gnu/libz.so.1.2.11
7ff634301000-7ff634302000 rw-p 0001a000 08:07 915841                     /usr/lib/x86_64-linux-gnu/libz.so.1.2.11
7ff634302000-7ff634327000 r--p 00000000 08:07 999095                     /usr/lib/x86_64-linux-gnu/libc-2.31.so
7ff634327000-7ff63449f000 r-xp 00025000 08:07 999095                     /usr/lib/x86_64-linux-gnu/libc-2.31.so
7ff63449f000-7ff6344e9000 r--p 0019d000 08:07 999095                     /usr/lib/x86_64-linux-gnu/libc-2.31.so
7ff6344e9000-7ff6344ea000 ---p 001e7000 08:07 999095                     /usr/lib/x86_64-linux-gnu/libc-2.31.so
7ff6344ea000-7ff6344ed000 r--p 001e7000 08:07 999095                     /usr/lib/x86_64-linux-gnu/libc-2.31.so
7ff6344ed000-7ff6344f0000 rw-p 001ea000 08:07 999095                     /usr/lib/x86_64-linux-gnu/libc-2.31.so
7ff6344f0000-7ff6344f4000 rw-p 00000000 00:00 0 
7ff6344f4000-7ff6344f5000 r--s 0000a000 08:07 921491                     /usr/lib/jvm/java-8-openjdk-amd64/jre/lib/ext/jaccess.jar
7ff6344f5000-7ff6344f6000 r--s 0000d000 08:07 921519                     /usr/lib/jvm/java-8-openjdk-amd64/jre/lib/ext/sunec.jar
7ff6344f6000-7ff6344fc000 r--s 000d3000 08:07 922028                     /usr/lib/jvm/java-8-openjdk-amd64/jre/lib/jfr.jar
7ff6344fc000-7ff634504000 rw-s 00000000 08:07 785344                     /tmp/hsperfdata_tommyyoon/44602
7ff634504000-7ff634505000 rw-p 00000000 00:00 0 
7ff634505000-7ff634508000 r--p 00000000 08:07 920877                     /usr/lib/jvm/java-8-openjdk-amd64/jre/lib/amd64/jli/libjli.so
7ff634508000-7ff634512000 r-xp 00003000 08:07 920877                     /usr/lib/jvm/java-8-openjdk-amd64/jre/lib/amd64/jli/libjli.so
7ff634512000-7ff634515000 r--p 0000d000 08:07 920877                     /usr/lib/jvm/java-8-openjdk-amd64/jre/lib/amd64/jli/libjli.so
7ff634515000-7ff634516000 r--p 0000f000 08:07 920877                     /usr/lib/jvm/java-8-openjdk-amd64/jre/lib/amd64/jli/libjli.so
7ff634516000-7ff634517000 rw-p 00010000 08:07 920877                     /usr/lib/jvm/java-8-openjdk-amd64/jre/lib/amd64/jli/libjli.so
7ff634517000-7ff634519000 rw-p 00000000 00:00 0 
7ff634519000-7ff63451a000 r--p 00000000 08:07 999091                     /usr/lib/x86_64-linux-gnu/ld-2.31.so
7ff63451a000-7ff63453d000 r-xp 00001000 08:07 999091                     /usr/lib/x86_64-linux-gnu/ld-2.31.so
7ff63453d000-7ff634545000 r--p 00024000 08:07 999091                     /usr/lib/x86_64-linux-gnu/ld-2.31.so
7ff634545000-7ff634546000 r--p 00000000 00:00 0 
7ff634546000-7ff634547000 r--p 0002c000 08:07 999091                     /usr/lib/x86_64-linux-gnu/ld-2.31.so
7ff634547000-7ff634548000 rw-p 0002d000 08:07 999091                     /usr/lib/x86_64-linux-gnu/ld-2.31.so
7ff634548000-7ff634549000 rw-p 00000000 00:00 0 
7ffc749cf000-7ffc749f1000 rw-p 00000000 00:00 0                          [stack]
7ffc749f3000-7ffc749f7000 r--p 00000000 00:00 0                          [vvar]
7ffc749f7000-7ffc749f9000 r-xp 00000000 00:00 0                          [vdso]
ffffffffff600000-ffffffffff601000 --xp 00000000 00:00 0                  [vsyscall]

VM Arguments:
java_command: mypackage/Crawler
java_class_path (initial): bin:./lib/rocksdbjni-6.18.0-linux64.jar:./lib/jsoup-1.13.1.jar
Launcher Type: SUN_STANDARD

Environment Variables:
JAVA_HOME=/usr/lib/jvm/java-1.8.0-openjdk-1.8.0.282.b08-1.el7_9.x86_64
PATH=/home/tommyyoon/anaconda3/bin:/home/tommyyoon/anaconda3/condabin:/home/tommyyoon/.nvm/versions/node/v14.15.4/bin:/home/tommyyoon/,npm-global/bin:/usr/local/sbin:/usr/local/bin:/usr/sbin:/usr/bin:/sbin:/bin:/usr/games:/usr/local/games:/snap/bin:/usr/lib/jvm/java-1.8.0-openjdk-1.8.0.282.b08-1.el7_9.x86_64/bin:/home/tommyyoon/Android/Sdk/emulator:/home/tommyyoon/Android/Sdk/tools:/home/tommyyoon/Android/Sdk/tools/bin:/home/tommyyoon/Android/Sdk/platform-tools:/home/tommyyoon/Android/tools:/home/tommyyoon/Android/platform-tools
USERNAME=tommyyoon
SHELL=/bin/bash
DISPLAY=:0

Signal Handlers:
SIGSEGV: [libjvm.so+0xb34620], sa_mask[0]=11111111011111111101111111111110, sa_flags=SA_RESTART|SA_SIGINFO
SIGBUS: [libjvm.so+0xb34620], sa_mask[0]=11111111011111111101111111111110, sa_flags=SA_RESTART|SA_SIGINFO
SIGFPE: [libjvm.so+0x979be0], sa_mask[0]=11111111011111111101111111111110, sa_flags=SA_RESTART|SA_SIGINFO
SIGPIPE: [libjvm.so+0x979be0], sa_mask[0]=11111111011111111101111111111110, sa_flags=SA_RESTART|SA_SIGINFO
SIGXFSZ: [libjvm.so+0x979be0], sa_mask[0]=11111111011111111101111111111110, sa_flags=SA_RESTART|SA_SIGINFO
SIGILL: [libjvm.so+0x979be0], sa_mask[0]=11111111011111111101111111111110, sa_flags=SA_RESTART|SA_SIGINFO
SIGUSR1: SIG_DFL, sa_mask[0]=00000000000000000000000000000000, sa_flags=none
SIGUSR2: [libjvm.so+0x979a90], sa_mask[0]=00000000000000000000000000000000, sa_flags=SA_RESTART|SA_SIGINFO
SIGHUP: [libjvm.so+0x979e60], sa_mask[0]=11111111011111111101111111111110, sa_flags=SA_RESTART|SA_SIGINFO
SIGINT: [libjvm.so+0x979e60], sa_mask[0]=11111111011111111101111111111110, sa_flags=SA_RESTART|SA_SIGINFO
SIGTERM: [libjvm.so+0x979e60], sa_mask[0]=11111111011111111101111111111110, sa_flags=SA_RESTART|SA_SIGINFO
SIGQUIT: [libjvm.so+0x979e60], sa_mask[0]=11111111011111111101111111111110, sa_flags=SA_RESTART|SA_SIGINFO


---------------  S Y S T E M  ---------------

OS:DISTRIB_ID=Ubuntu
DISTRIB_RELEASE=20.04
DISTRIB_CODENAME=focal
DISTRIB_DESCRIPTION="Ubuntu 20.04.2 LTS"

uname:Linux 5.8.0-50-generic #56~20.04.1-Ubuntu SMP Mon Apr 12 21:46:35 UTC 2021 x86_64
libc:glibc 2.31 NPTL 2.31 
rlimit: STACK 8192k, CORE 0k, NPROC 30419, NOFILE 1048576, AS infinity
load average:0.96 1.17 0.95

/proc/meminfo:
MemTotal:        7846540 kB
MemFree:          196624 kB
MemAvailable:    1462032 kB
Buffers:          108328 kB
Cached:          1728940 kB
SwapCached:         6680 kB
Active:          5632680 kB
Inactive:        1513272 kB
Active(anon):    4919820 kB
Inactive(anon):   799940 kB
Active(file):     712860 kB
Inactive(file):   713332 kB
Unevictable:       19080 kB
Mlocked:             128 kB
SwapTotal:       2097148 kB
SwapFree:        1833820 kB
Dirty:               164 kB
Writeback:             0 kB
AnonPages:       5323428 kB
Mapped:           556764 kB
Shmem:            412340 kB
KReclaimable:     129104 kB
Slab:             323432 kB
SReclaimable:     129104 kB
SUnreclaim:       194328 kB
KernelStack:       21136 kB
PageTables:        55508 kB
NFS_Unstable:          0 kB
Bounce:                0 kB
WritebackTmp:          0 kB
CommitLimit:     6020416 kB
Committed_AS:   18299272 kB
VmallocTotal:   34359738367 kB
VmallocUsed:       43700 kB
VmallocChunk:          0 kB
Percpu:             7904 kB
HardwareCorrupted:     0 kB
AnonHugePages:         0 kB
ShmemHugePages:        0 kB
ShmemPmdMapped:        0 kB
FileHugePages:         0 kB
FilePmdMapped:         0 kB
HugePages_Total:       0
HugePages_Free:        0
HugePages_Rsvd:        0
HugePages_Surp:        0
Hugepagesize:       2048 kB
Hugetlb:               0 kB
DirectMap4k:      508840 kB
DirectMap2M:     7573504 kB
DirectMap1G:     1048576 kB

container (cgroup) information:
container_type: cgroupv1
cpu_cpuset_cpus: 0-7
cpu_memory_nodes: 0
active_processor_count: 8
cpu_quota: -1
cpu_period: 100000
cpu_shares: -1
memory_limit_in_bytes: -1
memory_and_swap_limit_in_bytes: -1
memory_soft_limit_in_bytes: -1
memory_usage_in_bytes: 5517053952
memory_max_usage_in_bytes: 5794992128


CPU:total 8 (initial active 8) (4 cores per cpu, 2 threads per core) family 6 model 142 stepping 11, cmov, cx8, fxsr, mmx, sse, sse2, sse3, ssse3, sse4.1, sse4.2, popcnt, avx, avx2, aes, clmul, erms, 3dnowpref, lzcnt, ht, tsc, tscinvbit, bmi1, bmi2, adx

/proc/cpuinfo:
processor	: 0
vendor_id	: GenuineIntel
cpu family	: 6
model		: 142
model name	: Intel(R) Core(TM) i5-8265U CPU @ 1.60GHz
stepping	: 11
microcode	: 0xde
cpu MHz		: 800.022
cache size	: 6144 KB
physical id	: 0
siblings	: 8
core id		: 0
cpu cores	: 4
apicid		: 0
initial apicid	: 0
fpu		: yes
fpu_exception	: yes
cpuid level	: 22
wp		: yes
flags		: fpu vme de pse tsc msr pae mce cx8 apic sep mtrr pge mca cmov pat pse36 clflush dts acpi mmx fxsr sse sse2 ss ht tm pbe syscall nx pdpe1gb rdtscp lm constant_tsc art arch_perfmon pebs bts rep_good nopl xtopology nonstop_tsc cpuid aperfmperf pni pclmulqdq dtes64 monitor ds_cpl vmx est tm2 ssse3 sdbg fma cx16 xtpr pdcm pcid sse4_1 sse4_2 x2apic movbe popcnt tsc_deadline_timer aes xsave avx f16c rdrand lahf_lm abm 3dnowprefetch cpuid_fault epb invpcid_single ssbd ibrs ibpb stibp tpr_shadow vnmi flexpriority ept vpid ept_ad fsgsbase tsc_adjust bmi1 avx2 smep bmi2 erms invpcid mpx rdseed adx smap clflushopt intel_pt xsaveopt xsavec xgetbv1 xsaves dtherm ida arat pln pts hwp hwp_notify hwp_act_window hwp_epp md_clear flush_l1d arch_capabilities
vmx flags	: vnmi preemption_timer invvpid ept_x_only ept_ad ept_1gb flexpriority tsc_offset vtpr mtf vapic ept vpid unrestricted_guest ple pml ept_mode_based_exec
bugs		: spectre_v1 spectre_v2 spec_store_bypass mds swapgs itlb_multihit srbds
bogomips	: 3600.00
clflush size	: 64
cache_alignment	: 64
address sizes	: 39 bits physical, 48 bits virtual
power management:

processor	: 1
vendor_id	: GenuineIntel
cpu family	: 6
model		: 142
model name	: Intel(R) Core(TM) i5-8265U CPU @ 1.60GHz
stepping	: 11
microcode	: 0xde
cpu MHz		: 800.009
cache size	: 6144 KB
physical id	: 0
siblings	: 8
core id		: 1
cpu cores	: 4
apicid		: 2
initial apicid	: 2
fpu		: yes
fpu_exception	: yes
cpuid level	: 22
wp		: yes
flags		: fpu vme de pse tsc msr pae mce cx8 apic sep mtrr pge mca cmov pat pse36 clflush dts acpi mmx fxsr sse sse2 ss ht tm pbe syscall nx pdpe1gb rdtscp lm constant_tsc art arch_perfmon pebs bts rep_good nopl xtopology nonstop_tsc cpuid aperfmperf pni pclmulqdq dtes64 monitor ds_cpl vmx est tm2 ssse3 sdbg fma cx16 xtpr pdcm pcid sse4_1 sse4_2 x2apic movbe popcnt tsc_deadline_timer aes xsave avx f16c rdrand lahf_lm abm 3dnowprefetch cpuid_fault epb invpcid_single ssbd ibrs ibpb stibp tpr_shadow vnmi flexpriority ept vpid ept_ad fsgsbase tsc_adjust bmi1 avx2 smep bmi2 erms invpcid mpx rdseed adx smap clflushopt intel_pt xsaveopt xsavec xgetbv1 xsaves dtherm ida arat pln pts hwp hwp_notify hwp_act_window hwp_epp md_clear flush_l1d arch_capabilities
vmx flags	: vnmi preemption_timer invvpid ept_x_only ept_ad ept_1gb flexpriority tsc_offset vtpr mtf vapic ept vpid unrestricted_guest ple pml ept_mode_based_exec
bugs		: spectre_v1 spectre_v2 spec_store_bypass mds swapgs itlb_multihit srbds
bogomips	: 3600.00
clflush size	: 64
cache_alignment	: 64
address sizes	: 39 bits physical, 48 bits virtual
power management:

processor	: 2
vendor_id	: GenuineIntel
cpu family	: 6
model		: 142
model name	: Intel(R) Core(TM) i5-8265U CPU @ 1.60GHz
stepping	: 11
microcode	: 0xde
cpu MHz		: 800.066
cache size	: 6144 KB
physical id	: 0
siblings	: 8
core id		: 2
cpu cores	: 4
apicid		: 4
initial apicid	: 4
fpu		: yes
fpu_exception	: yes
cpuid level	: 22
wp		: yes
flags		: fpu vme de pse tsc msr pae mce cx8 apic sep mtrr pge mca cmov pat pse36 clflush dts acpi mmx fxsr sse sse2 ss ht tm pbe syscall nx pdpe1gb rdtscp lm constant_tsc art arch_perfmon pebs bts rep_good nopl xtopology nonstop_tsc cpuid aperfmperf pni pclmulqdq dtes64 monitor ds_cpl vmx est tm2 ssse3 sdbg fma cx16 xtpr pdcm pcid sse4_1 sse4_2 x2apic movbe popcnt tsc_deadline_timer aes xsave avx f16c rdrand lahf_lm abm 3dnowprefetch cpuid_fault epb invpcid_single ssbd ibrs ibpb stibp tpr_shadow vnmi flexpriority ept vpid ept_ad fsgsbase tsc_adjust bmi1 avx2 smep bmi2 erms invpcid mpx rdseed adx smap clflushopt intel_pt xsaveopt xsavec xgetbv1 xsaves dtherm ida arat pln pts hwp hwp_notify hwp_act_window hwp_epp md_clear flush_l1d arch_capabilities
vmx flags	: vnmi preemption_timer invvpid ept_x_only ept_ad ept_1gb flexpriority tsc_offset vtpr mtf vapic ept vpid unrestricted_guest ple pml ept_mode_based_exec
bugs		: spectre_v1 spectre_v2 spec_store_bypass mds swapgs itlb_multihit srbds
bogomips	: 3600.00
clflush size	: 64
cache_alignment	: 64
address sizes	: 39 bits physical, 48 bits virtual
power management:

processor	: 3
vendor_id	: GenuineIntel
cpu family	: 6
model		: 142
model name	: Intel(R) Core(TM) i5-8265U CPU @ 1.60GHz
stepping	: 11
microcode	: 0xde
cpu MHz		: 800.043
cache size	: 6144 KB
physical id	: 0
siblings	: 8
core id		: 3
cpu cores	: 4
apicid		: 6
initial apicid	: 6
fpu		: yes
fpu_exception	: yes
cpuid level	: 22
wp		: yes
flags		: fpu vme de pse tsc msr pae mce cx8 apic sep mtrr pge mca cmov pat pse36 clflush dts acpi mmx fxsr sse sse2 ss ht tm pbe syscall nx pdpe1gb rdtscp lm constant_tsc art arch_perfmon pebs bts rep_good nopl xtopology nonstop_tsc cpuid aperfmperf pni pclmulqdq dtes64 monitor ds_cpl vmx est tm2 ssse3 sdbg fma cx16 xtpr pdcm pcid sse4_1 sse4_2 x2apic movbe popcnt tsc_deadline_timer aes xsave avx f16c rdrand lahf_lm abm 3dnowprefetch cpuid_fault epb invpcid_single ssbd ibrs ibpb stibp tpr_shadow vnmi flexpriority ept vpid ept_ad fsgsbase tsc_adjust bmi1 avx2 smep bmi2 erms invpcid mpx rdseed adx smap clflushopt intel_pt xsaveopt xsavec xgetbv1 xsaves dtherm ida arat pln pts hwp hwp_notify hwp_act_window hwp_epp md_clear flush_l1d arch_capabilities
vmx flags	: vnmi preemption_timer invvpid ept_x_only ept_ad ept_1gb flexpriority tsc_offset vtpr mtf vapic ept vpid unrestricted_guest ple pml ept_mode_based_exec
bugs		: spectre_v1 spectre_v2 spec_store_bypass mds swapgs itlb_multihit srbds
bogomips	: 3600.00
clflush size	: 64
cache_alignment	: 64
address sizes	: 39 bits physical, 48 bits virtual
power management:

processor	: 4
vendor_id	: GenuineIntel
cpu family	: 6
model		: 142
model name	: Intel(R) Core(TM) i5-8265U CPU @ 1.60GHz
stepping	: 11
microcode	: 0xde
cpu MHz		: 800.027
cache size	: 6144 KB
physical id	: 0
siblings	: 8
core id		: 0
cpu cores	: 4
apicid		: 1
initial apicid	: 1
fpu		: yes
fpu_exception	: yes
cpuid level	: 22
wp		: yes
flags		: fpu vme de pse tsc msr pae mce cx8 apic sep mtrr pge mca cmov pat pse36 clflush dts acpi mmx fxsr sse sse2 ss ht tm pbe syscall nx pdpe1gb rdtscp lm constant_tsc art arch_perfmon pebs bts rep_good nopl xtopology nonstop_tsc cpuid aperfmperf pni pclmulqdq dtes64 monitor ds_cpl vmx est tm2 ssse3 sdbg fma cx16 xtpr pdcm pcid sse4_1 sse4_2 x2apic movbe popcnt tsc_deadline_timer aes xsave avx f16c rdrand lahf_lm abm 3dnowprefetch cpuid_fault epb invpcid_single ssbd ibrs ibpb stibp tpr_shadow vnmi flexpriority ept vpid ept_ad fsgsbase tsc_adjust bmi1 avx2 smep bmi2 erms invpcid mpx rdseed adx smap clflushopt intel_pt xsaveopt xsavec xgetbv1 xsaves dtherm ida arat pln pts hwp hwp_notify hwp_act_window hwp_epp md_clear flush_l1d arch_capabilities
vmx flags	: vnmi preemption_timer invvpid ept_x_only ept_ad ept_1gb flexpriority tsc_offset vtpr mtf vapic ept vpid unrestricted_guest ple pml ept_mode_based_exec
bugs		: spectre_v1 spectre_v2 spec_store_bypass mds swapgs itlb_multihit srbds
bogomips	: 3600.00
clflush size	: 64
cache_alignment	: 64
address sizes	: 39 bits physical, 48 bits virtual
power management:

processor	: 5
vendor_id	: GenuineIntel
cpu family	: 6
model		: 142
model name	: Intel(R) Core(TM) i5-8265U CPU @ 1.60GHz
stepping	: 11
microcode	: 0xde
cpu MHz		: 800.048
cache size	: 6144 KB
physical id	: 0
siblings	: 8
core id		: 1
cpu cores	: 4
apicid		: 3
initial apicid	: 3
fpu		: yes
fpu_exception	: yes
cpuid level	: 22
wp		: yes
flags		: fpu vme de pse tsc msr pae mce cx8 apic sep mtrr pge mca cmov pat pse36 clflush dts acpi mmx fxsr sse sse2 ss ht tm pbe syscall nx pdpe1gb rdtscp lm constant_tsc art arch_perfmon pebs bts rep_good nopl xtopology nonstop_tsc cpuid aperfmperf pni pclmulqdq dtes64 monitor ds_cpl vmx est tm2 ssse3 sdbg fma cx16 xtpr pdcm pcid sse4_1 sse4_2 x2apic movbe popcnt tsc_deadline_timer aes xsave avx f16c rdrand lahf_lm abm 3dnowprefetch cpuid_fault epb invpcid_single ssbd ibrs ibpb stibp tpr_shadow vnmi flexpriority ept vpid ept_ad fsgsbase tsc_adjust bmi1 avx2 smep bmi2 erms invpcid mpx rdseed adx smap clflushopt intel_pt xsaveopt xsavec xgetbv1 xsaves dtherm ida arat pln pts hwp hwp_notify hwp_act_window hwp_epp md_clear flush_l1d arch_capabilities
vmx flags	: vnmi preemption_timer invvpid ept_x_only ept_ad ept_1gb flexpriority tsc_offset vtpr mtf vapic ept vpid unrestricted_guest ple pml ept_mode_based_exec
bugs		: spectre_v1 spectre_v2 spec_store_bypass mds swapgs itlb_multihit srbds
bogomips	: 3600.00
clflush size	: 64
cache_alignment	: 64
address sizes	: 39 bits physical, 48 bits virtual
power management:

processor	: 6
vendor_id	: GenuineIntel
cpu family	: 6
model		: 142
model name	: Intel(R) Core(TM) i5-8265U CPU @ 1.60GHz
stepping	: 11
microcode	: 0xde
cpu MHz		: 800.012
cache size	: 6144 KB
physical id	: 0
siblings	: 8
core id		: 2
cpu cores	: 4
apicid		: 5
initial apicid	: 5
fpu		: yes
fpu_exception	: yes
cpuid level	: 22
wp		: yes
flags		: fpu vme de pse tsc msr pae mce cx8 apic sep mtrr pge mca cmov pat pse36 clflush dts acpi mmx fxsr sse sse2 ss ht tm pbe syscall nx pdpe1gb rdtscp lm constant_tsc art arch_perfmon pebs bts rep_good nopl xtopology nonstop_tsc cpuid aperfmperf pni pclmulqdq dtes64 monitor ds_cpl vmx est tm2 ssse3 sdbg fma cx16 xtpr pdcm pcid sse4_1 sse4_2 x2apic movbe popcnt tsc_deadline_timer aes xsave avx f16c rdrand lahf_lm abm 3dnowprefetch cpuid_fault epb invpcid_single ssbd ibrs ibpb stibp tpr_shadow vnmi flexpriority ept vpid ept_ad fsgsbase tsc_adjust bmi1 avx2 smep bmi2 erms invpcid mpx rdseed adx smap clflushopt intel_pt xsaveopt xsavec xgetbv1 xsaves dtherm ida arat pln pts hwp hwp_notify hwp_act_window hwp_epp md_clear flush_l1d arch_capabilities
vmx flags	: vnmi preemption_timer invvpid ept_x_only ept_ad ept_1gb flexpriority tsc_offset vtpr mtf vapic ept vpid unrestricted_guest ple pml ept_mode_based_exec
bugs		: spectre_v1 spectre_v2 spec_store_bypass mds swapgs itlb_multihit srbds
bogomips	: 3600.00
clflush size	: 64
cache_alignment	: 64
address sizes	: 39 bits physical, 48 bits virtual
power management:

processor	: 7
vendor_id	: GenuineIntel
cpu family	: 6
model		: 142
model name	: Intel(R) Core(TM) i5-8265U CPU @ 1.60GHz
stepping	: 11
microcode	: 0xde
cpu MHz		: 800.020
cache size	: 6144 KB
physical id	: 0
siblings	: 8
core id		: 3
cpu cores	: 4
apicid		: 7
initial apicid	: 7
fpu		: yes
fpu_exception	: yes
cpuid level	: 22
wp		: yes
flags		: fpu vme de pse tsc msr pae mce cx8 apic sep mtrr pge mca cmov pat pse36 clflush dts acpi mmx fxsr sse sse2 ss ht tm pbe syscall nx pdpe1gb rdtscp lm constant_tsc art arch_perfmon pebs bts rep_good nopl xtopology nonstop_tsc cpuid aperfmperf pni pclmulqdq dtes64 monitor ds_cpl vmx est tm2 ssse3 sdbg fma cx16 xtpr pdcm pcid sse4_1 sse4_2 x2apic movbe popcnt tsc_deadline_timer aes xsave avx f16c rdrand lahf_lm abm 3dnowprefetch cpuid_fault epb invpcid_single ssbd ibrs ibpb stibp tpr_shadow vnmi flexpriority ept vpid ept_ad fsgsbase tsc_adjust bmi1 avx2 smep bmi2 erms invpcid mpx rdseed adx smap clflushopt intel_pt xsaveopt xsavec xgetbv1 xsaves dtherm ida arat pln pts hwp hwp_notify hwp_act_window hwp_epp md_clear flush_l1d arch_capabilities
vmx flags	: vnmi preemption_timer invvpid ept_x_only ept_ad ept_1gb flexpriority tsc_offset vtpr mtf vapic ept vpid unrestricted_guest ple pml ept_mode_based_exec
bugs		: spectre_v1 spectre_v2 spec_store_bypass mds swapgs itlb_multihit srbds
bogomips	: 3600.00
clflush size	: 64
cache_alignment	: 64
address sizes	: 39 bits physical, 48 bits virtual
power management:



Memory: 4k page, physical 7846540k(196624k free), swap 2097148k(1833820k free)

vm_info: OpenJDK 64-Bit Server VM (25.275-b01) for linux-amd64 JRE (1.8.0_275-8u275-b01-0ubuntu1~20.04-b01), built on Nov  9 2020 02:38:58 by "buildd" with gcc 9.3.0

time: Sat May  1 02:00:31 2021
timezone: HKT
elapsed time: 185.209600 seconds (0d 0h 3m 5s)

