#
# A fatal error has been detected by the Java Runtime Environment:
#
#  SIGSEGV (0xb) at pc=0x000000013e2d3164, pid=69830, tid=10243
#
# JRE version: OpenJDK Runtime Environment AdoptOpenJDK (11.0.10+9) (build 11.0.10+9)
# Java VM: OpenJDK 64-Bit Server VM AdoptOpenJDK (11.0.10+9, mixed mode, tiered, compressed oops, g1 gc, bsd-amd64)
# Problematic frame:
# C  [librocksdbjni7901110716914790491.jnilib+0x21164]  _Z18rocksdb_get_helperP7JNIEnv_PN7rocksdb2DBERKNS1_11ReadOptionsEPNS1_18ColumnFamilyHandleEP11_jbyteArrayii+0xf4
#
# No core dump will be written. Core dumps have been disabled. To enable core dumping, try "ulimit -c unlimited" before starting Java again
#
# If you would like to submit a bug report, please visit:
#   https://github.com/AdoptOpenJDK/openjdk-support/issues
# The crash happened outside the Java Virtual Machine in native code.
# See problematic frame for where to report the bug.
#

---------------  S U M M A R Y ------------

Command Line: mypackage/Crawler

Host: iMac20,1 x86_64 3800 MHz, 16 cores, 16G, Darwin 20.3.0
Time: Sat May  1 19:46:25 2021 HKT elapsed time: 5.658786 seconds (0d 0h 0m 5s)

---------------  T H R E A D  ---------------

Current thread (0x00007ff7e3009000):  JavaThread "main" [_thread_in_native, id=10243, stack(0x00007000050e6000,0x00007000051e6000)]

Stack: [0x00007000050e6000,0x00007000051e6000],  sp=0x00007000051e5620,  free space=1021k
Native frames: (J=compiled Java code, A=aot compiled Java code, j=interpreted, Vv=VM code, C=native code)
C  [librocksdbjni7901110716914790491.jnilib+0x21164]  _Z18rocksdb_get_helperP7JNIEnv_PN7rocksdb2DBERKNS1_11ReadOptionsEPNS1_18ColumnFamilyHandleEP11_jbyteArrayii+0xf4
C  [librocksdbjni7901110716914790491.jnilib+0x212cb]  Java_org_rocksdb_RocksDB_get__J_3BII+0x5b
J 2017  org.rocksdb.RocksDB.get(J[BII)[B (0 bytes) @ 0x000000012a333f99 [0x000000012a333ec0+0x00000000000000d9]
J 2026 c1 mypackage.InvertedIndex.getDocIDbyURL(Ljava/lang/String;)Ljava/lang/String; (44 bytes) @ 0x00000001232b24f4 [0x00000001232b2340+0x00000000000001b4]
j  mypackage.InvertedIndex.getMetadata(Ljava/lang/String;)Ljava/util/Vector;+10
j  mypackage.InvertedIndex.getTitlebyURL(Ljava/lang/String;)Ljava/lang/String;+2
j  mypackage.Crawler.getInfo(Lmypackage/Crawler;Lmypackage/InvertedIndex;)Ljava/lang/String;+42
j  mypackage.Crawler.main([Ljava/lang/String;)V+325
v  ~StubRoutines::call_stub
V  [libjvm.dylib+0x3b0b2c]  _ZN9JavaCalls11call_helperEP9JavaValueRK12methodHandleP17JavaCallArgumentsP6Thread+0x21a
V  [libjvm.dylib+0x3f5982]  _ZL17jni_invoke_staticP7JNIEnv_P9JavaValueP8_jobject11JNICallTypeP10_jmethodIDP18JNI_ArgumentPusherP6Thread+0x10a
V  [libjvm.dylib+0x3f9172]  jni_CallStaticVoidMethod+0x1d2
C  [libjli.dylib+0x4b29]  JavaMain+0xab0
C  [libsystem_pthread.dylib+0x6950]  _pthread_start+0xe0
C  [libsystem_pthread.dylib+0x247b]  thread_start+0xf

Java frames: (J=compiled Java code, j=interpreted, Vv=VM code)
J 2017  org.rocksdb.RocksDB.get(J[BII)[B (0 bytes) @ 0x000000012a333f1c [0x000000012a333ec0+0x000000000000005c]
J 2026 c1 mypackage.InvertedIndex.getDocIDbyURL(Ljava/lang/String;)Ljava/lang/String; (44 bytes) @ 0x00000001232b24f4 [0x00000001232b2340+0x00000000000001b4]
j  mypackage.InvertedIndex.getMetadata(Ljava/lang/String;)Ljava/util/Vector;+10
j  mypackage.InvertedIndex.getTitlebyURL(Ljava/lang/String;)Ljava/lang/String;+2
j  mypackage.Crawler.getInfo(Lmypackage/Crawler;Lmypackage/InvertedIndex;)Ljava/lang/String;+42
j  mypackage.Crawler.main([Ljava/lang/String;)V+325
v  ~StubRoutines::call_stub

siginfo: si_signo: 11 (SIGSEGV), si_code: 1 (SEGV_MAPERR), si_addr: 0x00000000000000b0

Register to memory mapping:

RAX=0x0 is NULL
RBX=0x00007ff7e3009348 points into unknown readable memory: 0x000000010f96ff08 | 08 ff 96 0f 01 00 00 00
RCX=0x00007000051e5620 is pointing into the stack for thread: 0x00007ff7e3009000
RDX=0x00007000051e56e0 is pointing into the stack for thread: 0x00007ff7e3009000
RSP=0x00007000051e5620 is pointing into the stack for thread: 0x00007ff7e3009000
RBP=0x00007000051e56c0 is pointing into the stack for thread: 0x00007ff7e3009000
RSI=0x00007ff7e1045e00 points into unknown readable memory: 0x0000000000000000 | 00 00 00 00 00 00 00 00
RDI=0x00007000051e5678 is pointing into the stack for thread: 0x00007ff7e3009000
R8 =0x00007000051e5660 is pointing into the stack for thread: 0x00007ff7e3009000
R9 =0x0000000000001fc7 is an unknown value
R10=0x00000000ffffff9f is an unknown value
R11=0x00007ff0d901e5b8 is an unknown value
R12=0x00007000051e57d0 is pointing into the stack for thread: 0x00007ff7e3009000
R13=0x0 is NULL
R14=0x00007ff7e0e23cc0 points into unknown readable memory: 0x2f2f3a7370747468 | 68 74 74 70 73 3a 2f 2f
R15=0x0000000000000025 is an unknown value


Registers:
RAX=0x0000000000000000, RBX=0x00007ff7e3009348, RCX=0x00007000051e5620, RDX=0x00007000051e56e0
RSP=0x00007000051e5620, RBP=0x00007000051e56c0, RSI=0x00007ff7e1045e00, RDI=0x00007000051e5678
R8 =0x00007000051e5660, R9 =0x0000000000001fc7, R10=0x00000000ffffff9f, R11=0x00007ff0d901e5b8
R12=0x00007000051e57d0, R13=0x0000000000000000, R14=0x00007ff7e0e23cc0, R15=0x0000000000000025
RIP=0x000000013e2d3164, EFLAGS=0x0000000000010246, ERR=0x0000000000000004
  TRAPNO=0x000000000000000e

Top of Stack: (sp=0x00007000051e5620)
0x00007000051e5620:   00007ff7e0e23cc0 0000000000000025
0x00007000051e5630:   0000000000000000 00007000051e56e0
0x00007000051e5640:   00007ff7e1045e00 00007ff7e3009000
0x00007000051e5650:   00007ff7e3009000 0000000000000000
0x00007000051e5660:   0000000000000000 0000000000000000
0x00007000051e5670:   0000000000000000 000000010f424a94
0x00007000051e5680:   000000013c137c70 00007ff7e3000000
0x00007000051e5690:   0000000000000000 00007ff7e3009348
0x00007000051e56a0:   00007ff7e1045e00 0000000000000025
0x00007000051e56b0:   0000000000000000 00007000051e57d0
0x00007000051e56c0:   00007000051e57b0 000000013e2d32cb
0x00007000051e56d0:   0000000000000025 00007000051e56f8
0x00007000051e56e0:   0000000000000000 0000000000000000
0x00007000051e56f0:   0000000000000000 0000000000000000
0x00007000051e5700:   0000000000000000 0000010100000000
0x00007000051e5710:   0000000000000000 00007ff7e2a04240
0x00007000051e5720:   00007000051e5750 000000010f39f50a
0x00007000051e5730:   0000000000000000 00007ff7e3009000
0x00007000051e5740:   0000000000000000 00007000051e57e0
0x00007000051e5750:   0000000000000000 0000000000000000
0x00007000051e5760:   0000000000000000 0000000000000000
0x00007000051e5770:   0000000000000000 ffffffffffffffff
0x00007000051e5780:   11f989b85fd30054 0000000707e056f8
0x00007000051e5790:   0000000000000000 00007000051e58a8
0x00007000051e57a0:   0000000000000000 00007ff7e3009000
0x00007000051e57b0:   00007000051e5800 000000012a333f99
0x00007000051e57c0:   00000007066d2bd8 000000012a3768e5
0x00007000051e57d0:   0000000707e056f8 00000007066324c8
0x00007000051e57e0:   0000000707e056a0 00000007066324d8
0x00007000051e57f0:   000000013c137b9b 00007000051e5848
0x00007000051e5800:   00007000051e5900 00000001232b24f4
0x00007000051e5810:   0000000706637e78 000000013c137bc0 

Instructions: (pc=0x000000013e2d3164)
0x000000013e2d3064:   00 48 89 df e8 fb 00 46 00 0f 0b 90 55 48 89 e5
0x000000013e2d3074:   41 57 41 56 41 55 41 54 53 48 83 ec 78 45 89 cd
0x000000013e2d3084:   4d 89 c4 48 89 8d 70 ff ff ff 48 89 95 78 ff ff
0x000000013e2d3094:   ff 48 89 75 80 48 89 fb 8b 45 10 4c 63 f8 49 83
0x000000013e2d30a4:   ff fe 48 c7 c7 ff ff ff ff 49 0f 4f ff e8 18 04
0x000000013e2d30b4:   46 00 49 89 c6 48 8b 03 48 89 df 4c 89 e6 44 89
0x000000013e2d30c4:   ea 44 89 f9 4d 89 f0 ff 90 40 06 00 00 48 8b 03
0x000000013e2d30d4:   48 89 df ff 90 20 07 00 00 84 c0 74 0f 4c 89 f7
0x000000013e2d30e4:   e8 d3 03 46 00 31 db e9 e6 00 00 00 48 8b 75 80
0x000000013e2d30f4:   48 8b 95 78 ff ff ff 4c 89 b5 60 ff ff ff c5 f8
0x000000013e2d3104:   57 c0 c5 f8 29 45 a0 4c 89 bd 68 ff ff ff 48 c7
0x000000013e2d3114:   45 b0 00 00 00 00 66 c7 45 c8 00 00 c6 45 ca 00
0x000000013e2d3124:   48 c7 45 d0 00 00 00 00 48 8b 8d 70 ff ff ff 48
0x000000013e2d3134:   85 c9 74 1a 48 8b 06 48 8d 7d b8 4c 8d 85 60 ff
0x000000013e2d3144:   ff ff 4c 8d 4d a0 ff 90 a0 00 00 00 eb 18 48 8b
0x000000013e2d3154:   06 48 8d 7d b8 48 8d 8d 60 ff ff ff 4c 8d 45 a0
0x000000013e2d3164:   ff 90 b0 00 00 00 8a 45 b8 88 45 c8 c6 45 b8 00
0x000000013e2d3174:   0f b7 45 b9 66 89 45 c9 66 c7 45 b9 00 00 48 8b
0x000000013e2d3184:   7d d0 48 85 ff 74 05 e8 2c 03 46 00 48 8b 45 c0
0x000000013e2d3194:   48 89 45 d0 4c 89 f7 e8 1c 03 46 00 8a 45 c8 84
0x000000013e2d31a4:   c0 74 41 3c 01 74 0c 48 8d 75 c8 48 89 df e8 69
0x000000013e2d31b4:   fd fd ff 31 db 48 8b 7d d0 48 85 ff 74 05 e8 f5
0x000000013e2d31c4:   02 46 00 f6 45 a0 01 74 09 48 8b 7d b0 e8 ec 02
0x000000013e2d31d4:   46 00 48 89 d8 48 83 c4 78 5b 41 5c 41 5d 41 5e
0x000000013e2d31e4:   41 5f 5d c3 48 8d 7d 88 48 8d 75 a0 e8 db 00 46
0x000000013e2d31f4:   00 0f b6 55 88 f6 c2 01 74 0a 48 8b 75 98 48 8b
0x000000013e2d3204:   55 90 eb 07 48 d1 ea 48 8d 75 89 48 89 df e8 29
0x000000013e2d3214:   28 fe ff 48 89 c3 f6 45 88 01 74 99 48 8b 7d 98
0x000000013e2d3224:   e8 99 02 46 00 eb 8e 48 89 c3 f6 45 88 01 74 14
0x000000013e2d3234:   48 8b 7d 98 e8 85 02 46 00 eb 09 eb 04 eb 02 eb
0x000000013e2d3244:   00 48 89 c3 48 8b 7d d0 48 85 ff 74 05 e8 66 02
0x000000013e2d3254:   46 00 f6 45 a0 01 74 09 48 8b 7d b0 e8 5d 02 46 


Stack slot to memory mapping:
stack at sp + 0 slots: 0x00007ff7e0e23cc0 points into unknown readable memory: 0x2f2f3a7370747468 | 68 74 74 70 73 3a 2f 2f
stack at sp + 1 slots: 0x0000000000000025 is an unknown value
stack at sp + 2 slots: 0x0 is NULL
stack at sp + 3 slots: 0x00007000051e56e0 is pointing into the stack for thread: 0x00007ff7e3009000
stack at sp + 4 slots: 0x00007ff7e1045e00 points into unknown readable memory: 0x0000000000000000 | 00 00 00 00 00 00 00 00
stack at sp + 5 slots: 0x00007ff7e3009000 is a thread
stack at sp + 6 slots: 0x00007ff7e3009000 is a thread
stack at sp + 7 slots: 0x0 is NULL


---------------  P R O C E S S  ---------------

Threads class SMR info:
_java_thread_list=0x00007ff7e28363f0, length=16, elements={
0x00007ff7e3009000, 0x00007ff7e1015000, 0x00007ff7e200d800, 0x00007ff7e315c000,
0x00007ff7e5808800, 0x00007ff7e200e800, 0x00007ff7e6008800, 0x00007ff7e5008800,
0x00007ff7e5815000, 0x00007ff7e183d800, 0x00007ff7e1055800, 0x00007ff7e320f800,
0x00007ff7e185a000, 0x00007ff7e5079800, 0x00007ff7e5114800, 0x00007ff7e7034000
}

Java Threads: ( => current thread )
=>0x00007ff7e3009000 JavaThread "main" [_thread_in_native, id=10243, stack(0x00007000050e6000,0x00007000051e6000)]
  0x00007ff7e1015000 JavaThread "Reference Handler" daemon [_thread_blocked, id=14339, stack(0x00007000057fb000,0x00007000058fb000)]
  0x00007ff7e200d800 JavaThread "Finalizer" daemon [_thread_blocked, id=18435, stack(0x00007000058fe000,0x00007000059fe000)]
  0x00007ff7e315c000 JavaThread "Signal Dispatcher" daemon [_thread_blocked, id=22019, stack(0x0000700005b07000,0x0000700005c07000)]
  0x00007ff7e5808800 JavaThread "Service Thread" daemon [_thread_blocked, id=22275, stack(0x0000700005c0a000,0x0000700005d0a000)]
  0x00007ff7e200e800 JavaThread "C2 CompilerThread0" daemon [_thread_blocked, id=42499, stack(0x0000700005d0d000,0x0000700005e0d000)]
  0x00007ff7e6008800 JavaThread "C1 CompilerThread0" daemon [_thread_blocked, id=23043, stack(0x0000700005e10000,0x0000700005f10000)]
  0x00007ff7e5008800 JavaThread "Sweeper thread" daemon [_thread_blocked, id=23555, stack(0x0000700005f13000,0x0000700006013000)]
  0x00007ff7e5815000 JavaThread "Common-Cleaner" daemon [_thread_blocked, id=25091, stack(0x000070000621c000,0x000070000631c000)]
  0x00007ff7e183d800 JavaThread "process reaper" daemon [_thread_blocked, id=40451, stack(0x000070000631f000,0x0000700006343000)]
  0x00007ff7e1055800 JavaThread "C1 CompilerThread1" daemon [_thread_blocked, id=41479, stack(0x0000700006016000,0x0000700006116000)]
  0x00007ff7e320f800 JavaThread "C2 CompilerThread1" daemon [_thread_blocked, id=39943, stack(0x0000700006346000,0x0000700006446000)]
  0x00007ff7e185a000 JavaThread "C2 CompilerThread2" daemon [_thread_blocked, id=26955, stack(0x00007000065d2000,0x00007000066d2000)]
  0x00007ff7e5079800 JavaThread "C1 CompilerThread2" daemon [_thread_blocked, id=39171, stack(0x00007000066d5000,0x00007000067d5000)]
  0x00007ff7e5114800 JavaThread "Keep-Alive-Timer" daemon [_thread_blocked, id=38151, stack(0x00007000067d8000,0x00007000068d8000)]
  0x00007ff7e7034000 JavaThread "C1 CompilerThread3" daemon [_thread_blocked, id=29187, stack(0x00007000070f3000,0x00007000071f3000)]

Other Threads:
  0x00007ff7e315e000 VMThread "VM Thread" [stack: 0x00007000056f8000,0x00007000057f8000] [id=18947]
  0x00007ff7e206c000 WatcherThread [stack: 0x0000700006119000,0x0000700006219000] [id=41219]
  0x00007ff7e300a000 GCTaskThread "GC Thread#0" [stack: 0x00007000051e9000,0x00007000052e9000] [id=12035]
  0x00007ff7e8808800 GCTaskThread "GC Thread#1" [stack: 0x00007000068db000,0x00007000069db000] [id=37639]
  0x00007ff7e901c800 GCTaskThread "GC Thread#2" [stack: 0x00007000069de000,0x0000700006ade000] [id=37895]
  0x00007ff7e3209800 GCTaskThread "GC Thread#3" [stack: 0x0000700006ae1000,0x0000700006be1000] [id=27655]
  0x00007ff7e320a800 GCTaskThread "GC Thread#4" [stack: 0x0000700006be4000,0x0000700006ce4000] [id=27907]
  0x00007ff7e32b3000 GCTaskThread "GC Thread#5" [stack: 0x0000700006ce7000,0x0000700006de7000] [id=36867]
  0x00007ff7e304d000 ConcurrentGCThread "G1 Main Marker" [stack: 0x00007000052ec000,0x00007000053ec000] [id=21251]
  0x00007ff7e304e000 ConcurrentGCThread "G1 Conc#0" [stack: 0x00007000053ef000,0x00007000054ef000] [id=20739]
  0x00007ff7e3102800 ConcurrentGCThread "G1 Refine#0" [stack: 0x00007000054f2000,0x00007000055f2000] [id=20483]
  0x00007ff7e3103800 ConcurrentGCThread "G1 Young RemSet Sampling" [stack: 0x00007000055f5000,0x00007000056f5000] [id=19971]

Threads with active compile tasks:

VM state:not at safepoint (normal execution)

VM Mutex/Monitor currently owned by a thread: None

Heap address: 0x0000000700000000, size: 4096 MB, Compressed Oops mode: Zero based, Oop shift amount: 3
Narrow klass base: 0x0000000800000000, Narrow klass shift: 0
Compressed class space size: 1073741824 Address: 0x0000000800000000

Heap:
 garbage-first heap   total 262144K, used 137021K [0x0000000700000000, 0x0000000800000000)
  region size 1024K, 134 young (137216K), 4 survivors (4096K)
 Metaspace       used 18309K, capacity 18703K, committed 18944K, reserved 1067008K
  class space    used 1806K, capacity 1973K, committed 2048K, reserved 1048576K
Heap Regions: E=young(eden), S=young(survivor), O=old, HS=humongous(starts), HC=humongous(continues), CS=collection set, F=free, A=archive, TAMS=top-at-mark-start (previous, next)
|   0|0x0000000700000000, 0x0000000700100000, 0x0000000700100000|100%| O|  |TAMS 0x0000000700000000, 0x0000000700000000| Untracked 
|   1|0x0000000700100000, 0x000000070012a000, 0x0000000700200000| 16%| O|  |TAMS 0x0000000700100000, 0x0000000700100000| Untracked 
|   2|0x0000000700200000, 0x0000000700200000, 0x0000000700300000|  0%| F|  |TAMS 0x0000000700200000, 0x0000000700200000| Untracked 
|   3|0x0000000700300000, 0x0000000700300000, 0x0000000700400000|  0%| F|  |TAMS 0x0000000700300000, 0x0000000700300000| Untracked 
|   4|0x0000000700400000, 0x0000000700400000, 0x0000000700500000|  0%| F|  |TAMS 0x0000000700400000, 0x0000000700400000| Untracked 
|   5|0x0000000700500000, 0x0000000700500000, 0x0000000700600000|  0%| F|  |TAMS 0x0000000700500000, 0x0000000700500000| Untracked 
|   6|0x0000000700600000, 0x0000000700600000, 0x0000000700700000|  0%| F|  |TAMS 0x0000000700600000, 0x0000000700600000| Untracked 
|   7|0x0000000700700000, 0x0000000700700000, 0x0000000700800000|  0%| F|  |TAMS 0x0000000700700000, 0x0000000700700000| Untracked 
|   8|0x0000000700800000, 0x0000000700800000, 0x0000000700900000|  0%| F|  |TAMS 0x0000000700800000, 0x0000000700800000| Untracked 
|   9|0x0000000700900000, 0x0000000700900000, 0x0000000700a00000|  0%| F|  |TAMS 0x0000000700900000, 0x0000000700900000| Untracked 
|  10|0x0000000700a00000, 0x0000000700a00000, 0x0000000700b00000|  0%| F|  |TAMS 0x0000000700a00000, 0x0000000700a00000| Untracked 
|  11|0x0000000700b00000, 0x0000000700b00000, 0x0000000700c00000|  0%| F|  |TAMS 0x0000000700b00000, 0x0000000700b00000| Untracked 
|  12|0x0000000700c00000, 0x0000000700c00000, 0x0000000700d00000|  0%| F|  |TAMS 0x0000000700c00000, 0x0000000700c00000| Untracked 
|  13|0x0000000700d00000, 0x0000000700d00000, 0x0000000700e00000|  0%| F|  |TAMS 0x0000000700d00000, 0x0000000700d00000| Untracked 
|  14|0x0000000700e00000, 0x0000000700e00000, 0x0000000700f00000|  0%| F|  |TAMS 0x0000000700e00000, 0x0000000700e00000| Untracked 
|  15|0x0000000700f00000, 0x0000000700f00000, 0x0000000701000000|  0%| F|  |TAMS 0x0000000700f00000, 0x0000000700f00000| Untracked 
|  16|0x0000000701000000, 0x0000000701000000, 0x0000000701100000|  0%| F|  |TAMS 0x0000000701000000, 0x0000000701000000| Untracked 
|  17|0x0000000701100000, 0x0000000701100000, 0x0000000701200000|  0%| F|  |TAMS 0x0000000701100000, 0x0000000701100000| Untracked 
|  18|0x0000000701200000, 0x0000000701200000, 0x0000000701300000|  0%| F|  |TAMS 0x0000000701200000, 0x0000000701200000| Untracked 
|  19|0x0000000701300000, 0x0000000701300000, 0x0000000701400000|  0%| F|  |TAMS 0x0000000701300000, 0x0000000701300000| Untracked 
|  20|0x0000000701400000, 0x0000000701400000, 0x0000000701500000|  0%| F|  |TAMS 0x0000000701400000, 0x0000000701400000| Untracked 
|  21|0x0000000701500000, 0x0000000701500000, 0x0000000701600000|  0%| F|  |TAMS 0x0000000701500000, 0x0000000701500000| Untracked 
|  22|0x0000000701600000, 0x0000000701600000, 0x0000000701700000|  0%| F|  |TAMS 0x0000000701600000, 0x0000000701600000| Untracked 
|  23|0x0000000701700000, 0x0000000701700000, 0x0000000701800000|  0%| F|  |TAMS 0x0000000701700000, 0x0000000701700000| Untracked 
|  24|0x0000000701800000, 0x0000000701800000, 0x0000000701900000|  0%| F|  |TAMS 0x0000000701800000, 0x0000000701800000| Untracked 
|  25|0x0000000701900000, 0x0000000701900000, 0x0000000701a00000|  0%| F|  |TAMS 0x0000000701900000, 0x0000000701900000| Untracked 
|  26|0x0000000701a00000, 0x0000000701a00000, 0x0000000701b00000|  0%| F|  |TAMS 0x0000000701a00000, 0x0000000701a00000| Untracked 
|  27|0x0000000701b00000, 0x0000000701b00000, 0x0000000701c00000|  0%| F|  |TAMS 0x0000000701b00000, 0x0000000701b00000| Untracked 
|  28|0x0000000701c00000, 0x0000000701c00000, 0x0000000701d00000|  0%| F|  |TAMS 0x0000000701c00000, 0x0000000701c00000| Untracked 
|  29|0x0000000701d00000, 0x0000000701d00000, 0x0000000701e00000|  0%| F|  |TAMS 0x0000000701d00000, 0x0000000701d00000| Untracked 
|  30|0x0000000701e00000, 0x0000000701e00000, 0x0000000701f00000|  0%| F|  |TAMS 0x0000000701e00000, 0x0000000701e00000| Untracked 
|  31|0x0000000701f00000, 0x0000000701f00000, 0x0000000702000000|  0%| F|  |TAMS 0x0000000701f00000, 0x0000000701f00000| Untracked 
|  32|0x0000000702000000, 0x0000000702000000, 0x0000000702100000|  0%| F|  |TAMS 0x0000000702000000, 0x0000000702000000| Untracked 
|  33|0x0000000702100000, 0x0000000702100000, 0x0000000702200000|  0%| F|  |TAMS 0x0000000702100000, 0x0000000702100000| Untracked 
|  34|0x0000000702200000, 0x0000000702200000, 0x0000000702300000|  0%| F|  |TAMS 0x0000000702200000, 0x0000000702200000| Untracked 
|  35|0x0000000702300000, 0x0000000702300000, 0x0000000702400000|  0%| F|  |TAMS 0x0000000702300000, 0x0000000702300000| Untracked 
|  36|0x0000000702400000, 0x0000000702400000, 0x0000000702500000|  0%| F|  |TAMS 0x0000000702400000, 0x0000000702400000| Untracked 
|  37|0x0000000702500000, 0x0000000702500000, 0x0000000702600000|  0%| F|  |TAMS 0x0000000702500000, 0x0000000702500000| Untracked 
|  38|0x0000000702600000, 0x0000000702600000, 0x0000000702700000|  0%| F|  |TAMS 0x0000000702600000, 0x0000000702600000| Untracked 
|  39|0x0000000702700000, 0x0000000702700000, 0x0000000702800000|  0%| F|  |TAMS 0x0000000702700000, 0x0000000702700000| Untracked 
|  40|0x0000000702800000, 0x0000000702800000, 0x0000000702900000|  0%| F|  |TAMS 0x0000000702800000, 0x0000000702800000| Untracked 
|  41|0x0000000702900000, 0x0000000702900000, 0x0000000702a00000|  0%| F|  |TAMS 0x0000000702900000, 0x0000000702900000| Untracked 
|  42|0x0000000702a00000, 0x0000000702a00000, 0x0000000702b00000|  0%| F|  |TAMS 0x0000000702a00000, 0x0000000702a00000| Untracked 
|  43|0x0000000702b00000, 0x0000000702b00000, 0x0000000702c00000|  0%| F|  |TAMS 0x0000000702b00000, 0x0000000702b00000| Untracked 
|  44|0x0000000702c00000, 0x0000000702c00000, 0x0000000702d00000|  0%| F|  |TAMS 0x0000000702c00000, 0x0000000702c00000| Untracked 
|  45|0x0000000702d00000, 0x0000000702d00000, 0x0000000702e00000|  0%| F|  |TAMS 0x0000000702d00000, 0x0000000702d00000| Untracked 
|  46|0x0000000702e00000, 0x0000000702e00000, 0x0000000702f00000|  0%| F|  |TAMS 0x0000000702e00000, 0x0000000702e00000| Untracked 
|  47|0x0000000702f00000, 0x0000000702f00000, 0x0000000703000000|  0%| F|  |TAMS 0x0000000702f00000, 0x0000000702f00000| Untracked 
|  48|0x0000000703000000, 0x0000000703000000, 0x0000000703100000|  0%| F|  |TAMS 0x0000000703000000, 0x0000000703000000| Untracked 
|  49|0x0000000703100000, 0x0000000703100000, 0x0000000703200000|  0%| F|  |TAMS 0x0000000703100000, 0x0000000703100000| Untracked 
|  50|0x0000000703200000, 0x0000000703200000, 0x0000000703300000|  0%| F|  |TAMS 0x0000000703200000, 0x0000000703200000| Untracked 
|  51|0x0000000703300000, 0x0000000703300000, 0x0000000703400000|  0%| F|  |TAMS 0x0000000703300000, 0x0000000703300000| Untracked 
|  52|0x0000000703400000, 0x0000000703400000, 0x0000000703500000|  0%| F|  |TAMS 0x0000000703400000, 0x0000000703400000| Untracked 
|  53|0x0000000703500000, 0x0000000703500000, 0x0000000703600000|  0%| F|  |TAMS 0x0000000703500000, 0x0000000703500000| Untracked 
|  54|0x0000000703600000, 0x0000000703600000, 0x0000000703700000|  0%| F|  |TAMS 0x0000000703600000, 0x0000000703600000| Untracked 
|  55|0x0000000703700000, 0x0000000703700000, 0x0000000703800000|  0%| F|  |TAMS 0x0000000703700000, 0x0000000703700000| Untracked 
|  56|0x0000000703800000, 0x0000000703800000, 0x0000000703900000|  0%| F|  |TAMS 0x0000000703800000, 0x0000000703800000| Untracked 
|  57|0x0000000703900000, 0x0000000703900000, 0x0000000703a00000|  0%| F|  |TAMS 0x0000000703900000, 0x0000000703900000| Untracked 
|  58|0x0000000703a00000, 0x0000000703a00000, 0x0000000703b00000|  0%| F|  |TAMS 0x0000000703a00000, 0x0000000703a00000| Untracked 
|  59|0x0000000703b00000, 0x0000000703b00000, 0x0000000703c00000|  0%| F|  |TAMS 0x0000000703b00000, 0x0000000703b00000| Untracked 
|  60|0x0000000703c00000, 0x0000000703c00000, 0x0000000703d00000|  0%| F|  |TAMS 0x0000000703c00000, 0x0000000703c00000| Untracked 
|  61|0x0000000703d00000, 0x0000000703d00000, 0x0000000703e00000|  0%| F|  |TAMS 0x0000000703d00000, 0x0000000703d00000| Untracked 
|  62|0x0000000703e00000, 0x0000000703e00000, 0x0000000703f00000|  0%| F|  |TAMS 0x0000000703e00000, 0x0000000703e00000| Untracked 
|  63|0x0000000703f00000, 0x0000000703f00000, 0x0000000704000000|  0%| F|  |TAMS 0x0000000703f00000, 0x0000000703f00000| Untracked 
|  64|0x0000000704000000, 0x0000000704000000, 0x0000000704100000|  0%| F|  |TAMS 0x0000000704000000, 0x0000000704000000| Untracked 
|  65|0x0000000704100000, 0x0000000704100000, 0x0000000704200000|  0%| F|  |TAMS 0x0000000704100000, 0x0000000704100000| Untracked 
|  66|0x0000000704200000, 0x0000000704200000, 0x0000000704300000|  0%| F|  |TAMS 0x0000000704200000, 0x0000000704200000| Untracked 
|  67|0x0000000704300000, 0x0000000704300000, 0x0000000704400000|  0%| F|  |TAMS 0x0000000704300000, 0x0000000704300000| Untracked 
|  68|0x0000000704400000, 0x0000000704400000, 0x0000000704500000|  0%| F|  |TAMS 0x0000000704400000, 0x0000000704400000| Untracked 
|  69|0x0000000704500000, 0x0000000704500000, 0x0000000704600000|  0%| F|  |TAMS 0x0000000704500000, 0x0000000704500000| Untracked 
|  70|0x0000000704600000, 0x0000000704600000, 0x0000000704700000|  0%| F|  |TAMS 0x0000000704600000, 0x0000000704600000| Untracked 
|  71|0x0000000704700000, 0x0000000704700000, 0x0000000704800000|  0%| F|  |TAMS 0x0000000704700000, 0x0000000704700000| Untracked 
|  72|0x0000000704800000, 0x0000000704800000, 0x0000000704900000|  0%| F|  |TAMS 0x0000000704800000, 0x0000000704800000| Untracked 
|  73|0x0000000704900000, 0x0000000704900000, 0x0000000704a00000|  0%| F|  |TAMS 0x0000000704900000, 0x0000000704900000| Untracked 
|  74|0x0000000704a00000, 0x0000000704a00000, 0x0000000704b00000|  0%| F|  |TAMS 0x0000000704a00000, 0x0000000704a00000| Untracked 
|  75|0x0000000704b00000, 0x0000000704b00000, 0x0000000704c00000|  0%| F|  |TAMS 0x0000000704b00000, 0x0000000704b00000| Untracked 
|  76|0x0000000704c00000, 0x0000000704c00000, 0x0000000704d00000|  0%| F|  |TAMS 0x0000000704c00000, 0x0000000704c00000| Untracked 
|  77|0x0000000704d00000, 0x0000000704d00000, 0x0000000704e00000|  0%| F|  |TAMS 0x0000000704d00000, 0x0000000704d00000| Untracked 
|  78|0x0000000704e00000, 0x0000000704e00000, 0x0000000704f00000|  0%| F|  |TAMS 0x0000000704e00000, 0x0000000704e00000| Untracked 
|  79|0x0000000704f00000, 0x0000000704f00000, 0x0000000705000000|  0%| F|  |TAMS 0x0000000704f00000, 0x0000000704f00000| Untracked 
|  80|0x0000000705000000, 0x0000000705000000, 0x0000000705100000|  0%| F|  |TAMS 0x0000000705000000, 0x0000000705000000| Untracked 
|  81|0x0000000705100000, 0x0000000705100000, 0x0000000705200000|  0%| F|  |TAMS 0x0000000705100000, 0x0000000705100000| Untracked 
|  82|0x0000000705200000, 0x0000000705200000, 0x0000000705300000|  0%| F|  |TAMS 0x0000000705200000, 0x0000000705200000| Untracked 
|  83|0x0000000705300000, 0x0000000705300000, 0x0000000705400000|  0%| F|  |TAMS 0x0000000705300000, 0x0000000705300000| Untracked 
|  84|0x0000000705400000, 0x0000000705400000, 0x0000000705500000|  0%| F|  |TAMS 0x0000000705400000, 0x0000000705400000| Untracked 
|  85|0x0000000705500000, 0x0000000705500000, 0x0000000705600000|  0%| F|  |TAMS 0x0000000705500000, 0x0000000705500000| Untracked 
|  86|0x0000000705600000, 0x0000000705600000, 0x0000000705700000|  0%| F|  |TAMS 0x0000000705600000, 0x0000000705600000| Untracked 
|  87|0x0000000705700000, 0x0000000705700000, 0x0000000705800000|  0%| F|  |TAMS 0x0000000705700000, 0x0000000705700000| Untracked 
|  88|0x0000000705800000, 0x0000000705800000, 0x0000000705900000|  0%| F|  |TAMS 0x0000000705800000, 0x0000000705800000| Untracked 
|  89|0x0000000705900000, 0x0000000705900000, 0x0000000705a00000|  0%| F|  |TAMS 0x0000000705900000, 0x0000000705900000| Untracked 
|  90|0x0000000705a00000, 0x0000000705a00000, 0x0000000705b00000|  0%| F|  |TAMS 0x0000000705a00000, 0x0000000705a00000| Untracked 
|  91|0x0000000705b00000, 0x0000000705b00000, 0x0000000705c00000|  0%| F|  |TAMS 0x0000000705b00000, 0x0000000705b00000| Untracked 
|  92|0x0000000705c00000, 0x0000000705c00000, 0x0000000705d00000|  0%| F|  |TAMS 0x0000000705c00000, 0x0000000705c00000| Untracked 
|  93|0x0000000705d00000, 0x0000000705d00000, 0x0000000705e00000|  0%| F|  |TAMS 0x0000000705d00000, 0x0000000705d00000| Untracked 
|  94|0x0000000705e00000, 0x0000000705e00000, 0x0000000705f00000|  0%| F|  |TAMS 0x0000000705e00000, 0x0000000705e00000| Untracked 
|  95|0x0000000705f00000, 0x0000000705f00000, 0x0000000706000000|  0%| F|  |TAMS 0x0000000705f00000, 0x0000000705f00000| Untracked 
|  96|0x0000000706000000, 0x0000000706000000, 0x0000000706100000|  0%| F|  |TAMS 0x0000000706000000, 0x0000000706000000| Untracked 
|  97|0x0000000706100000, 0x0000000706100000, 0x0000000706200000|  0%| F|  |TAMS 0x0000000706100000, 0x0000000706100000| Untracked 
|  98|0x0000000706200000, 0x0000000706200000, 0x0000000706300000|  0%| F|  |TAMS 0x0000000706200000, 0x0000000706200000| Untracked 
|  99|0x0000000706300000, 0x00000007063a5668, 0x0000000706400000| 64%| S|CS|TAMS 0x0000000706300000, 0x0000000706300000| Complete 
| 100|0x0000000706400000, 0x0000000706500000, 0x0000000706500000|100%| S|CS|TAMS 0x0000000706400000, 0x0000000706400000| Complete 
| 101|0x0000000706500000, 0x0000000706600000, 0x0000000706600000|100%| S|CS|TAMS 0x0000000706500000, 0x0000000706500000| Complete 
| 102|0x0000000706600000, 0x0000000706700000, 0x0000000706700000|100%| S|CS|TAMS 0x0000000706600000, 0x0000000706600000| Complete 
| 103|0x0000000706700000, 0x0000000706700000, 0x0000000706800000|  0%| F|  |TAMS 0x0000000706700000, 0x0000000706700000| Untracked 
| 104|0x0000000706800000, 0x0000000706800000, 0x0000000706900000|  0%| F|  |TAMS 0x0000000706800000, 0x0000000706800000| Untracked 
| 105|0x0000000706900000, 0x0000000706900000, 0x0000000706a00000|  0%| F|  |TAMS 0x0000000706900000, 0x0000000706900000| Untracked 
| 106|0x0000000706a00000, 0x0000000706a00000, 0x0000000706b00000|  0%| F|  |TAMS 0x0000000706a00000, 0x0000000706a00000| Untracked 
| 107|0x0000000706b00000, 0x0000000706b00000, 0x0000000706c00000|  0%| F|  |TAMS 0x0000000706b00000, 0x0000000706b00000| Untracked 
| 108|0x0000000706c00000, 0x0000000706c00000, 0x0000000706d00000|  0%| F|  |TAMS 0x0000000706c00000, 0x0000000706c00000| Untracked 
| 109|0x0000000706d00000, 0x0000000706d00000, 0x0000000706e00000|  0%| F|  |TAMS 0x0000000706d00000, 0x0000000706d00000| Untracked 
| 110|0x0000000706e00000, 0x0000000706e00000, 0x0000000706f00000|  0%| F|  |TAMS 0x0000000706e00000, 0x0000000706e00000| Untracked 
| 111|0x0000000706f00000, 0x0000000706f00000, 0x0000000707000000|  0%| F|  |TAMS 0x0000000706f00000, 0x0000000706f00000| Untracked 
| 112|0x0000000707000000, 0x0000000707000000, 0x0000000707100000|  0%| F|  |TAMS 0x0000000707000000, 0x0000000707000000| Untracked 
| 113|0x0000000707100000, 0x0000000707100000, 0x0000000707200000|  0%| F|  |TAMS 0x0000000707100000, 0x0000000707100000| Untracked 
| 114|0x0000000707200000, 0x0000000707200000, 0x0000000707300000|  0%| F|  |TAMS 0x0000000707200000, 0x0000000707200000| Untracked 
| 115|0x0000000707300000, 0x0000000707300000, 0x0000000707400000|  0%| F|  |TAMS 0x0000000707300000, 0x0000000707300000| Untracked 
| 116|0x0000000707400000, 0x0000000707400000, 0x0000000707500000|  0%| F|  |TAMS 0x0000000707400000, 0x0000000707400000| Untracked 
| 117|0x0000000707500000, 0x0000000707500000, 0x0000000707600000|  0%| F|  |TAMS 0x0000000707500000, 0x0000000707500000| Untracked 
| 118|0x0000000707600000, 0x0000000707600000, 0x0000000707700000|  0%| F|  |TAMS 0x0000000707600000, 0x0000000707600000| Untracked 
| 119|0x0000000707700000, 0x0000000707700000, 0x0000000707800000|  0%| F|  |TAMS 0x0000000707700000, 0x0000000707700000| Untracked 
| 120|0x0000000707800000, 0x0000000707800000, 0x0000000707900000|  0%| F|  |TAMS 0x0000000707800000, 0x0000000707800000| Untracked 
| 121|0x0000000707900000, 0x0000000707900000, 0x0000000707a00000|  0%| F|  |TAMS 0x0000000707900000, 0x0000000707900000| Untracked 
| 122|0x0000000707a00000, 0x0000000707a00000, 0x0000000707b00000|  0%| F|  |TAMS 0x0000000707a00000, 0x0000000707a00000| Untracked 
| 123|0x0000000707b00000, 0x0000000707b00000, 0x0000000707c00000|  0%| F|  |TAMS 0x0000000707b00000, 0x0000000707b00000| Untracked 
| 124|0x0000000707c00000, 0x0000000707c00000, 0x0000000707d00000|  0%| F|  |TAMS 0x0000000707c00000, 0x0000000707c00000| Untracked 
| 125|0x0000000707d00000, 0x0000000707d00000, 0x0000000707e00000|  0%| F|  |TAMS 0x0000000707d00000, 0x0000000707d00000| Untracked 
| 126|0x0000000707e00000, 0x0000000707e80b08, 0x0000000707f00000| 50%| E|  |TAMS 0x0000000707e00000, 0x0000000707e00000| Complete 
| 127|0x0000000707f00000, 0x0000000708000000, 0x0000000708000000|100%| E|CS|TAMS 0x0000000707f00000, 0x0000000707f00000| Complete 
| 128|0x0000000708000000, 0x0000000708100000, 0x0000000708100000|100%| E|CS|TAMS 0x0000000708000000, 0x0000000708000000| Complete 
| 129|0x0000000708100000, 0x0000000708200000, 0x0000000708200000|100%| E|CS|TAMS 0x0000000708100000, 0x0000000708100000| Complete 
| 130|0x0000000708200000, 0x0000000708300000, 0x0000000708300000|100%| E|CS|TAMS 0x0000000708200000, 0x0000000708200000| Complete 
| 131|0x0000000708300000, 0x0000000708400000, 0x0000000708400000|100%| E|CS|TAMS 0x0000000708300000, 0x0000000708300000| Complete 
| 132|0x0000000708400000, 0x0000000708500000, 0x0000000708500000|100%| E|CS|TAMS 0x0000000708400000, 0x0000000708400000| Complete 
| 133|0x0000000708500000, 0x0000000708600000, 0x0000000708600000|100%| E|CS|TAMS 0x0000000708500000, 0x0000000708500000| Complete 
| 134|0x0000000708600000, 0x0000000708700000, 0x0000000708700000|100%| E|CS|TAMS 0x0000000708600000, 0x0000000708600000| Complete 
| 135|0x0000000708700000, 0x0000000708800000, 0x0000000708800000|100%| E|CS|TAMS 0x0000000708700000, 0x0000000708700000| Complete 
| 136|0x0000000708800000, 0x0000000708900000, 0x0000000708900000|100%| E|CS|TAMS 0x0000000708800000, 0x0000000708800000| Complete 
| 137|0x0000000708900000, 0x0000000708a00000, 0x0000000708a00000|100%| E|CS|TAMS 0x0000000708900000, 0x0000000708900000| Complete 
| 138|0x0000000708a00000, 0x0000000708b00000, 0x0000000708b00000|100%| E|CS|TAMS 0x0000000708a00000, 0x0000000708a00000| Complete 
| 139|0x0000000708b00000, 0x0000000708c00000, 0x0000000708c00000|100%| E|CS|TAMS 0x0000000708b00000, 0x0000000708b00000| Complete 
| 140|0x0000000708c00000, 0x0000000708d00000, 0x0000000708d00000|100%| E|CS|TAMS 0x0000000708c00000, 0x0000000708c00000| Complete 
| 141|0x0000000708d00000, 0x0000000708e00000, 0x0000000708e00000|100%| E|CS|TAMS 0x0000000708d00000, 0x0000000708d00000| Complete 
| 142|0x0000000708e00000, 0x0000000708f00000, 0x0000000708f00000|100%| E|CS|TAMS 0x0000000708e00000, 0x0000000708e00000| Complete 
| 143|0x0000000708f00000, 0x0000000709000000, 0x0000000709000000|100%| E|CS|TAMS 0x0000000708f00000, 0x0000000708f00000| Complete 
| 144|0x0000000709000000, 0x0000000709100000, 0x0000000709100000|100%| E|CS|TAMS 0x0000000709000000, 0x0000000709000000| Complete 
| 145|0x0000000709100000, 0x0000000709200000, 0x0000000709200000|100%| E|CS|TAMS 0x0000000709100000, 0x0000000709100000| Complete 
| 146|0x0000000709200000, 0x0000000709300000, 0x0000000709300000|100%| E|CS|TAMS 0x0000000709200000, 0x0000000709200000| Complete 
| 147|0x0000000709300000, 0x0000000709400000, 0x0000000709400000|100%| E|CS|TAMS 0x0000000709300000, 0x0000000709300000| Complete 
| 148|0x0000000709400000, 0x0000000709500000, 0x0000000709500000|100%| E|CS|TAMS 0x0000000709400000, 0x0000000709400000| Complete 
| 149|0x0000000709500000, 0x0000000709600000, 0x0000000709600000|100%| E|CS|TAMS 0x0000000709500000, 0x0000000709500000| Complete 
| 150|0x0000000709600000, 0x0000000709700000, 0x0000000709700000|100%| E|CS|TAMS 0x0000000709600000, 0x0000000709600000| Complete 
| 151|0x0000000709700000, 0x0000000709800000, 0x0000000709800000|100%| E|CS|TAMS 0x0000000709700000, 0x0000000709700000| Complete 
| 152|0x0000000709800000, 0x0000000709900000, 0x0000000709900000|100%| E|CS|TAMS 0x0000000709800000, 0x0000000709800000| Complete 
| 153|0x0000000709900000, 0x0000000709a00000, 0x0000000709a00000|100%| E|CS|TAMS 0x0000000709900000, 0x0000000709900000| Complete 
| 154|0x0000000709a00000, 0x0000000709b00000, 0x0000000709b00000|100%| E|CS|TAMS 0x0000000709a00000, 0x0000000709a00000| Complete 
| 155|0x0000000709b00000, 0x0000000709c00000, 0x0000000709c00000|100%| E|CS|TAMS 0x0000000709b00000, 0x0000000709b00000| Complete 
| 156|0x0000000709c00000, 0x0000000709d00000, 0x0000000709d00000|100%| E|CS|TAMS 0x0000000709c00000, 0x0000000709c00000| Complete 
| 157|0x0000000709d00000, 0x0000000709e00000, 0x0000000709e00000|100%| E|CS|TAMS 0x0000000709d00000, 0x0000000709d00000| Complete 
| 158|0x0000000709e00000, 0x0000000709f00000, 0x0000000709f00000|100%| E|CS|TAMS 0x0000000709e00000, 0x0000000709e00000| Complete 
| 159|0x0000000709f00000, 0x000000070a000000, 0x000000070a000000|100%| E|CS|TAMS 0x0000000709f00000, 0x0000000709f00000| Complete 
| 160|0x000000070a000000, 0x000000070a100000, 0x000000070a100000|100%| E|CS|TAMS 0x000000070a000000, 0x000000070a000000| Complete 
| 161|0x000000070a100000, 0x000000070a200000, 0x000000070a200000|100%| E|CS|TAMS 0x000000070a100000, 0x000000070a100000| Complete 
| 162|0x000000070a200000, 0x000000070a300000, 0x000000070a300000|100%| E|CS|TAMS 0x000000070a200000, 0x000000070a200000| Complete 
| 163|0x000000070a300000, 0x000000070a400000, 0x000000070a400000|100%| E|CS|TAMS 0x000000070a300000, 0x000000070a300000| Complete 
| 164|0x000000070a400000, 0x000000070a500000, 0x000000070a500000|100%| E|CS|TAMS 0x000000070a400000, 0x000000070a400000| Complete 
| 165|0x000000070a500000, 0x000000070a600000, 0x000000070a600000|100%| E|CS|TAMS 0x000000070a500000, 0x000000070a500000| Complete 
| 166|0x000000070a600000, 0x000000070a700000, 0x000000070a700000|100%| E|CS|TAMS 0x000000070a600000, 0x000000070a600000| Complete 
| 167|0x000000070a700000, 0x000000070a800000, 0x000000070a800000|100%| E|CS|TAMS 0x000000070a700000, 0x000000070a700000| Complete 
| 168|0x000000070a800000, 0x000000070a900000, 0x000000070a900000|100%| E|CS|TAMS 0x000000070a800000, 0x000000070a800000| Complete 
| 169|0x000000070a900000, 0x000000070aa00000, 0x000000070aa00000|100%| E|CS|TAMS 0x000000070a900000, 0x000000070a900000| Complete 
| 170|0x000000070aa00000, 0x000000070ab00000, 0x000000070ab00000|100%| E|CS|TAMS 0x000000070aa00000, 0x000000070aa00000| Complete 
| 171|0x000000070ab00000, 0x000000070ac00000, 0x000000070ac00000|100%| E|CS|TAMS 0x000000070ab00000, 0x000000070ab00000| Complete 
| 172|0x000000070ac00000, 0x000000070ad00000, 0x000000070ad00000|100%| E|CS|TAMS 0x000000070ac00000, 0x000000070ac00000| Complete 
| 173|0x000000070ad00000, 0x000000070ae00000, 0x000000070ae00000|100%| E|CS|TAMS 0x000000070ad00000, 0x000000070ad00000| Complete 
| 174|0x000000070ae00000, 0x000000070af00000, 0x000000070af00000|100%| E|CS|TAMS 0x000000070ae00000, 0x000000070ae00000| Complete 
| 175|0x000000070af00000, 0x000000070b000000, 0x000000070b000000|100%| E|CS|TAMS 0x000000070af00000, 0x000000070af00000| Complete 
| 176|0x000000070b000000, 0x000000070b100000, 0x000000070b100000|100%| E|CS|TAMS 0x000000070b000000, 0x000000070b000000| Complete 
| 177|0x000000070b100000, 0x000000070b200000, 0x000000070b200000|100%| E|CS|TAMS 0x000000070b100000, 0x000000070b100000| Complete 
| 178|0x000000070b200000, 0x000000070b300000, 0x000000070b300000|100%| E|CS|TAMS 0x000000070b200000, 0x000000070b200000| Complete 
| 179|0x000000070b300000, 0x000000070b400000, 0x000000070b400000|100%| E|CS|TAMS 0x000000070b300000, 0x000000070b300000| Complete 
| 180|0x000000070b400000, 0x000000070b500000, 0x000000070b500000|100%| E|CS|TAMS 0x000000070b400000, 0x000000070b400000| Complete 
| 181|0x000000070b500000, 0x000000070b600000, 0x000000070b600000|100%| E|CS|TAMS 0x000000070b500000, 0x000000070b500000| Complete 
| 182|0x000000070b600000, 0x000000070b700000, 0x000000070b700000|100%| E|CS|TAMS 0x000000070b600000, 0x000000070b600000| Complete 
| 183|0x000000070b700000, 0x000000070b800000, 0x000000070b800000|100%| E|CS|TAMS 0x000000070b700000, 0x000000070b700000| Complete 
| 184|0x000000070b800000, 0x000000070b900000, 0x000000070b900000|100%| E|CS|TAMS 0x000000070b800000, 0x000000070b800000| Complete 
| 185|0x000000070b900000, 0x000000070ba00000, 0x000000070ba00000|100%| E|CS|TAMS 0x000000070b900000, 0x000000070b900000| Complete 
| 186|0x000000070ba00000, 0x000000070bb00000, 0x000000070bb00000|100%| E|CS|TAMS 0x000000070ba00000, 0x000000070ba00000| Complete 
| 187|0x000000070bb00000, 0x000000070bc00000, 0x000000070bc00000|100%| E|CS|TAMS 0x000000070bb00000, 0x000000070bb00000| Complete 
| 188|0x000000070bc00000, 0x000000070bd00000, 0x000000070bd00000|100%| E|CS|TAMS 0x000000070bc00000, 0x000000070bc00000| Complete 
| 189|0x000000070bd00000, 0x000000070be00000, 0x000000070be00000|100%| E|CS|TAMS 0x000000070bd00000, 0x000000070bd00000| Complete 
| 190|0x000000070be00000, 0x000000070bf00000, 0x000000070bf00000|100%| E|CS|TAMS 0x000000070be00000, 0x000000070be00000| Complete 
| 191|0x000000070bf00000, 0x000000070c000000, 0x000000070c000000|100%| E|CS|TAMS 0x000000070bf00000, 0x000000070bf00000| Complete 
| 192|0x000000070c000000, 0x000000070c100000, 0x000000070c100000|100%| E|CS|TAMS 0x000000070c000000, 0x000000070c000000| Complete 
| 193|0x000000070c100000, 0x000000070c200000, 0x000000070c200000|100%| E|CS|TAMS 0x000000070c100000, 0x000000070c100000| Complete 
| 194|0x000000070c200000, 0x000000070c300000, 0x000000070c300000|100%| E|CS|TAMS 0x000000070c200000, 0x000000070c200000| Complete 
| 195|0x000000070c300000, 0x000000070c400000, 0x000000070c400000|100%| E|CS|TAMS 0x000000070c300000, 0x000000070c300000| Complete 
| 196|0x000000070c400000, 0x000000070c500000, 0x000000070c500000|100%| E|CS|TAMS 0x000000070c400000, 0x000000070c400000| Complete 
| 197|0x000000070c500000, 0x000000070c600000, 0x000000070c600000|100%| E|CS|TAMS 0x000000070c500000, 0x000000070c500000| Complete 
| 198|0x000000070c600000, 0x000000070c700000, 0x000000070c700000|100%| E|CS|TAMS 0x000000070c600000, 0x000000070c600000| Complete 
| 199|0x000000070c700000, 0x000000070c800000, 0x000000070c800000|100%| E|CS|TAMS 0x000000070c700000, 0x000000070c700000| Complete 
| 200|0x000000070c800000, 0x000000070c900000, 0x000000070c900000|100%| E|CS|TAMS 0x000000070c800000, 0x000000070c800000| Complete 
| 201|0x000000070c900000, 0x000000070ca00000, 0x000000070ca00000|100%| E|CS|TAMS 0x000000070c900000, 0x000000070c900000| Complete 
| 202|0x000000070ca00000, 0x000000070cb00000, 0x000000070cb00000|100%| E|CS|TAMS 0x000000070ca00000, 0x000000070ca00000| Complete 
| 203|0x000000070cb00000, 0x000000070cc00000, 0x000000070cc00000|100%| E|CS|TAMS 0x000000070cb00000, 0x000000070cb00000| Complete 
| 204|0x000000070cc00000, 0x000000070cd00000, 0x000000070cd00000|100%| E|CS|TAMS 0x000000070cc00000, 0x000000070cc00000| Complete 
| 205|0x000000070cd00000, 0x000000070ce00000, 0x000000070ce00000|100%| E|CS|TAMS 0x000000070cd00000, 0x000000070cd00000| Complete 
| 206|0x000000070ce00000, 0x000000070cf00000, 0x000000070cf00000|100%| E|CS|TAMS 0x000000070ce00000, 0x000000070ce00000| Complete 
| 207|0x000000070cf00000, 0x000000070d000000, 0x000000070d000000|100%| E|CS|TAMS 0x000000070cf00000, 0x000000070cf00000| Complete 
| 208|0x000000070d000000, 0x000000070d100000, 0x000000070d100000|100%| E|CS|TAMS 0x000000070d000000, 0x000000070d000000| Complete 
| 209|0x000000070d100000, 0x000000070d200000, 0x000000070d200000|100%| E|CS|TAMS 0x000000070d100000, 0x000000070d100000| Complete 
| 210|0x000000070d200000, 0x000000070d300000, 0x000000070d300000|100%| E|CS|TAMS 0x000000070d200000, 0x000000070d200000| Complete 
| 211|0x000000070d300000, 0x000000070d400000, 0x000000070d400000|100%| E|CS|TAMS 0x000000070d300000, 0x000000070d300000| Complete 
| 212|0x000000070d400000, 0x000000070d500000, 0x000000070d500000|100%| E|CS|TAMS 0x000000070d400000, 0x000000070d400000| Complete 
| 213|0x000000070d500000, 0x000000070d600000, 0x000000070d600000|100%| E|CS|TAMS 0x000000070d500000, 0x000000070d500000| Complete 
| 214|0x000000070d600000, 0x000000070d700000, 0x000000070d700000|100%| E|CS|TAMS 0x000000070d600000, 0x000000070d600000| Complete 
| 215|0x000000070d700000, 0x000000070d800000, 0x000000070d800000|100%| E|CS|TAMS 0x000000070d700000, 0x000000070d700000| Complete 
| 216|0x000000070d800000, 0x000000070d900000, 0x000000070d900000|100%| E|CS|TAMS 0x000000070d800000, 0x000000070d800000| Complete 
| 217|0x000000070d900000, 0x000000070da00000, 0x000000070da00000|100%| E|CS|TAMS 0x000000070d900000, 0x000000070d900000| Complete 
| 218|0x000000070da00000, 0x000000070db00000, 0x000000070db00000|100%| E|CS|TAMS 0x000000070da00000, 0x000000070da00000| Complete 
| 219|0x000000070db00000, 0x000000070dc00000, 0x000000070dc00000|100%| E|CS|TAMS 0x000000070db00000, 0x000000070db00000| Complete 
| 220|0x000000070dc00000, 0x000000070dd00000, 0x000000070dd00000|100%| E|CS|TAMS 0x000000070dc00000, 0x000000070dc00000| Complete 
| 221|0x000000070dd00000, 0x000000070de00000, 0x000000070de00000|100%| E|CS|TAMS 0x000000070dd00000, 0x000000070dd00000| Complete 
| 222|0x000000070de00000, 0x000000070df00000, 0x000000070df00000|100%| E|CS|TAMS 0x000000070de00000, 0x000000070de00000| Complete 
| 223|0x000000070df00000, 0x000000070e000000, 0x000000070e000000|100%| E|CS|TAMS 0x000000070df00000, 0x000000070df00000| Complete 
| 224|0x000000070e000000, 0x000000070e100000, 0x000000070e100000|100%| E|CS|TAMS 0x000000070e000000, 0x000000070e000000| Complete 
| 225|0x000000070e100000, 0x000000070e200000, 0x000000070e200000|100%| E|CS|TAMS 0x000000070e100000, 0x000000070e100000| Complete 
| 226|0x000000070e200000, 0x000000070e300000, 0x000000070e300000|100%| E|CS|TAMS 0x000000070e200000, 0x000000070e200000| Complete 
| 227|0x000000070e300000, 0x000000070e400000, 0x000000070e400000|100%| E|CS|TAMS 0x000000070e300000, 0x000000070e300000| Complete 
| 228|0x000000070e400000, 0x000000070e500000, 0x000000070e500000|100%| E|CS|TAMS 0x000000070e400000, 0x000000070e400000| Complete 
| 229|0x000000070e500000, 0x000000070e600000, 0x000000070e600000|100%| E|CS|TAMS 0x000000070e500000, 0x000000070e500000| Complete 
| 230|0x000000070e600000, 0x000000070e700000, 0x000000070e700000|100%| E|CS|TAMS 0x000000070e600000, 0x000000070e600000| Complete 
| 231|0x000000070e700000, 0x000000070e800000, 0x000000070e800000|100%| E|CS|TAMS 0x000000070e700000, 0x000000070e700000| Complete 
| 232|0x000000070e800000, 0x000000070e900000, 0x000000070e900000|100%| E|CS|TAMS 0x000000070e800000, 0x000000070e800000| Complete 
| 233|0x000000070e900000, 0x000000070ea00000, 0x000000070ea00000|100%| E|CS|TAMS 0x000000070e900000, 0x000000070e900000| Complete 
| 234|0x000000070ea00000, 0x000000070eb00000, 0x000000070eb00000|100%| E|CS|TAMS 0x000000070ea00000, 0x000000070ea00000| Complete 
| 235|0x000000070eb00000, 0x000000070ec00000, 0x000000070ec00000|100%| E|CS|TAMS 0x000000070eb00000, 0x000000070eb00000| Complete 
| 236|0x000000070ec00000, 0x000000070ed00000, 0x000000070ed00000|100%| E|CS|TAMS 0x000000070ec00000, 0x000000070ec00000| Complete 
| 237|0x000000070ed00000, 0x000000070ee00000, 0x000000070ee00000|100%| E|CS|TAMS 0x000000070ed00000, 0x000000070ed00000| Complete 
| 238|0x000000070ee00000, 0x000000070ef00000, 0x000000070ef00000|100%| E|CS|TAMS 0x000000070ee00000, 0x000000070ee00000| Complete 
| 239|0x000000070ef00000, 0x000000070f000000, 0x000000070f000000|100%| E|CS|TAMS 0x000000070ef00000, 0x000000070ef00000| Complete 
| 240|0x000000070f000000, 0x000000070f100000, 0x000000070f100000|100%| E|CS|TAMS 0x000000070f000000, 0x000000070f000000| Complete 
| 241|0x000000070f100000, 0x000000070f200000, 0x000000070f200000|100%| E|CS|TAMS 0x000000070f100000, 0x000000070f100000| Complete 
| 242|0x000000070f200000, 0x000000070f300000, 0x000000070f300000|100%| E|CS|TAMS 0x000000070f200000, 0x000000070f200000| Complete 
| 243|0x000000070f300000, 0x000000070f400000, 0x000000070f400000|100%| E|CS|TAMS 0x000000070f300000, 0x000000070f300000| Complete 
| 244|0x000000070f400000, 0x000000070f500000, 0x000000070f500000|100%| E|CS|TAMS 0x000000070f400000, 0x000000070f400000| Complete 
| 245|0x000000070f500000, 0x000000070f600000, 0x000000070f600000|100%| E|CS|TAMS 0x000000070f500000, 0x000000070f500000| Complete 
| 246|0x000000070f600000, 0x000000070f700000, 0x000000070f700000|100%| E|CS|TAMS 0x000000070f600000, 0x000000070f600000| Complete 
| 247|0x000000070f700000, 0x000000070f800000, 0x000000070f800000|100%| E|CS|TAMS 0x000000070f700000, 0x000000070f700000| Complete 
| 248|0x000000070f800000, 0x000000070f900000, 0x000000070f900000|100%| E|CS|TAMS 0x000000070f800000, 0x000000070f800000| Complete 
| 249|0x000000070f900000, 0x000000070fa00000, 0x000000070fa00000|100%| E|CS|TAMS 0x000000070f900000, 0x000000070f900000| Complete 
| 250|0x000000070fa00000, 0x000000070fb00000, 0x000000070fb00000|100%| E|CS|TAMS 0x000000070fa00000, 0x000000070fa00000| Complete 
| 251|0x000000070fb00000, 0x000000070fc00000, 0x000000070fc00000|100%| E|CS|TAMS 0x000000070fb00000, 0x000000070fb00000| Complete 
| 252|0x000000070fc00000, 0x000000070fd00000, 0x000000070fd00000|100%| E|CS|TAMS 0x000000070fc00000, 0x000000070fc00000| Complete 
| 253|0x000000070fd00000, 0x000000070fe00000, 0x000000070fe00000|100%| E|CS|TAMS 0x000000070fd00000, 0x000000070fd00000| Complete 
| 254|0x000000070fe00000, 0x000000070ff00000, 0x000000070ff00000|100%| E|CS|TAMS 0x000000070fe00000, 0x000000070fe00000| Complete 
| 255|0x000000070ff00000, 0x0000000710000000, 0x0000000710000000|100%| E|CS|TAMS 0x000000070ff00000, 0x000000070ff00000| Complete 

Card table byte_map: [0x0000000110852000,0x0000000111052000] _byte_map_base: 0x000000010d052000

Marking Bits (Prev, Next): (CMBitMap*) 0x00007ff7e303c818, (CMBitMap*) 0x00007ff7e303c850
 Prev Bits: [0x0000000131ed5000, 0x0000000135ed5000)
 Next Bits: [0x0000000135ed5000, 0x0000000139ed5000)

Polling page: 0x000000010fe1b000

Metaspace:

Usage:
  Non-class:     16.34 MB capacity,    16.12 MB ( 99%) used,   190.12 KB (  1%) free+waste,    37.62 KB ( <1%) overhead. 
      Class:      1.93 MB capacity,     1.76 MB ( 92%) used,   148.98 KB (  8%) free+waste,    17.25 KB ( <1%) overhead. 
       Both:     18.26 MB capacity,    17.88 MB ( 98%) used,   339.09 KB (  2%) free+waste,    54.88 KB ( <1%) overhead. 

Virtual space:
  Non-class space:       18.00 MB reserved,      16.50 MB ( 92%) committed 
      Class space:        1.00 GB reserved,       2.00 MB ( <1%) committed 
             Both:        1.02 GB reserved,      18.50 MB (  2%) committed 

Chunk freelists:
   Non-Class:  42.00 KB
       Class:  0 bytes
        Both:  42.00 KB

MaxMetaspaceSize: unlimited
CompressedClassSpaceSize: 1.00 GB

CodeHeap 'non-profiled nmethods': size=119172Kb used=1361Kb max_used=1361Kb free=117810Kb
 bounds [0x000000012a274000, 0x000000012a4e4000, 0x00000001316d5000]
CodeHeap 'profiled nmethods': size=119168Kb used=5913Kb max_used=5913Kb free=113255Kb
 bounds [0x0000000122e14000, 0x00000001233e4000, 0x000000012a274000]
CodeHeap 'non-nmethods': size=7420Kb used=2845Kb max_used=2895Kb free=4575Kb
 bounds [0x00000001226d5000, 0x0000000122a25000, 0x0000000122e14000]
 total_blobs=2975 nmethods=2475 adapters=409
 compilation: enabled
              stopped_count=0, restarted_count=0
 full_count=0

Compilation events (20 events):
Event: 4.060 Thread 0x00007ff7e3333000 2467       4       java.nio.CharBuffer::position (6 bytes)
Event: 4.060 Thread 0x00007ff7e3333000 nmethod 2467 0x000000012a3c7e10 code [0x000000012a3c7fa0, 0x000000012a3c8058]
Event: 4.066 Thread 0x00007ff7e5079800 2468       3       java.util.regex.ASCII::isAlpha (8 bytes)
Event: 4.066 Thread 0x00007ff7e1055800 2469       3       java.util.regex.Pattern$BitClass::add (97 bytes)
Event: 4.066 Thread 0x00007ff7e5079800 nmethod 2468 0x00000001233d3f10 code [0x00000001233d40e0, 0x00000001233d4350]
Event: 4.066 Thread 0x00007ff7e5079800 2470       3       java.util.regex.ASCII::toUpper (16 bytes)
Event: 4.066 Thread 0x00007ff7e320f800 2472       4       java.util.regex.Pattern::next (33 bytes)
Event: 4.066 Thread 0x00007ff7e6008800 2473       3       java.util.regex.Pattern::bitsOrSingle (106 bytes)
Event: 4.066 Thread 0x00007ff7e7034000 2471       3       java.util.regex.ASCII::isLower (18 bytes)
Event: 4.066 Thread 0x00007ff7e7034000 nmethod 2471 0x00000001233d4490 code [0x00000001233d4640, 0x00000001233d4790]
Event: 4.066 Thread 0x00007ff7e5079800 nmethod 2470 0x00000001233d4810 code [0x00000001233d49c0, 0x00000001233d4bb0]
Event: 4.066 Thread 0x00007ff7e6008800 nmethod 2473 0x00000001233d4c90 code [0x00000001233d4e80, 0x00000001233d5470]
Event: 4.066 Thread 0x00007ff7e1055800 nmethod 2469 0x00000001233d5590 code [0x00000001233d57e0, 0x00000001233d6110]
Event: 4.066 Thread 0x00007ff7e320f800 nmethod 2472 0x000000012a3c8190 code [0x000000012a3c8320, 0x000000012a3c83f8]
Event: 5.644 Thread 0x00007ff7e7034000 2475   !   3       java.util.concurrent.ConcurrentHashMap::replaceNode (437 bytes)
Event: 5.644 Thread 0x00007ff7e5079800 2474       3       java.lang.ref.ReferenceQueue::reallyPoll (65 bytes)
Event: 5.644 Thread 0x00007ff7e6008800 2476       3       java.util.concurrent.ConcurrentHashMap::remove (8 bytes)
Event: 5.644 Thread 0x00007ff7e6008800 nmethod 2476 0x00000001233d6490 code [0x00000001233d6640, 0x00000001233d6780]
Event: 5.644 Thread 0x00007ff7e5079800 nmethod 2474 0x00000001233d6810 code [0x00000001233d6a00, 0x00000001233d6f30]
Event: 5.646 Thread 0x00007ff7e7034000 nmethod 2475 0x00000001233d7010 code [0x00000001233d73c0, 0x00000001233d95d0]

GC Heap History (4 events):
Event: 2.976 GC heap before
{Heap before GC invocations=0 (full 0):
 garbage-first heap   total 262144K, used 23552K [0x0000000700000000, 0x0000000800000000)
  region size 1024K, 24 young (24576K), 0 survivors (0K)
 Metaspace       used 16659K, capacity 16928K, committed 17152K, reserved 1064960K
  class space    used 1659K, capacity 1765K, committed 1792K, reserved 1048576K
}
Event: 2.981 GC heap after
{Heap after GC invocations=1 (full 0):
 garbage-first heap   total 262144K, used 4264K [0x0000000700000000, 0x0000000800000000)
  region size 1024K, 3 young (3072K), 3 survivors (3072K)
 Metaspace       used 16659K, capacity 16928K, committed 17152K, reserved 1064960K
  class space    used 1659K, capacity 1765K, committed 1792K, reserved 1048576K
}
Event: 3.580 GC heap before
{Heap before GC invocations=1 (full 0):
 garbage-first heap   total 262144K, used 157864K [0x0000000700000000, 0x0000000800000000)
  region size 1024K, 153 young (156672K), 3 survivors (3072K)
 Metaspace       used 18167K, capacity 18511K, committed 18688K, reserved 1067008K
  class space    used 1806K, capacity 1973K, committed 2048K, reserved 1048576K
}
Event: 3.588 GC heap after
{Heap after GC invocations=2 (full 0):
 garbage-first heap   total 262144K, used 4925K [0x0000000700000000, 0x0000000800000000)
  region size 1024K, 4 young (4096K), 4 survivors (4096K)
 Metaspace       used 18167K, capacity 18511K, committed 18688K, reserved 1067008K
  class space    used 1806K, capacity 1973K, committed 2048K, reserved 1048576K
}

Deoptimization events (20 events):
Event: 4.065 Thread 0x00007ff7e3009000 Uncommon trap: trap_request=0xffffff4d fr.pc=0x000000012a35f26c relative=0x00000000000001cc
Event: 4.065 Thread 0x00007ff7e3009000 Uncommon trap: reason=unstable_if action=reinterpret pc=0x000000012a35f26c method=java.lang.String.indexOf(Ljava/lang/String;)I @ 8 c2
Event: 4.065 Thread 0x00007ff7e3009000 DEOPT PACKING pc=0x000000012a35f26c sp=0x00007000051e5810
Event: 4.065 Thread 0x00007ff7e3009000 DEOPT UNPACKING pc=0x00000001226fbba5 sp=0x00007000051e57d8 mode 2
Event: 4.066 Thread 0x00007ff7e3009000 Uncommon trap: trap_request=0xffffff4d fr.pc=0x000000012a386fac relative=0x000000000000020c
Event: 4.066 Thread 0x00007ff7e3009000 Uncommon trap: reason=unstable_if action=reinterpret pc=0x000000012a386fac method=java.util.regex.Pattern.RemoveQEQuoting()V @ 41 c2
Event: 4.066 Thread 0x00007ff7e3009000 DEOPT PACKING pc=0x000000012a386fac sp=0x00007000051e56c0
Event: 4.066 Thread 0x00007ff7e3009000 DEOPT UNPACKING pc=0x00000001226fbba5 sp=0x00007000051e5648 mode 2
Event: 4.066 Thread 0x00007ff7e3009000 Uncommon trap: trap_request=0xffffff4d fr.pc=0x000000012a3ae254 relative=0x0000000000000294
Event: 4.066 Thread 0x00007ff7e3009000 Uncommon trap: reason=unstable_if action=reinterpret pc=0x000000012a3ae254 method=java.util.regex.Pattern.escape(ZZZ)I @ 8 c2
Event: 4.066 Thread 0x00007ff7e3009000 DEOPT PACKING pc=0x000000012a3ae254 sp=0x00007000051e42d0
Event: 4.066 Thread 0x00007ff7e3009000 DEOPT UNPACKING pc=0x00000001226fbba5 sp=0x00007000051e4290 mode 2
Event: 4.066 Thread 0x00007ff7e3009000 Uncommon trap: trap_request=0xffffff4d fr.pc=0x000000012a38f328 relative=0x0000000000001368
Event: 4.066 Thread 0x00007ff7e3009000 Uncommon trap: reason=unstable_if action=reinterpret pc=0x000000012a38f328 method=java.util.regex.Pattern.expr(Ljava/util/regex/Pattern$Node;)Ljava/util/regex/Pattern$Node; @ 129 c2
Event: 4.066 Thread 0x00007ff7e3009000 DEOPT PACKING pc=0x000000012a38f328 sp=0x00007000051e5700
Event: 4.066 Thread 0x00007ff7e3009000 DEOPT UNPACKING pc=0x00000001226fbba5 sp=0x00007000051e5610 mode 2
Event: 5.644 Thread 0x00007ff7e3009000 Uncommon trap: trap_request=0xffffffde fr.pc=0x000000012a3478c8 relative=0x0000000000000168
Event: 5.644 Thread 0x00007ff7e3009000 Uncommon trap: reason=class_check action=maybe_recompile pc=0x000000012a3478c8 method=java.util.regex.Pattern$BmpCharProperty.match(Ljava/util/regex/Matcher;ILjava/lang/CharSequence;)Z @ 14 c2
Event: 5.644 Thread 0x00007ff7e3009000 DEOPT PACKING pc=0x000000012a3478c8 sp=0x00007000051e55f0
Event: 5.644 Thread 0x00007ff7e3009000 DEOPT UNPACKING pc=0x00000001226fbba5 sp=0x00007000051e55c0 mode 2

Classes redefined (0 events):
No events

Internal exceptions (20 events):
Event: 3.050 Thread 0x00007ff7e3009000 Exception <a 'java/lang/NoSuchMethodError'{0x000000070fcde7f0}: 'java.lang.Object java.lang.invoke.DirectMethodHandle$Holder.invokeStatic(java.lang.Object, java.lang.Object, java.lang.Object, java.lang.Object, java.lang.Object, java.lang.Object, java.lang.Object, java.lang.Object, java.lang.Object, java.lang.Object, java.lang.Object, int, int, java.lang.Object, java.lang.Object)'> (0x000000070fcde7f0) thrown at [./src/hotspot/share/interpreter/linkResolver.cpp, line 773]
Event: 3.056 Thread 0x00007ff7e3009000 Exception <a 'java/lang/NoSuchMethodError'{0x000000070fb4eaa0}: 'java.lang.Object java.lang.invoke.DirectMethodHandle$Holder.invokeStatic(java.lang.Object, java.lang.Object, java.lang.Object, java.lang.Object, java.lang.Object, java.lang.Object, java.lang.Object, java.lang.Object, java.lang.Object, java.lang.Object, java.lang.Object, java.lang.Object, java.lang.Object, java.lang.Object, java.lang.Object)'> (0x000000070fb4eaa0) thrown at [./src/hotspot/share/interpreter/linkResolver.cpp, line 773]
Event: 3.057 Thread 0x00007ff7e3009000 Exception <a 'java/lang/NoSuchMethodError'{0x000000070fb5c9c8}: 'java.lang.Object java.lang.invoke.DirectMethodHandle$Holder.invokeStatic(java.lang.Object, java.lang.Object, java.lang.Object, java.lang.Object, java.lang.Object, java.lang.Object, java.lang.Object, java.lang.Object, java.lang.Object, java.lang.Object, java.lang.Object, java.lang.Object, java.lang.Object, java.lang.Object, java.lang.Object, java.lang.Object)'> (0x000000070fb5c9c8) thrown at [./src/hotspot/share/interpreter/linkResolver.cpp, l
Event: 3.058 Thread 0x00007ff7e3009000 Exception <a 'java/lang/NoSuchMethodError'{0x000000070fb6ac70}: 'java.lang.Object java.lang.invoke.DirectMethodHandle$Holder.invokeSpecial(java.lang.Object, java.lang.Object, int, int, java.lang.Object, java.lang.Object, int, java.lang.Object)'> (0x000000070fb6ac70) thrown at [./src/hotspot/share/interpreter/linkResolver.cpp, line 773]
Event: 3.058 Thread 0x00007ff7e3009000 Exception <a 'java/lang/NoSuchMethodError'{0x000000070fb6e2b0}: 'java.lang.Object java.lang.invoke.DelegatingMethodHandle$Holder.reinvoke_L(java.lang.Object, int, int, java.lang.Object, java.lang.Object, int, java.lang.Object)'> (0x000000070fb6e2b0) thrown at [./src/hotspot/share/interpreter/linkResolver.cpp, line 773]
Event: 3.060 Thread 0x00007ff7e3009000 Exception <a 'java/lang/NoSuchMethodError'{0x000000070fb99000}: 'java.lang.Object java.lang.invoke.DirectMethodHandle$Holder.invokeStatic(java.lang.Object, java.lang.Object, java.lang.Object, java.lang.Object, java.lang.Object, java.lang.Object, java.lang.Object, java.lang.Object, int)'> (0x000000070fb99000) thrown at [./src/hotspot/share/interpreter/linkResolver.cpp, line 773]
Event: 3.061 Thread 0x00007ff7e3009000 Exception <a 'java/lang/NoSuchMethodError'{0x000000070fbb3810}: 'java.lang.Object java.lang.invoke.DirectMethodHandle$Holder.invokeStatic(java.lang.Object, java.lang.Object, java.lang.Object, java.lang.Object, java.lang.Object, java.lang.Object, java.lang.Object, java.lang.Object, int, int)'> (0x000000070fbb3810) thrown at [./src/hotspot/share/interpreter/linkResolver.cpp, line 773]
Event: 3.062 Thread 0x00007ff7e3009000 Exception <a 'java/lang/NoSuchMethodError'{0x000000070fbcefa8}: 'java.lang.Object java.lang.invoke.DirectMethodHandle$Holder.invokeStatic(java.lang.Object, java.lang.Object, java.lang.Object, java.lang.Object, java.lang.Object, java.lang.Object, java.lang.Object, java.lang.Object, int, int, java.lang.Object)'> (0x000000070fbcefa8) thrown at [./src/hotspot/share/interpreter/linkResolver.cpp, line 773]
Event: 3.063 Thread 0x00007ff7e3009000 Exception <a 'java/lang/NoSuchMethodError'{0x000000070fbeb8c8}: 'java.lang.Object java.lang.invoke.DirectMethodHandle$Holder.invokeStatic(java.lang.Object, java.lang.Object, java.lang.Object, java.lang.Object, java.lang.Object, java.lang.Object, java.lang.Object, java.lang.Object, int, int, java.lang.Object, java.lang.Object)'> (0x000000070fbeb8c8) thrown at [./src/hotspot/share/interpreter/linkResolver.cpp, line 773]
Event: 3.065 Thread 0x00007ff7e3009000 Exception <a 'java/lang/NoSuchMethodError'{0x000000070fa18670}: 'java.lang.Object java.lang.invoke.Invokers$Holder.linkToTargetMethod(java.lang.Object, java.lang.Object, int, java.lang.Object, java.lang.Object)'> (0x000000070fa18670) thrown at [./src/hotspot/share/interpreter/linkResolver.cpp, line 773]
Event: 3.094 Thread 0x00007ff7e3009000 Exception <a 'java/lang/NoSuchMethodError'{0x000000070f803a50}: 'java.lang.Object java.lang.invoke.Invokers$Holder.linkToTargetMethod(java.lang.Object, int, java.lang.Object)'> (0x000000070f803a50) thrown at [./src/hotspot/share/interpreter/linkResolver.cpp, line 773]
Event: 3.121 Thread 0x00007ff7e3009000 Exception <a 'java/lang/NoSuchMethodError'{0x000000070f537d88}: 'java.lang.Object java.lang.invoke.DirectMethodHandle$Holder.invokeSpecial(java.lang.Object, java.lang.Object, int, int, java.lang.Object, java.lang.Object, java.lang.Object)'> (0x000000070f537d88) thrown at [./src/hotspot/share/interpreter/linkResolver.cpp, line 773]
Event: 3.121 Thread 0x00007ff7e3009000 Exception <a 'java/lang/NoSuchMethodError'{0x000000070f53b318}: 'java.lang.Object java.lang.invoke.DelegatingMethodHandle$Holder.reinvoke_L(java.lang.Object, int, int, java.lang.Object, java.lang.Object, java.lang.Object)'> (0x000000070f53b318) thrown at [./src/hotspot/share/interpreter/linkResolver.cpp, line 773]
Event: 3.122 Thread 0x00007ff7e3009000 Exception <a 'java/lang/NoSuchMethodError'{0x000000070f53f048}: 'java.lang.Object java.lang.invoke.DirectMethodHandle$Holder.invokeStatic(java.lang.Object, java.lang.Object, java.lang.Object, java.lang.Object, int)'> (0x000000070f53f048) thrown at [./src/hotspot/share/interpreter/linkResolver.cpp, line 773]
Event: 3.253 Thread 0x00007ff7e3009000 Exception <a 'java/lang/NoSuchMethodError'{0x0000000708ee54e0}: 'java.lang.Object java.lang.invoke.DirectMethodHandle$Holder.invokeStatic(java.lang.Object, java.lang.Object, java.lang.Object, java.lang.Object, java.lang.Object, java.lang.Object, java.lang.Object, java.lang.Object, java.lang.Object, java.lang.Object, java.lang.Object, java.lang.Object, java.lang.Object, int)'> (0x0000000708ee54e0) thrown at [./src/hotspot/share/interpreter/linkResolver.cpp, line 773]
Event: 3.253 Thread 0x00007ff7e3009000 Exception <a 'java/lang/NoSuchMethodError'{0x0000000708ef1f78}: 'java.lang.Object java.lang.invoke.DirectMethodHandle$Holder.invokeStatic(java.lang.Object, java.lang.Object, java.lang.Object, java.lang.Object, java.lang.Object, java.lang.Object, java.lang.Object, java.lang.Object, java.lang.Object, java.lang.Object, java.lang.Object, java.lang.Object, java.lang.Object, int, int)'> (0x0000000708ef1f78) thrown at [./src/hotspot/share/interpreter/linkResolver.cpp, line 773]
Event: 3.346 Thread 0x00007ff7e3009000 Implicit null exception at 0x000000012a314164 to 0x000000012a31526d
Event: 3.346 Thread 0x00007ff7e3009000 Implicit null exception at 0x000000012a314164 to 0x000000012a31526d
Event: 3.346 Thread 0x00007ff7e3009000 Implicit null exception at 0x000000012a314164 to 0x000000012a31526d
Event: 3.346 Thread 0x00007ff7e3009000 Implicit null exception at 0x000000012a314164 to 0x000000012a31526d

Events (20 events):
Event: 3.123 loading class java/lang/invoke/BoundMethodHandle$Species_LIIL
Event: 3.123 loading class java/lang/invoke/BoundMethodHandle$Species_LIIL done
Event: 3.124 loading class java/lang/invoke/BoundMethodHandle$Species_LIILL
Event: 3.124 loading class java/lang/invoke/BoundMethodHandle$Species_LIILL done
Event: 3.125 loading class java/lang/invoke/BoundMethodHandle$Species_LIILLL
Event: 3.125 loading class java/lang/invoke/BoundMethodHandle$Species_LIILLL done
Event: 3.252 loading class java/lang/invoke/BoundMethodHandle$Species_LLLLLLLLLLI
Event: 3.252 loading class java/lang/invoke/BoundMethodHandle$Species_LLLLLLLLLLI done
Event: 3.253 loading class java/lang/invoke/BoundMethodHandle$Species_LLLLLLLLLLII
Event: 3.253 loading class java/lang/invoke/BoundMethodHandle$Species_LLLLLLLLLLII done
Event: 3.254 loading class java/lang/invoke/BoundMethodHandle$Species_LLLLLLLLLLIIL
Event: 3.254 loading class java/lang/invoke/BoundMethodHandle$Species_LLLLLLLLLLIIL done
Event: 3.580 Executing VM operation: G1CollectForAllocation
Event: 3.588 Executing VM operation: G1CollectForAllocation done
Event: 5.644 Protecting memory [0x0000700006ff0000,0x0000700006ff4000] with protection modes 3
Event: 5.644 Thread 0x00007ff7e3333000 Thread exited: 0x00007ff7e3333000
Event: 5.644 Protecting memory [0x0000700006eed000,0x0000700006ef1000] with protection modes 3
Event: 5.644 Protecting memory [0x0000700006dea000,0x0000700006dee000] with protection modes 3
Event: 5.644 Thread 0x00007ff7e7033800 Thread exited: 0x00007ff7e7033800
Event: 5.644 Thread 0x00007ff7e781a800 Thread exited: 0x00007ff7e781a800


Dynamic libraries:
0x00007fff351b4000 	/System/Library/Frameworks/Cocoa.framework/Versions/A/Cocoa
0x00007fff223d9000 	/System/Library/Frameworks/Security.framework/Versions/A/Security
0x00007fff333b1000 	/System/Library/Frameworks/ApplicationServices.framework/Versions/A/ApplicationServices
0x00007fff2a662000 	/usr/lib/libz.1.dylib
0x000000010efbe000 	/Library/Java/JavaVirtualMachines/adoptopenjdk-11.jdk/Contents/Home/lib/jli/libjli.dylib
0x00007fff2a72a000 	/usr/lib/libSystem.B.dylib
0x00007fff22e00000 	/System/Library/Frameworks/AppKit.framework/Versions/C/AppKit
0x00007fff25c98000 	/System/Library/Frameworks/CoreData.framework/Versions/A/CoreData
0x00007fff2134c000 	/System/Library/Frameworks/Foundation.framework/Versions/C/Foundation
0x00007fff23b63000 	/System/Library/PrivateFrameworks/UIFoundation.framework/Versions/A/UIFoundation
0x00007fff2fd90000 	/System/Library/PrivateFrameworks/RemoteViewServices.framework/Versions/A/RemoteViewServices
0x00007fff28b89000 	/System/Library/PrivateFrameworks/XCTTargetBootstrap.framework/Versions/A/XCTTargetBootstrap
0x00007fff2b86a000 	/usr/lib/libspindump.dylib
0x00007fff23db8000 	/System/Library/Frameworks/UniformTypeIdentifiers.framework/Versions/A/UniformTypeIdentifiers
0x00007fff2735f000 	/usr/lib/libapp_launch_measurement.dylib
0x00007fff27362000 	/System/Library/PrivateFrameworks/CoreAutoLayout.framework/Versions/A/CoreAutoLayout
0x00007fff284eb000 	/System/Library/Frameworks/Metal.framework/Versions/A/Metal
0x00007fff291db000 	/usr/lib/liblangid.dylib
0x00007fff28b8d000 	/System/Library/PrivateFrameworks/CoreSVG.framework/Versions/A/CoreSVG
0x00007fff24d9f000 	/System/Library/PrivateFrameworks/SkyLight.framework/Versions/A/SkyLight
0x00007fff25106000 	/System/Library/Frameworks/CoreGraphics.framework/Versions/A/CoreGraphics
0x00007fff303e7000 	/System/Library/Frameworks/Accelerate.framework/Versions/A/Accelerate
0x00007fff2b2a5000 	/System/Library/PrivateFrameworks/IconServices.framework/Versions/A/IconServices
0x00007fff284d0000 	/System/Library/Frameworks/IOSurface.framework/Versions/A/IOSurface
0x00007fff26621000 	/usr/lib/libDiagnosticMessagesClient.dylib
0x00007fff28b75000 	/System/Library/PrivateFrameworks/DFRFoundation.framework/Versions/A/DFRFoundation
0x00007fff2272b000 	/usr/lib/libicucore.A.dylib
0x00007fff2cdb1000 	/System/Library/Frameworks/AudioToolbox.framework/Versions/A/AudioToolbox
0x00007fff2c056000 	/System/Library/PrivateFrameworks/DataDetectorsCore.framework/Versions/A/DataDetectorsCore
0x00007fff28875000 	/System/Library/Frameworks/Carbon.framework/Versions/A/Frameworks/HIToolbox.framework/Versions/A/HIToolbox
0x00007fff26dba000 	/System/Library/Frameworks/QuartzCore.framework/Versions/A/QuartzCore
0x00007fff2fdcc000 	/System/Library/Frameworks/Carbon.framework/Versions/A/Frameworks/SpeechRecognition.framework/Versions/A/SpeechRecognition
0x00007fff270c7000 	/System/Library/PrivateFrameworks/CoreUI.framework/Versions/A/CoreUI
0x00007fff21d34000 	/System/Library/Frameworks/CoreAudio.framework/Versions/A/CoreAudio
0x00007fff2670c000 	/System/Library/Frameworks/DiskArbitration.framework/Versions/A/DiskArbitration
0x00007fff2bc65000 	/System/Library/PrivateFrameworks/MultitouchSupport.framework/Versions/A/MultitouchSupport
0x00007fff2c04d000 	/System/Library/PrivateFrameworks/InternationalSupport.framework/Versions/A/InternationalSupport
0x00007fff24d13000 	/usr/lib/libenergytrace.dylib
0x00007fff22cf9000 	/System/Library/Frameworks/IOKit.framework/Versions/A/IOKit
0x00007fff30119000 	/System/Library/Frameworks/CoreServices.framework/Versions/A/CoreServices
0x00007fff272f5000 	/System/Library/PrivateFrameworks/PerformanceAnalysis.framework/Versions/A/PerformanceAnalysis
0x00007fff6ca82000 	/System/Library/Frameworks/OpenGL.framework/Versions/A/OpenGL
0x00007fff2c0d2000 	/System/Library/PrivateFrameworks/UserActivity.framework/Versions/A/UserActivity
0x00007fff203bf000 	/usr/lib/libobjc.A.dylib
0x00007fff2579a000 	/System/Library/Frameworks/ColorSync.framework/Versions/A/ColorSync
0x00007fff2059f000 	/System/Library/Frameworks/CoreFoundation.framework/Versions/A/CoreFoundation
0x00007fff28df2000 	/System/Library/Frameworks/CoreImage.framework/Versions/A/CoreImage
0x00007fff21b4b000 	/System/Library/Frameworks/CoreText.framework/Versions/A/CoreText
0x00007fff28bb7000 	/System/Library/Frameworks/ImageIO.framework/Versions/A/ImageIO
0x00007fff2a730000 	/System/Library/PrivateFrameworks/SoftLinking.framework/Versions/A/SoftLinking
0x00007fff273ab000 	/usr/lib/libxml2.2.dylib
0x00007fff20484000 	/usr/lib/libc++.1.dylib
0x00007fff2a9a2000 	/usr/lib/libcompression.dylib
0x00007fff24d14000 	/usr/lib/libMobileGestalt.dylib
0x00007fff2bf80000 	/System/Library/PrivateFrameworks/TextureIO.framework/Versions/A/TextureIO
0x00007fff2afc8000 	/usr/lib/libate.dylib
0x00007fff2a724000 	/usr/lib/system/libcache.dylib
0x00007fff2a6e0000 	/usr/lib/system/libcommonCrypto.dylib
0x00007fff2a70a000 	/usr/lib/system/libcompiler_rt.dylib
0x00007fff2a6ff000 	/usr/lib/system/libcopyfile.dylib
0x00007fff202ad000 	/usr/lib/system/libcorecrypto.dylib
0x00007fff2037a000 	/usr/lib/system/libdispatch.dylib
0x00007fff2052e000 	/usr/lib/system/libdyld.dylib
0x00007fff2a71b000 	/usr/lib/system/libkeymgr.dylib
0x00007fff2db63000 	/usr/lib/system/liblaunch.dylib
0x00007fff2a6be000 	/usr/lib/system/libmacho.dylib
0x00007fff29ed8000 	/usr/lib/system/libquarantine.dylib
0x00007fff2a718000 	/usr/lib/system/libremovefile.dylib
0x00007fff24d70000 	/usr/lib/system/libsystem_asl.dylib
0x00007fff2025d000 	/usr/lib/system/libsystem_blocks.dylib
0x00007fff203fb000 	/usr/lib/system/libsystem_c.dylib
0x00007fff2a712000 	/usr/lib/system/libsystem_collections.dylib
0x00007fff291cc000 	/usr/lib/system/libsystem_configuration.dylib
0x00007fff284bf000 	/usr/lib/system/libsystem_containermanager.dylib
0x00007fff2a45a000 	/usr/lib/system/libsystem_coreservices.dylib
0x00007fff2298d000 	/usr/lib/system/libsystem_darwin.dylib
0x00007fff2a71c000 	/usr/lib/system/libsystem_dnssd.dylib
0x00007fff203f8000 	/usr/lib/system/libsystem_featureflags.dylib
0x00007fff20573000 	/usr/lib/system/libsystem_info.dylib
0x00007fff2a675000 	/usr/lib/system/libsystem_m.dylib
0x00007fff2034d000 	/usr/lib/system/libsystem_malloc.dylib
0x00007fff24d04000 	/usr/lib/system/libsystem_networkextension.dylib
0x00007fff22da8000 	/usr/lib/system/libsystem_notify.dylib
0x00007fff30017000 	/usr/lib/system/libsystem_product_info_filter.dylib
0x00007fff291d0000 	/usr/lib/system/libsystem_sandbox.dylib
0x00007fff2a715000 	/usr/lib/system/libsystem_secinit.dylib
0x00007fff204f3000 	/usr/lib/system/libsystem_kernel.dylib
0x00007fff20569000 	/usr/lib/system/libsystem_platform.dylib
0x00007fff20522000 	/usr/lib/system/libsystem_pthread.dylib
0x00007fff2646f000 	/usr/lib/system/libsystem_symptoms.dylib
0x00007fff20295000 	/usr/lib/system/libsystem_trace.dylib
0x00007fff2a6ec000 	/usr/lib/system/libunwind.dylib
0x00007fff2025f000 	/usr/lib/system/libxpc.dylib
0x00007fff204da000 	/usr/lib/libc++abi.dylib
0x00007fff2a6f7000 	/usr/lib/liboah.dylib
0x00007fff2adad000 	/usr/lib/liblzma.5.dylib
0x00007fff21060000 	/System/Library/Frameworks/SystemConfiguration.framework/Versions/A/SystemConfiguration
0x00007fff2a72c000 	/usr/lib/libfakelink.dylib
0x00007fff24866000 	/System/Library/Frameworks/CFNetwork.framework/Versions/A/CFNetwork
0x00007fff2a86c000 	/usr/lib/libarchive.2.dylib
0x00007fff210de000 	/usr/lib/libCRFSuite.dylib
0x00007fff29eff000 	/usr/lib/libbsm.0.dylib
0x00007fff24222000 	/usr/lib/libnetwork.dylib
0x00007fff2a731000 	/usr/lib/libpcap.A.dylib
0x00007fff26468000 	/usr/lib/libdns_services.dylib
0x00007fff2adc6000 	/usr/lib/libcoretls_cfhelpers.dylib
0x00007fff2a970000 	/usr/lib/libapple_nghttp2.dylib
0x00007fff2a6c4000 	/usr/lib/system/libkxld.dylib
0x00007fff260ce000 	/usr/lib/libsqlite3.dylib
0x00007fff2a43c000 	/System/Library/PrivateFrameworks/AppleFSCompression.framework/Versions/A/AppleFSCompression
0x00007fff29ee7000 	/usr/lib/libcoretls.dylib
0x00007fff2a99d000 	/usr/lib/libpam.2.dylib
0x00007fff2aec3000 	/usr/lib/libxar.1.dylib
0x00007fff291d7000 	/System/Library/PrivateFrameworks/AppleSystemInfo.framework/Versions/A/AppleSystemInfo
0x00007fff29b2a000 	/System/Library/PrivateFrameworks/IOMobileFramebuffer.framework/Versions/A/IOMobileFramebuffer
0x00007fff2a44c000 	/usr/lib/libbz2.1.0.dylib
0x00007fff2a769000 	/usr/lib/libiconv.2.dylib
0x00007fff2a6bd000 	/usr/lib/libcharset.1.dylib
0x00007fff27331000 	/System/Library/Frameworks/CoreServices.framework/Versions/A/Frameworks/FSEvents.framework/Versions/A/FSEvents
0x00007fff22997000 	/System/Library/Frameworks/CoreServices.framework/Versions/A/Frameworks/CarbonCore.framework/Versions/A/CarbonCore
0x00007fff26671000 	/System/Library/Frameworks/CoreServices.framework/Versions/A/Frameworks/Metadata.framework/Versions/A/Metadata
0x00007fff2a45f000 	/System/Library/Frameworks/CoreServices.framework/Versions/A/Frameworks/OSServices.framework/Versions/A/OSServices
0x00007fff2a8de000 	/System/Library/Frameworks/CoreServices.framework/Versions/A/Frameworks/SearchKit.framework/Versions/A/SearchKit
0x00007fff263f2000 	/System/Library/Frameworks/CoreServices.framework/Versions/A/Frameworks/AE.framework/Versions/A/AE
0x00007fff20a3b000 	/System/Library/Frameworks/CoreServices.framework/Versions/A/Frameworks/LaunchServices.framework/Versions/A/LaunchServices
0x00007fff2ad5e000 	/System/Library/Frameworks/CoreServices.framework/Versions/A/Frameworks/DictionaryServices.framework/Versions/A/DictionaryServices
0x00007fff2733a000 	/System/Library/Frameworks/CoreServices.framework/Versions/A/Frameworks/SharedFileList.framework/Versions/A/SharedFileList
0x00007fff29edb000 	/usr/lib/libCheckFix.dylib
0x00007fff24d87000 	/System/Library/PrivateFrameworks/TCC.framework/Versions/A/TCC
0x00007fff291dd000 	/System/Library/PrivateFrameworks/CoreNLP.framework/Versions/A/CoreNLP
0x00007fff26624000 	/System/Library/PrivateFrameworks/MetadataUtilities.framework/Versions/A/MetadataUtilities
0x00007fff21114000 	/usr/lib/libmecabra.dylib
0x00007fff2a1ee000 	/System/Library/Frameworks/MLCompute.framework/Versions/A/MLCompute
0x00007fff29f10000 	/usr/lib/libmecab.dylib
0x00007fff29f5a000 	/usr/lib/libgermantok.dylib
0x00007fff2a946000 	/usr/lib/libThaiTokenizer.dylib
0x00007fff2aefe000 	/usr/lib/libChineseTokenizer.dylib
0x00007fff2a99b000 	/System/Library/Frameworks/MetalPerformanceShaders.framework/Versions/A/MetalPerformanceShaders
0x00007fff26713000 	/System/Library/Frameworks/Accelerate.framework/Versions/A/Frameworks/vImage.framework/Versions/A/vImage
0x00007fff300f2000 	/System/Library/Frameworks/Accelerate.framework/Versions/A/Frameworks/vecLib.framework/Versions/A/vecLib
0x00007fff2af09000 	/System/Library/Frameworks/Accelerate.framework/Versions/A/Frameworks/vecLib.framework/Versions/A/libvMisc.dylib
0x00007fff29943000 	/System/Library/Frameworks/Accelerate.framework/Versions/A/Frameworks/vecLib.framework/Versions/A/libvDSP.dylib
0x00007fff20d3f000 	/System/Library/Frameworks/Accelerate.framework/Versions/A/Frameworks/vecLib.framework/Versions/A/libBLAS.dylib
0x00007fff2a9c1000 	/System/Library/Frameworks/Accelerate.framework/Versions/A/Frameworks/vecLib.framework/Versions/A/libLAPACK.dylib
0x00007fff29f60000 	/System/Library/Frameworks/Accelerate.framework/Versions/A/Frameworks/vecLib.framework/Versions/A/libLinearAlgebra.dylib
0x00007fff2a988000 	/System/Library/Frameworks/Accelerate.framework/Versions/A/Frameworks/vecLib.framework/Versions/A/libSparseBLAS.dylib
0x00007fff2a9bb000 	/System/Library/Frameworks/Accelerate.framework/Versions/A/Frameworks/vecLib.framework/Versions/A/libQuadrature.dylib
0x00007fff29285000 	/System/Library/Frameworks/Accelerate.framework/Versions/A/Frameworks/vecLib.framework/Versions/A/libBNNS.dylib
0x00007fff20ff1000 	/System/Library/Frameworks/Accelerate.framework/Versions/A/Frameworks/vecLib.framework/Versions/A/libSparse.dylib
0x00007fff29170000 	/System/Library/Frameworks/MetalPerformanceShaders.framework/Versions/A/Frameworks/MPSCore.framework/Versions/A/MPSCore
0x00007fff2a3ab000 	/System/Library/Frameworks/MetalPerformanceShaders.framework/Versions/A/Frameworks/MPSImage.framework/Versions/A/MPSImage
0x00007fff29f76000 	/System/Library/Frameworks/MetalPerformanceShaders.framework/Versions/A/Frameworks/MPSNeuralNetwork.framework/Versions/A/MPSNeuralNetwork
0x00007fff2a336000 	/System/Library/Frameworks/MetalPerformanceShaders.framework/Versions/A/Frameworks/MPSMatrix.framework/Versions/A/MPSMatrix
0x00007fff2a19e000 	/System/Library/Frameworks/MetalPerformanceShaders.framework/Versions/A/Frameworks/MPSRayIntersector.framework/Versions/A/MPSRayIntersector
0x00007fff2a36d000 	/System/Library/Frameworks/MetalPerformanceShaders.framework/Versions/A/Frameworks/MPSNDArray.framework/Versions/A/MPSNDArray
0x00007fff20c6b000 	/System/Library/PrivateFrameworks/MetalTools.framework/Versions/A/MetalTools
0x00007fff291d5000 	/System/Library/PrivateFrameworks/AggregateDictionary.framework/Versions/A/AggregateDictionary
0x00007fff265fc000 	/System/Library/PrivateFrameworks/CoreAnalytics.framework/Versions/A/CoreAnalytics
0x00007fff2a948000 	/System/Library/PrivateFrameworks/AppleSauce.framework/Versions/A/AppleSauce
0x00007fff284e2000 	/System/Library/PrivateFrameworks/IOAccelerator.framework/Versions/A/IOAccelerator
0x00007fff6ca76000 	/System/Library/Frameworks/OpenGL.framework/Versions/A/Libraries/libCoreFSCache.dylib
0x00007fff216b0000 	/System/Library/PrivateFrameworks/LanguageModeling.framework/Versions/A/LanguageModeling
0x00007fff29b17000 	/System/Library/PrivateFrameworks/CoreEmoji.framework/Versions/A/CoreEmoji
0x00007fff2927e000 	/System/Library/PrivateFrameworks/LinguisticData.framework/Versions/A/LinguisticData
0x00007fff20fa3000 	/System/Library/PrivateFrameworks/Lexicon.framework/Versions/A/Lexicon
0x00007fff2a85a000 	/usr/lib/libcmph.dylib
0x00007fff27311000 	/System/Library/Frameworks/OpenDirectory.framework/Versions/A/Frameworks/CFOpenDirectory.framework/Versions/A/CFOpenDirectory
0x00007fff27301000 	/System/Library/Frameworks/OpenDirectory.framework/Versions/A/OpenDirectory
0x00007fff2adc8000 	/System/Library/PrivateFrameworks/APFS.framework/Versions/A/APFS
0x00007fff29e3c000 	/System/Library/Frameworks/SecurityFoundation.framework/Versions/A/SecurityFoundation
0x00007fff2aed1000 	/usr/lib/libutil.dylib
0x00007fff22cbe000 	/System/Library/PrivateFrameworks/CoreServicesStore.framework/Versions/A/CoreServicesStore
0x00007fff29ed3000 	/System/Library/Frameworks/ServiceManagement.framework/Versions/A/ServiceManagement
0x00007fff2aed5000 	/usr/lib/libxslt.1.dylib
0x00007fff29ec9000 	/System/Library/PrivateFrameworks/BackgroundTaskManagement.framework/Versions/A/BackgroundTaskManagement
0x00007fff2beca000 	/System/Library/Frameworks/ImageIO.framework/Versions/A/Resources/libRadiance.dylib
0x00007fff2bed4000 	/System/Library/Frameworks/ImageIO.framework/Versions/A/Resources/libJPEG.dylib
0x00007fff2be1f000 	/System/Library/Frameworks/ImageIO.framework/Versions/A/Resources/libPng.dylib
0x00007fff2be46000 	/System/Library/Frameworks/ImageIO.framework/Versions/A/Resources/libTIFF.dylib
0x00007fff2bf29000 	/System/Library/Frameworks/ImageIO.framework/Versions/A/Resources/libGIF.dylib
0x00007fff2bb82000 	/System/Library/Frameworks/ImageIO.framework/Versions/A/Resources/libJP2.dylib
0x00007fff2b26c000 	/usr/lib/libexpat.1.dylib
0x00007fff2bb37000 	/System/Library/PrivateFrameworks/AppleJPEG.framework/Versions/A/AppleJPEG
0x00007fff28718000 	/System/Library/PrivateFrameworks/FontServices.framework/libFontParser.dylib
0x00007fff263a6000 	/System/Library/PrivateFrameworks/RunningBoardServices.framework/Versions/A/RunningBoardServices
0x00007fff2bc61000 	/System/Library/PrivateFrameworks/WatchdogClient.framework/Versions/A/WatchdogClient
0x00007fff2179d000 	/System/Library/Frameworks/CoreDisplay.framework/Versions/A/CoreDisplay
0x00007fff2862e000 	/System/Library/Frameworks/CoreMedia.framework/Versions/A/CoreMedia
0x00007fff2748e000 	/System/Library/Frameworks/CoreVideo.framework/Versions/A/CoreVideo
0x00007fff2bc99000 	/System/Library/Frameworks/VideoToolbox.framework/Versions/A/VideoToolbox
0x00007fff26324000 	/System/Library/PrivateFrameworks/BaseBoard.framework/Versions/A/BaseBoard
0x00007fff2b3b1000 	/System/Library/PrivateFrameworks/PersistentConnection.framework/Versions/A/PersistentConnection
0x00007fff260b7000 	/System/Library/PrivateFrameworks/ProtocolBuffer.framework/Versions/A/ProtocolBuffer
0x00007fff2630b000 	/System/Library/PrivateFrameworks/CommonUtilities.framework/Versions/A/CommonUtilities
0x00007fff2bacc000 	/System/Library/PrivateFrameworks/Bom.framework/Versions/A/Bom
0x00007fff2bec3000 	/System/Library/PrivateFrameworks/GPUWrangler.framework/Versions/A/GPUWrangler
0x00007fff2bea6000 	/System/Library/PrivateFrameworks/IOPresentment.framework/Versions/A/IOPresentment
0x00007fff2bece000 	/System/Library/PrivateFrameworks/DSExternalDisplay.framework/Versions/A/DSExternalDisplay
0x00007fff2bf2e000 	/System/Library/PrivateFrameworks/CMCaptureCore.framework/Versions/A/CMCaptureCore
0x00007fff2b851000 	/System/Library/PrivateFrameworks/AppServerSupport.framework/Versions/A/AppServerSupport
0x00007fff2d902000 	/System/Library/PrivateFrameworks/perfdata.framework/Versions/A/perfdata
0x00007fff29e2b000 	/System/Library/PrivateFrameworks/AssertionServices.framework/Versions/A/AssertionServices
0x00007fff218d4000 	/System/Library/PrivateFrameworks/AudioToolboxCore.framework/Versions/A/AudioToolboxCore
0x00007fff28611000 	/System/Library/PrivateFrameworks/caulk.framework/Versions/A/caulk
0x00007fff3d5ad000 	/System/Library/PrivateFrameworks/SystemPolicy.framework/Versions/A/SystemPolicy
0x00007fff2b061000 	/usr/lib/libIOReport.dylib
0x00007fff2d124000 	/usr/lib/libSMC.dylib
0x00007fff2bdec000 	/usr/lib/libAudioToolboxUtility.dylib
0x00007fff3df17000 	/usr/lib/libmis.dylib
0x00007fff6cad2000 	/System/Library/Frameworks/OpenGL.framework/Versions/A/Libraries/libGLU.dylib
0x00007fff6ca95000 	/System/Library/Frameworks/OpenGL.framework/Versions/A/Libraries/libGFXShared.dylib
0x00007fff6cca4000 	/System/Library/Frameworks/OpenGL.framework/Versions/A/Libraries/libGL.dylib
0x00007fff6ca9e000 	/System/Library/Frameworks/OpenGL.framework/Versions/A/Libraries/libGLImage.dylib
0x00007fff6ca92000 	/System/Library/Frameworks/OpenGL.framework/Versions/A/Libraries/libCVMSPluginSupport.dylib
0x00007fff6ca7d000 	/System/Library/Frameworks/OpenGL.framework/Versions/A/Libraries/libCoreVMClient.dylib
0x00007fff6e0e5000 	/System/Library/Frameworks/OpenCL.framework/Versions/A/OpenCL
0x00007fff2b3db000 	/System/Library/PrivateFrameworks/GraphVisualizer.framework/Versions/A/GraphVisualizer
0x00007fff2b3ea000 	/System/Library/PrivateFrameworks/FaceCore.framework/Versions/A/FaceCore
0x00007fff2b806000 	/System/Library/PrivateFrameworks/OTSVG.framework/Versions/A/OTSVG
0x00007fff27085000 	/System/Library/Frameworks/ApplicationServices.framework/Versions/A/Frameworks/ATS.framework/Versions/A/Resources/libFontRegistry.dylib
0x00007fff2b858000 	/System/Library/PrivateFrameworks/FontServices.framework/libhvf.dylib
0x00007fff2b218000 	/System/Library/PrivateFrameworks/AppleVA.framework/Versions/A/AppleVA
0x00007fff2cf6d000 	/System/Library/Frameworks/ApplicationServices.framework/Versions/A/Frameworks/ATS.framework/Versions/A/ATS
0x00007fff2d27f000 	/System/Library/Frameworks/ApplicationServices.framework/Versions/A/Frameworks/ColorSyncLegacy.framework/Versions/A/ColorSyncLegacy
0x00007fff25891000 	/System/Library/Frameworks/ApplicationServices.framework/Versions/A/Frameworks/HIServices.framework/Versions/A/HIServices
0x00007fff2d264000 	/System/Library/Frameworks/ApplicationServices.framework/Versions/A/Frameworks/LangAnalysis.framework/Versions/A/LangAnalysis
0x00007fff2bf38000 	/System/Library/Frameworks/ApplicationServices.framework/Versions/A/Frameworks/PrintCore.framework/Versions/A/PrintCore
0x00007fff2d287000 	/System/Library/Frameworks/ApplicationServices.framework/Versions/A/Frameworks/QD.framework/Versions/A/QD
0x00007fff2cf5d000 	/System/Library/Frameworks/ApplicationServices.framework/Versions/A/Frameworks/SpeechSynthesis.framework/Versions/A/SpeechSynthesis
0x00007fff2bef9000 	/System/Library/Frameworks/ApplicationServices.framework/Versions/A/Frameworks/ATSUI.framework/Versions/A/ATSUI
0x00007fff2d204000 	/usr/lib/libcups.2.dylib
0x00007fff2d274000 	/System/Library/PrivateFrameworks/NetAuth.framework/Versions/A/NetAuth
0x00007fff2d91e000 	/System/Library/Frameworks/Kerberos.framework/Versions/A/Kerberos
0x00007fff2d92e000 	/System/Library/Frameworks/GSS.framework/Versions/A/GSS
0x00007fff2cfd9000 	/usr/lib/libresolv.9.dylib
0x00007fff2b86d000 	/System/Library/PrivateFrameworks/Heimdal.framework/Versions/A/Heimdal
0x00007fff336b2000 	/System/Library/Frameworks/Kerberos.framework/Versions/A/Libraries/libHeimdalProxy.dylib
0x00007fff26477000 	/System/Library/Frameworks/Network.framework/Versions/A/Network
0x00007fff2b286000 	/usr/lib/libheimdal-asn1.dylib
0x00007fff2d97e000 	/System/Library/PrivateFrameworks/CommonAuth.framework/Versions/A/CommonAuth
0x00007fff274db000 	/System/Library/PrivateFrameworks/login.framework/Versions/A/Frameworks/loginsupport.framework/Versions/A/loginsupport
0x00007fff2cee2000 	/System/Library/PrivateFrameworks/AudioSession.framework/Versions/A/AudioSession
0x00007fff2cf4a000 	/usr/lib/libAudioStatistics.dylib
0x00007fff2b313000 	/System/Library/PrivateFrameworks/MediaExperience.framework/Versions/A/MediaExperience
0x00007fff2cd7f000 	/System/Library/PrivateFrameworks/AudioSession.framework/libSessionUtility.dylib
0x00007fff2d90f000 	/usr/lib/libperfcheck.dylib
0x00007fff2d293000 	/System/Library/PrivateFrameworks/AudioResourceArbitration.framework/Versions/A/AudioResourceArbitration
0x00007fff2b290000 	/System/Library/PrivateFrameworks/IconFoundation.framework/Versions/A/IconFoundation
0x00007fff2fdbc000 	/System/Library/PrivateFrameworks/SpeechRecognitionCore.framework/Versions/A/SpeechRecognitionCore
0x000000010eff6000 	/Library/Java/JavaVirtualMachines/adoptopenjdk-11.jdk/Contents/Home/lib/server/libjvm.dylib
0x000000010fdd1000 	/Library/Java/JavaVirtualMachines/adoptopenjdk-11.jdk/Contents/Home/lib/libverify.dylib
0x000000010fde2000 	/Library/Java/JavaVirtualMachines/adoptopenjdk-11.jdk/Contents/Home/lib/libjava.dylib
0x000000010fe0f000 	/Library/Java/JavaVirtualMachines/adoptopenjdk-11.jdk/Contents/Home/lib/libjimage.dylib
0x000000010fe65000 	/Library/Java/JavaVirtualMachines/adoptopenjdk-11.jdk/Contents/Home/lib/libzip.dylib
0x000000011120c000 	/Library/Java/JavaVirtualMachines/adoptopenjdk-11.jdk/Contents/Home/lib/libnio.dylib
0x000000011121f000 	/Library/Java/JavaVirtualMachines/adoptopenjdk-11.jdk/Contents/Home/lib/libnet.dylib
0x000000013e2b2000 	/private/var/folders/zh/ycxy1lsx5sx0g_2n4l8hfvph0000gn/T/librocksdbjni7901110716914790491.jnilib
0x0000000111438000 	/Library/Java/JavaVirtualMachines/adoptopenjdk-11.jdk/Contents/Home/lib/libsunec.dylib
0x0000000111661000 	/Library/Java/JavaVirtualMachines/adoptopenjdk-11.jdk/Contents/Home/lib/libextnet.dylib


VM Arguments:
java_command: mypackage/Crawler
java_class_path (initial): bin:./lib/rocksdbjni-6.18.0-osx.jar:./lib/jsoup-1.13.1.jar
Launcher Type: SUN_STANDARD

[Global flags]
     intx CICompilerCount                          = 12                                        {product} {ergonomic}
     uint ConcGCThreads                            = 3                                         {product} {ergonomic}
     uint G1ConcRefinementThreads                  = 13                                        {product} {ergonomic}
   size_t G1HeapRegionSize                         = 1048576                                   {product} {ergonomic}
    uintx GCDrainStackTargetSize                   = 64                                        {product} {ergonomic}
   size_t InitialHeapSize                          = 268435456                                 {product} {ergonomic}
   size_t MarkStackSize                            = 4194304                                   {product} {ergonomic}
   size_t MaxHeapSize                              = 4294967296                                {product} {ergonomic}
   size_t MaxNewSize                               = 2576351232                                {product} {ergonomic}
   size_t MinHeapDeltaBytes                        = 1048576                                   {product} {ergonomic}
    uintx NonNMethodCodeHeapSize                   = 7594288                                {pd product} {ergonomic}
    uintx NonProfiledCodeHeapSize                  = 122031976                              {pd product} {ergonomic}
    uintx ProfiledCodeHeapSize                     = 122031976                              {pd product} {ergonomic}
    uintx ReservedCodeCacheSize                    = 251658240                              {pd product} {ergonomic}
     bool SegmentedCodeCache                       = true                                      {product} {ergonomic}
     bool UseCompressedClassPointers               = true                                 {lp64_product} {ergonomic}
     bool UseCompressedOops                        = true                                 {lp64_product} {ergonomic}
     bool UseG1GC                                  = true                                      {product} {ergonomic}

Logging:
Log output configuration:
 #0: stdout all=warning uptime,level,tags
 #1: stderr all=off uptime,level,tags

Environment Variables:
PATH=/Users/anthonykwok/opt/anaconda3/bin:/Users/anthonykwok/opt/anaconda3/condabin:/Library/Frameworks/Python.framework/Versions/3.8/bin:/usr/local/bin:/usr/bin:/bin:/usr/sbin:/sbin:/Library/Apple/usr/bin:/Users/anthonykwok/.cargo/bin:/Users/anthonykwok/Documents/Dev/flutter/bin
SHELL=/bin/zsh
LC_CTYPE=UTF-8

Signal Handlers:
SIGSEGV: [libjvm.dylib+0x7b893a], sa_mask[0]=11111111011111110111111111111111, sa_flags=SA_ONSTACK|SA_RESTART|SA_SIGINFO
SIGBUS: [libjvm.dylib+0x7b893a], sa_mask[0]=11111111011111110111111111111111, sa_flags=SA_RESTART|SA_SIGINFO
SIGFPE: [libjvm.dylib+0x7b893a], sa_mask[0]=11111111011111110111111111111111, sa_flags=SA_RESTART|SA_SIGINFO
SIGPIPE: [libjvm.dylib+0x61e7db], sa_mask[0]=11111111011111110111111111111111, sa_flags=SA_RESTART|SA_SIGINFO
SIGXFSZ: [libjvm.dylib+0x61e7db], sa_mask[0]=11111111011111110111111111111111, sa_flags=SA_RESTART|SA_SIGINFO
SIGILL: [libjvm.dylib+0x7b893a], sa_mask[0]=11111111011111110111111111111111, sa_flags=SA_RESTART|SA_SIGINFO
SIGUSR2: [libjvm.dylib+0x61edc3], sa_mask[0]=00000000000000000000000000000000, sa_flags=SA_RESTART|SA_SIGINFO
SIGHUP: [libjvm.dylib+0x61d909], sa_mask[0]=11111111011111110111111111111111, sa_flags=SA_RESTART|SA_SIGINFO
SIGINT: [libjvm.dylib+0x61d909], sa_mask[0]=11111111011111110111111111111111, sa_flags=SA_RESTART|SA_SIGINFO
SIGTERM: [libjvm.dylib+0x61d909], sa_mask[0]=11111111011111110111111111111111, sa_flags=SA_RESTART|SA_SIGINFO
SIGQUIT: [libjvm.dylib+0x61d909], sa_mask[0]=11111111011111110111111111111111, sa_flags=SA_RESTART|SA_SIGINFO


---------------  S Y S T E M  ---------------

OS:uname:Darwin 20.3.0 Darwin Kernel Version 20.3.0: Thu Jan 21 00:07:06 PST 2021; root:xnu-7195.81.3~1/RELEASE_X86_64 x86_64
OS uptime: 14 days 0:07 hours
rlimit (soft/hard): STACK 8192k/65532k , CORE 0k/infinity , NPROC 2784/4176 , NOFILE 10240/infinity , AS infinity/infinity , CPU infinity/infinity , DATA infinity/infinity , FSIZE infinity/infinity , MEMLOCK infinity/infinity , RSS infinity/infinity
load average:9.55 10.62 10.91

CPU:total 16 (initial active 16) (8 cores per cpu, 2 threads per core) family 6 model 165 stepping 5 microcode 0xe0, cmov, cx8, fxsr, mmx, sse, sse2, sse3, ssse3, sse4.1, sse4.2, popcnt, avx, avx2, aes, clmul, erms, 3dnowpref, lzcnt, ht, tsc, tscinvbit, bmi1, bmi2, adx, fma

Memory: 4k page, physical 16777216k(617348k free), swap 10485760k(1447680k free)

vm_info: OpenJDK 64-Bit Server VM (11.0.10+9) for bsd-amd64 JRE (11.0.10+9), built on Jan 20 2021 11:55:30 by "jenkins" with gcc 4.2.1 Compatible Apple LLVM 10.0.1 (clang-1001.0.46.4)

END.
